[  0%] Built target niryo_robot_msgs__rosidl_generator_type_description
[  0%] Built target ament_cmake_python_copy_niryo_robot_msgs
[  0%] Built target niryo_robot_msgs__cpp
[ 28%] Built target niryo_robot_msgs__rosidl_generator_c
[ 38%] Built target niryo_robot_msgs__rosidl_typesupport_fastrtps_c
[ 48%] Built target niryo_robot_msgs__rosidl_typesupport_fastrtps_cpp
[ 58%] Built target niryo_robot_msgs__rosidl_typesupport_cpp
[ 67%] Built target niryo_robot_msgs__rosidl_typesupport_introspection_c
[ 77%] Built target niryo_robot_msgs__rosidl_typesupport_introspection_cpp
[ 87%] Built target niryo_robot_msgs__rosidl_typesupport_c
[ 87%] Built target niryo_robot_msgs
[ 87%] Built target niryo_robot_msgs__py
running egg_info
writing niryo_robot_msgs.egg-info/PKG-INFO
writing dependency_links to niryo_robot_msgs.egg-info/dependency_links.txt
writing top-level names to niryo_robot_msgs.egg-info/top_level.txt
[ 97%] Built target niryo_robot_msgs__rosidl_generator_py
reading manifest file 'niryo_robot_msgs.egg-info/SOURCES.txt'
writing manifest file 'niryo_robot_msgs.egg-info/SOURCES.txt'
[ 98%] Built target niryo_robot_msgs_s__rosidl_typesupport_introspection_c
[ 98%] Built target ament_cmake_python_build_niryo_robot_msgs_egg
[ 99%] Built target niryo_robot_msgs_s__rosidl_typesupport_c
[100%] Built target niryo_robot_msgs_s__rosidl_typesupport_fastrtps_c
