[0.073s] Invoking command in '/home/leah/ros2_jazzy_ned2/build/serial': DEBUGINFOD_URLS=https://debuginfod.ubuntu.com /usr/bin/cmake --build /home/leah/ros2_jazzy_ned2/build/serial -- -j4 -l4
[0.183s] [ 33%] Built target serial
[0.189s] [ 50%] Built target gtest_main
[0.200s] [ 66%] Built target gtest
[0.249s] [ 83%] Built target serial-test
[0.255s] [100%] Built target serial-test-timer
[0.273s] Invoked command in '/home/leah/ros2_jazzy_ned2/build/serial' returned '0': DEBUGINFOD_URLS=https://debuginfod.ubuntu.com /usr/bin/cmake --build /home/leah/ros2_jazzy_ned2/build/serial -- -j4 -l4
[0.466s] Invoking command in '/home/leah/ros2_jazzy_ned2/build/serial': DEBUGINFOD_URLS=https://debuginfod.ubuntu.com /usr/bin/cmake --install /home/leah/ros2_jazzy_ned2/build/serial
[0.489s] -- Install configuration: ""
[0.490s] -- Up-to-date: /home/leah/ros2_jazzy_ned2/install/serial/lib/libserial.a
[0.490s] -- Up-to-date: /home/leah/ros2_jazzy_ned2/install/serial/include/serial
[0.490s] -- Up-to-date: /home/leah/ros2_jazzy_ned2/install/serial/include/serial/v8stdint.h
[0.490s] -- Up-to-date: /home/leah/ros2_jazzy_ned2/install/serial/include/serial/impl
[0.492s] -- Up-to-date: /home/leah/ros2_jazzy_ned2/install/serial/include/serial/impl/unix.h
[0.492s] -- Up-to-date: /home/leah/ros2_jazzy_ned2/install/serial/include/serial/impl/win.h
[0.492s] -- Up-to-date: /home/leah/ros2_jazzy_ned2/install/serial/include/serial/serial.h
[0.492s] -- Up-to-date: /home/leah/ros2_jazzy_ned2/install/serial/share/ament_index/resource_index/package_run_dependencies/serial
[0.492s] -- Up-to-date: /home/leah/ros2_jazzy_ned2/install/serial/share/ament_index/resource_index/parent_prefix_path/serial
[0.492s] -- Up-to-date: /home/leah/ros2_jazzy_ned2/install/serial/share/serial/environment/ament_prefix_path.dsv
[0.492s] -- Up-to-date: /home/leah/ros2_jazzy_ned2/install/serial/share/serial/environment/path.dsv
[0.492s] -- Up-to-date: /home/leah/ros2_jazzy_ned2/install/serial/share/serial/local_setup.bash
[0.492s] -- Up-to-date: /home/leah/ros2_jazzy_ned2/install/serial/share/serial/local_setup.sh
[0.492s] -- Up-to-date: /home/leah/ros2_jazzy_ned2/install/serial/share/serial/local_setup.zsh
[0.492s] -- Up-to-date: /home/leah/ros2_jazzy_ned2/install/serial/share/serial/local_setup.dsv
[0.493s] -- Installing: /home/leah/ros2_jazzy_ned2/install/serial/share/serial/package.dsv
[0.493s] -- Up-to-date: /home/leah/ros2_jazzy_ned2/install/serial/share/ament_index/resource_index/packages/serial
[0.493s] -- Up-to-date: /home/leah/ros2_jazzy_ned2/install/serial/share/serial/cmake/serialConfig.cmake
[0.493s] -- Up-to-date: /home/leah/ros2_jazzy_ned2/install/serial/share/serial/cmake/serialConfig-version.cmake
[0.493s] -- Up-to-date: /home/leah/ros2_jazzy_ned2/install/serial/share/serial/package.xml
[0.494s] Invoked command in '/home/leah/ros2_jazzy_ned2/build/serial' returned '0': DEBUGINFOD_URLS=https://debuginfod.ubuntu.com /usr/bin/cmake --install /home/leah/ros2_jazzy_ned2/build/serial
