[0.017s] Invoking command in '/home/leah/ros2_jazzy_ned2/build/can_debug_tools': CMAKE_PREFIX_PATH=/home/leah/ros2_jazzy_ned2/install/mcp_can_rpi:${CMAKE_PREFIX_PATH} DEBUGINFOD_URLS=https://debuginfod.ubuntu.com PKG_CONFIG_PATH=/home/leah/ros2_jazzy_ned2/install/mcp_can_rpi/lib/x86_64-linux-gnu/pkgconfig:/home/leah/ros2_jazzy_ned2/install/mcp_can_rpi/lib/pkgconfig:${PKG_CONFIG_PATH} ROS_PACKAGE_PATH=/home/leah/ros2_jazzy_ned2/install/mcp_can_rpi/share /usr/bin/cmake /home/leah/ros2_jazzy_ned2/src/ned_ros/niryo_robot_hardware_stack/can_debug_tools -DCATKIN_INSTALL_INTO_PREFIX_ROOT=0 -DCATKIN_SYMLINK_INSTALL=ON -DCMAKE_INSTALL_PREFIX=/home/leah/ros2_jazzy_ned2/install/can_debug_tools
[0.040s] [0mCMake Deprecation Warning at CMakeLists.txt:1 (cmake_minimum_required):
[0.040s]   Compatibility with CMake < 3.5 will be removed from a future version of
[0.040s]   CMake.
[0.040s] 
[0.040s]   Update the VERSION argument <min> value or use a ...<max> suffix to tell
[0.040s]   CMake that the project does not need compatibility with older versions.
[0.040s] 
[0.040s] [0m
[0.040s] -- 
[0.040s] ## Reading can_debug_tools/CMakeLists.txt...
[0.083s] [31mCMake Error at CMakeLists.txt:32 (find_package):
[0.084s]   By not providing "Findcatkin.cmake" in CMAKE_MODULE_PATH this project has
[0.084s]   asked CMake to find a package configuration file provided by "catkin", but
[0.084s]   CMake did not find one.
[0.084s] 
[0.084s]   Could not find a package configuration file provided by "catkin" with any
[0.084s]   of the following names:
[0.084s] 
[0.084s]     catkinConfig.cmake
[0.084s]     catkin-config.cmake
[0.084s] 
[0.084s]   Add the installation prefix of "catkin" to CMAKE_PREFIX_PATH or set
[0.084s]   "catkin_DIR" to a directory containing one of the above files.  If "catkin"
[0.084s]   provides a separate development package or SDK, be sure it has been
[0.084s]   installed.
[0.084s] 
[0.084s] [0m
[0.084s] -- Configuring incomplete, errors occurred!
[0.086s] Invoked command in '/home/leah/ros2_jazzy_ned2/build/can_debug_tools' returned '1': CMAKE_PREFIX_PATH=/home/leah/ros2_jazzy_ned2/install/mcp_can_rpi:${CMAKE_PREFIX_PATH} DEBUGINFOD_URLS=https://debuginfod.ubuntu.com PKG_CONFIG_PATH=/home/leah/ros2_jazzy_ned2/install/mcp_can_rpi/lib/x86_64-linux-gnu/pkgconfig:/home/leah/ros2_jazzy_ned2/install/mcp_can_rpi/lib/pkgconfig:${PKG_CONFIG_PATH} ROS_PACKAGE_PATH=/home/leah/ros2_jazzy_ned2/install/mcp_can_rpi/share /usr/bin/cmake /home/leah/ros2_jazzy_ned2/src/ned_ros/niryo_robot_hardware_stack/can_debug_tools -DCATKIN_INSTALL_INTO_PREFIX_ROOT=0 -DCATKIN_SYMLINK_INSTALL=ON -DCMAKE_INSTALL_PREFIX=/home/leah/ros2_jazzy_ned2/install/can_debug_tools
