[0.091s] Invoking command in '/home/leah/ros2_jazzy_ned2/build/niryo_robot_msgs': DEBUGINFOD_URLS=https://debuginfod.ubuntu.com /usr/bin/cmake --build /home/leah/ros2_jazzy_ned2/build/niryo_robot_msgs -- -j4 -l4
[0.249s] [  0%] Built target niryo_robot_msgs__rosidl_generator_type_description
[0.263s] [  0%] Built target ament_cmake_python_copy_niryo_robot_msgs
[0.311s] [  0%] Built target niryo_robot_msgs__cpp
[0.331s] [ 28%] Built target niryo_robot_msgs__rosidl_generator_c
[0.421s] [ 38%] Built target niryo_robot_msgs__rosidl_typesupport_fastrtps_c
[0.445s] [ 48%] Built target niryo_robot_msgs__rosidl_typesupport_fastrtps_cpp
[0.464s] [ 58%] Built target niryo_robot_msgs__rosidl_typesupport_cpp
[0.486s] [ 67%] Built target niryo_robot_msgs__rosidl_typesupport_introspection_c
[0.508s] [ 77%] Built target niryo_robot_msgs__rosidl_typesupport_c
[0.536s] [ 87%] Built target niryo_robot_msgs__rosidl_typesupport_introspection_cpp
[0.575s] [ 87%] Built target niryo_robot_msgs
[0.620s] [ 87%] Built target niryo_robot_msgs__py
[0.636s] running egg_info
[0.656s] writing niryo_robot_msgs.egg-info/PKG-INFO
[0.657s] writing dependency_links to niryo_robot_msgs.egg-info/dependency_links.txt
[0.657s] writing top-level names to niryo_robot_msgs.egg-info/top_level.txt
[0.679s] [ 97%] Built target niryo_robot_msgs__rosidl_generator_py
[0.735s] reading manifest file 'niryo_robot_msgs.egg-info/SOURCES.txt'
[0.735s] writing manifest file 'niryo_robot_msgs.egg-info/SOURCES.txt'
[0.745s] [ 98%] Built target niryo_robot_msgs_s__rosidl_typesupport_introspection_c
[0.768s] [ 99%] Built target niryo_robot_msgs_s__rosidl_typesupport_fastrtps_c
[0.774s] [100%] Built target niryo_robot_msgs_s__rosidl_typesupport_c
[0.780s] [100%] Built target ament_cmake_python_build_niryo_robot_msgs_egg
[0.801s] Invoked command in '/home/leah/ros2_jazzy_ned2/build/niryo_robot_msgs' returned '0': DEBUGINFOD_URLS=https://debuginfod.ubuntu.com /usr/bin/cmake --build /home/leah/ros2_jazzy_ned2/build/niryo_robot_msgs -- -j4 -l4
