[0.055s] Invoking command in '/home/leah/ros2_jazzy_ned2/build/niryo_robot_description': DEBUGINFOD_URLS=https://debuginfod.ubuntu.com /usr/bin/cmake --build /home/leah/ros2_jazzy_ned2/build/niryo_robot_description -- -j4 -l4
[0.121s] Invoked command in '/home/leah/ros2_jazzy_ned2/build/niryo_robot_description' returned '0': DEBUGINFOD_URLS=https://debuginfod.ubuntu.com /usr/bin/cmake --build /home/leah/ros2_jazzy_ned2/build/niryo_robot_description -- -j4 -l4
[0.380s] Invoking command in '/home/leah/ros2_jazzy_ned2/build/niryo_robot_description': DEBUGINFOD_URLS=https://debuginfod.ubuntu.com /usr/bin/cmake --install /home/leah/ros2_jazzy_ned2/build/niryo_robot_description
[0.396s] -- Install configuration: ""
[0.396s] -- Installing: /home/leah/ros2_jazzy_ned2/install/niryo_robot_description/share/niryo_robot_description/config
[0.396s] -- Installing: /home/leah/ros2_jazzy_ned2/install/niryo_robot_description/share/niryo_robot_description/config/default_config.rviz
[0.397s] -- Installing: /home/leah/ros2_jazzy_ned2/install/niryo_robot_description/share/niryo_robot_description/launch
[0.397s] -- Installing: /home/leah/ros2_jazzy_ned2/install/niryo_robot_description/share/niryo_robot_description/launch/without_mesh_display.launch
[0.397s] -- Installing: /home/leah/ros2_jazzy_ned2/install/niryo_robot_description/share/niryo_robot_description/launch/display.launch
[0.398s] -- Installing: /home/leah/ros2_jazzy_ned2/install/niryo_robot_description/share/niryo_robot_description/meshes
[0.398s] -- Installing: /home/leah/ros2_jazzy_ned2/install/niryo_robot_description/share/niryo_robot_description/meshes/ned2
[0.398s] -- Installing: /home/leah/ros2_jazzy_ned2/install/niryo_robot_description/share/niryo_robot_description/meshes/ned2/collada
[0.398s] -- Installing: /home/leah/ros2_jazzy_ned2/install/niryo_robot_description/share/niryo_robot_description/meshes/ned2/collada/arm_link.dae
[0.415s] -- Installing: /home/leah/ros2_jazzy_ned2/install/niryo_robot_description/share/niryo_robot_description/meshes/ned2/collada/wrist_link.dae
[0.415s] -- Installing: /home/leah/ros2_jazzy_ned2/install/niryo_robot_description/share/niryo_robot_description/meshes/ned2/collada/elbow_link.dae
[0.415s] -- Installing: /home/leah/ros2_jazzy_ned2/install/niryo_robot_description/share/niryo_robot_description/meshes/ned2/collada/base_link.dae
[0.415s] -- Installing: /home/leah/ros2_jazzy_ned2/install/niryo_robot_description/share/niryo_robot_description/meshes/ned2/collada/hand_link.dae
[0.415s] -- Installing: /home/leah/ros2_jazzy_ned2/install/niryo_robot_description/share/niryo_robot_description/meshes/ned2/collada/forearm_link.dae
[0.415s] -- Installing: /home/leah/ros2_jazzy_ned2/install/niryo_robot_description/share/niryo_robot_description/meshes/ned2/collada/shoulder_link.dae
[0.415s] -- Installing: /home/leah/ros2_jazzy_ned2/install/niryo_robot_description/share/niryo_robot_description/meshes/ned2/stl
[0.415s] -- Installing: /home/leah/ros2_jazzy_ned2/install/niryo_robot_description/share/niryo_robot_description/meshes/ned2/stl/forearm_link.stl
[0.415s] -- Installing: /home/leah/ros2_jazzy_ned2/install/niryo_robot_description/share/niryo_robot_description/meshes/ned2/stl/shoulder_link.stl
[0.415s] -- Installing: /home/leah/ros2_jazzy_ned2/install/niryo_robot_description/share/niryo_robot_description/meshes/ned2/stl/wrist_link.stl
[0.415s] -- Installing: /home/leah/ros2_jazzy_ned2/install/niryo_robot_description/share/niryo_robot_description/meshes/ned2/stl/arm_link.stl
[0.415s] -- Installing: /home/leah/ros2_jazzy_ned2/install/niryo_robot_description/share/niryo_robot_description/meshes/ned2/stl/hand_link.stl
[0.415s] -- Installing: /home/leah/ros2_jazzy_ned2/install/niryo_robot_description/share/niryo_robot_description/meshes/ned2/stl/elbow_link.stl
[0.415s] -- Installing: /home/leah/ros2_jazzy_ned2/install/niryo_robot_description/share/niryo_robot_description/meshes/ned2/stl/base_link.stl
[0.415s] -- Installing: /home/leah/ros2_jazzy_ned2/install/niryo_robot_description/share/niryo_robot_description/meshes/led_ring
[0.415s] -- Installing: /home/leah/ros2_jazzy_ned2/install/niryo_robot_description/share/niryo_robot_description/meshes/led_ring/led.dae
[0.415s] -- Installing: /home/leah/ros2_jazzy_ned2/install/niryo_robot_description/share/niryo_robot_description/meshes/gripper_1
[0.415s] -- Installing: /home/leah/ros2_jazzy_ned2/install/niryo_robot_description/share/niryo_robot_description/meshes/gripper_1/mors_2.STL
[0.415s] -- Installing: /home/leah/ros2_jazzy_ned2/install/niryo_robot_description/share/niryo_robot_description/meshes/gripper_1/base_gripper_1.STL
[0.415s] -- Installing: /home/leah/ros2_jazzy_ned2/install/niryo_robot_description/share/niryo_robot_description/meshes/gripper_1/mors_1.STL
[0.415s] -- Installing: /home/leah/ros2_jazzy_ned2/install/niryo_robot_description/share/niryo_robot_description/meshes/one
[0.415s] -- Installing: /home/leah/ros2_jazzy_ned2/install/niryo_robot_description/share/niryo_robot_description/meshes/one/collada
[0.415s] -- Installing: /home/leah/ros2_jazzy_ned2/install/niryo_robot_description/share/niryo_robot_description/meshes/one/collada/arm_link.dae
[0.422s] -- Installing: /home/leah/ros2_jazzy_ned2/install/niryo_robot_description/share/niryo_robot_description/meshes/one/collada/wrist_link.dae
[0.426s] -- Installing: /home/leah/ros2_jazzy_ned2/install/niryo_robot_description/share/niryo_robot_description/meshes/one/collada/elbow_link.dae
[0.430s] -- Installing: /home/leah/ros2_jazzy_ned2/install/niryo_robot_description/share/niryo_robot_description/meshes/one/collada/base_link.dae
[0.441s] -- Installing: /home/leah/ros2_jazzy_ned2/install/niryo_robot_description/share/niryo_robot_description/meshes/one/collada/hand_link.dae
[0.441s] -- Installing: /home/leah/ros2_jazzy_ned2/install/niryo_robot_description/share/niryo_robot_description/meshes/one/collada/forearm_link.dae
[0.444s] -- Installing: /home/leah/ros2_jazzy_ned2/install/niryo_robot_description/share/niryo_robot_description/meshes/one/collada/shoulder_link.dae
[0.461s] -- Installing: /home/leah/ros2_jazzy_ned2/install/niryo_robot_description/share/niryo_robot_description/meshes/one/stl
[0.462s] -- Installing: /home/leah/ros2_jazzy_ned2/install/niryo_robot_description/share/niryo_robot_description/meshes/one/stl/forearm_link.stl
[0.462s] -- Installing: /home/leah/ros2_jazzy_ned2/install/niryo_robot_description/share/niryo_robot_description/meshes/one/stl/shoulder_link.stl
[0.462s] -- Installing: /home/leah/ros2_jazzy_ned2/install/niryo_robot_description/share/niryo_robot_description/meshes/one/stl/wrist_link.stl
[0.462s] -- Installing: /home/leah/ros2_jazzy_ned2/install/niryo_robot_description/share/niryo_robot_description/meshes/one/stl/arm_link.stl
[0.462s] -- Installing: /home/leah/ros2_jazzy_ned2/install/niryo_robot_description/share/niryo_robot_description/meshes/one/stl/hand_link.stl
[0.462s] -- Installing: /home/leah/ros2_jazzy_ned2/install/niryo_robot_description/share/niryo_robot_description/meshes/one/stl/elbow_link.stl
[0.462s] -- Installing: /home/leah/ros2_jazzy_ned2/install/niryo_robot_description/share/niryo_robot_description/meshes/one/stl/base_link.stl
[0.462s] -- Installing: /home/leah/ros2_jazzy_ned2/install/niryo_robot_description/share/niryo_robot_description/meshes/ned3pro
[0.462s] -- Installing: /home/leah/ros2_jazzy_ned2/install/niryo_robot_description/share/niryo_robot_description/meshes/ned3pro/collada
[0.462s] -- Installing: /home/leah/ros2_jazzy_ned2/install/niryo_robot_description/share/niryo_robot_description/meshes/ned3pro/collada/arm_link.dae
[0.466s] -- Installing: /home/leah/ros2_jazzy_ned2/install/niryo_robot_description/share/niryo_robot_description/meshes/ned3pro/collada/wrist_link.dae
[0.468s] -- Installing: /home/leah/ros2_jazzy_ned2/install/niryo_robot_description/share/niryo_robot_description/meshes/ned3pro/collada/elbow_link.dae
[0.475s] -- Installing: /home/leah/ros2_jazzy_ned2/install/niryo_robot_description/share/niryo_robot_description/meshes/ned3pro/collada/base_link.dae
[0.505s] -- Installing: /home/leah/ros2_jazzy_ned2/install/niryo_robot_description/share/niryo_robot_description/meshes/ned3pro/collada/hand_link.dae
[0.505s] -- Installing: /home/leah/ros2_jazzy_ned2/install/niryo_robot_description/share/niryo_robot_description/meshes/ned3pro/collada/forearm_link.dae
[0.517s] -- Installing: /home/leah/ros2_jazzy_ned2/install/niryo_robot_description/share/niryo_robot_description/meshes/ned3pro/collada/shoulder_link.dae
[0.526s] -- Installing: /home/leah/ros2_jazzy_ned2/install/niryo_robot_description/share/niryo_robot_description/meshes/ned3pro/stl
[0.526s] -- Installing: /home/leah/ros2_jazzy_ned2/install/niryo_robot_description/share/niryo_robot_description/meshes/ned3pro/stl/hand_link.STL
[0.529s] -- Installing: /home/leah/ros2_jazzy_ned2/install/niryo_robot_description/share/niryo_robot_description/meshes/ned3pro/stl/arm_link.STL
[0.529s] -- Installing: /home/leah/ros2_jazzy_ned2/install/niryo_robot_description/share/niryo_robot_description/meshes/ned3pro/stl/elbow_link.STL
[0.531s] -- Installing: /home/leah/ros2_jazzy_ned2/install/niryo_robot_description/share/niryo_robot_description/meshes/ned3pro/stl/forearm_link.STL
[0.534s] -- Installing: /home/leah/ros2_jazzy_ned2/install/niryo_robot_description/share/niryo_robot_description/meshes/ned3pro/stl/base_link.STL
[0.566s] -- Installing: /home/leah/ros2_jazzy_ned2/install/niryo_robot_description/share/niryo_robot_description/meshes/ned3pro/stl/wrist_link.STL
[0.569s] -- Installing: /home/leah/ros2_jazzy_ned2/install/niryo_robot_description/share/niryo_robot_description/meshes/ned3pro/stl/shoulder_link.STL
[0.576s] -- Installing: /home/leah/ros2_jazzy_ned2/install/niryo_robot_description/share/niryo_robot_description/meshes/ned
[0.576s] -- Installing: /home/leah/ros2_jazzy_ned2/install/niryo_robot_description/share/niryo_robot_description/meshes/ned/collada
[0.576s] -- Installing: /home/leah/ros2_jazzy_ned2/install/niryo_robot_description/share/niryo_robot_description/meshes/ned/collada/arm_link.dae
[0.632s] -- Installing: /home/leah/ros2_jazzy_ned2/install/niryo_robot_description/share/niryo_robot_description/meshes/ned/collada/wrist_link.dae
[0.655s] -- Installing: /home/leah/ros2_jazzy_ned2/install/niryo_robot_description/share/niryo_robot_description/meshes/ned/collada/elbow_link.dae
[0.665s] -- Installing: /home/leah/ros2_jazzy_ned2/install/niryo_robot_description/share/niryo_robot_description/meshes/ned/collada/base_link.dae
[0.743s] -- Installing: /home/leah/ros2_jazzy_ned2/install/niryo_robot_description/share/niryo_robot_description/meshes/ned/collada/hand_link.dae
[0.748s] -- Installing: /home/leah/ros2_jazzy_ned2/install/niryo_robot_description/share/niryo_robot_description/meshes/ned/collada/forearm_link.dae
[0.773s] -- Installing: /home/leah/ros2_jazzy_ned2/install/niryo_robot_description/share/niryo_robot_description/meshes/ned/collada/shoulder_link.dae
[0.781s] -- Installing: /home/leah/ros2_jazzy_ned2/install/niryo_robot_description/share/niryo_robot_description/meshes/ned/stl
[0.781s] -- Installing: /home/leah/ros2_jazzy_ned2/install/niryo_robot_description/share/niryo_robot_description/meshes/ned/stl/forearm_link.stl
[0.781s] -- Installing: /home/leah/ros2_jazzy_ned2/install/niryo_robot_description/share/niryo_robot_description/meshes/ned/stl/shoulder_link.stl
[0.781s] -- Installing: /home/leah/ros2_jazzy_ned2/install/niryo_robot_description/share/niryo_robot_description/meshes/ned/stl/wrist_link.stl
[0.782s] -- Installing: /home/leah/ros2_jazzy_ned2/install/niryo_robot_description/share/niryo_robot_description/meshes/ned/stl/arm_link.stl
[0.782s] -- Installing: /home/leah/ros2_jazzy_ned2/install/niryo_robot_description/share/niryo_robot_description/meshes/ned/stl/hand_link.stl
[0.782s] -- Installing: /home/leah/ros2_jazzy_ned2/install/niryo_robot_description/share/niryo_robot_description/meshes/ned/stl/elbow_link.stl
[0.782s] -- Installing: /home/leah/ros2_jazzy_ned2/install/niryo_robot_description/share/niryo_robot_description/meshes/ned/stl/base_link.stl
[0.782s] -- Installing: /home/leah/ros2_jazzy_ned2/install/niryo_robot_description/share/niryo_robot_description/urdf
[0.783s] -- Installing: /home/leah/ros2_jazzy_ned2/install/niryo_robot_description/share/niryo_robot_description/urdf/ned2
[0.783s] -- Installing: /home/leah/ros2_jazzy_ned2/install/niryo_robot_description/share/niryo_robot_description/urdf/ned2/niryo_ned2_gripper1_n_camera.urdf.xacro
[0.783s] -- Installing: /home/leah/ros2_jazzy_ned2/install/niryo_robot_description/share/niryo_robot_description/urdf/ned2/niryo_ned2_gazebo.urdf.xacro
[0.783s] -- Installing: /home/leah/ros2_jazzy_ned2/install/niryo_robot_description/share/niryo_robot_description/urdf/ned2/niryo_ned2.urdf.xacro
[0.783s] -- Installing: /home/leah/ros2_jazzy_ned2/install/niryo_robot_description/share/niryo_robot_description/urdf/ned2/niryo_ned2_param.urdf.xacro
[0.783s] -- Installing: /home/leah/ros2_jazzy_ned2/install/niryo_robot_description/share/niryo_robot_description/urdf/ned2/niryo_ned2_camera.urdf.xacro
[0.784s] -- Installing: /home/leah/ros2_jazzy_ned2/install/niryo_robot_description/share/niryo_robot_description/urdf/ned2/without_mesh_niryo_ned2.urdf.xacro
[0.784s] -- Installing: /home/leah/ros2_jazzy_ned2/install/niryo_robot_description/share/niryo_robot_description/urdf/ned2/niryo_ned2.transmission.xacro
[0.784s] -- Installing: /home/leah/ros2_jazzy_ned2/install/niryo_robot_description/share/niryo_robot_description/urdf/one
[0.784s] -- Installing: /home/leah/ros2_jazzy_ned2/install/niryo_robot_description/share/niryo_robot_description/urdf/one/without_mesh_niryo_one.urdf.xacro
[0.784s] -- Installing: /home/leah/ros2_jazzy_ned2/install/niryo_robot_description/share/niryo_robot_description/urdf/one/niryo_one_gripper1_n_camera.urdf.xacro
[0.806s] -- Installing: /home/leah/ros2_jazzy_ned2/install/niryo_robot_description/share/niryo_robot_description/urdf/one/niryo_one_gazebo.urdf.xacro
[0.806s] -- Installing: /home/leah/ros2_jazzy_ned2/install/niryo_robot_description/share/niryo_robot_description/urdf/one/niryo_one.urdf.xacro
[0.806s] -- Installing: /home/leah/ros2_jazzy_ned2/install/niryo_robot_description/share/niryo_robot_description/urdf/one/niryo_one_camera.urdf.xacro
[0.806s] -- Installing: /home/leah/ros2_jazzy_ned2/install/niryo_robot_description/share/niryo_robot_description/urdf/one/niryo_one.transmission.xacro
[0.806s] -- Installing: /home/leah/ros2_jazzy_ned2/install/niryo_robot_description/share/niryo_robot_description/urdf/one/niryo_one_param.urdf.xacro
[0.806s] -- Installing: /home/leah/ros2_jazzy_ned2/install/niryo_robot_description/share/niryo_robot_description/urdf/ned3pro
[0.806s] -- Installing: /home/leah/ros2_jazzy_ned2/install/niryo_robot_description/share/niryo_robot_description/urdf/ned3pro/niryo_ned3pro_camera.urdf.xacro
[0.806s] -- Installing: /home/leah/ros2_jazzy_ned2/install/niryo_robot_description/share/niryo_robot_description/urdf/ned3pro/niryo_ned3pro.urdf.xacro
[0.806s] -- Installing: /home/leah/ros2_jazzy_ned2/install/niryo_robot_description/share/niryo_robot_description/urdf/ned3pro/niryo_ned3pro_gripper1_n_camera.urdf.xacro
[0.807s] -- Installing: /home/leah/ros2_jazzy_ned2/install/niryo_robot_description/share/niryo_robot_description/urdf/ned3pro/niryo_ned3pro_param.urdf.xacro
[0.807s] -- Installing: /home/leah/ros2_jazzy_ned2/install/niryo_robot_description/share/niryo_robot_description/urdf/ned3pro/niryo_ned3pro.transmission.xacro
[0.807s] -- Installing: /home/leah/ros2_jazzy_ned2/install/niryo_robot_description/share/niryo_robot_description/urdf/ned3pro/without_mesh_niryo_ned3pro.urdf.xacro
[0.807s] -- Installing: /home/leah/ros2_jazzy_ned2/install/niryo_robot_description/share/niryo_robot_description/urdf/ned3pro/niryo_ned3pro_gazebo.urdf.xacro
[0.807s] -- Installing: /home/leah/ros2_jazzy_ned2/install/niryo_robot_description/share/niryo_robot_description/urdf/ned
[0.807s] -- Installing: /home/leah/ros2_jazzy_ned2/install/niryo_robot_description/share/niryo_robot_description/urdf/ned/niryo_ned_param.urdf.xacro
[0.807s] -- Installing: /home/leah/ros2_jazzy_ned2/install/niryo_robot_description/share/niryo_robot_description/urdf/ned/niryo_ned_camera.urdf.xacro
[0.807s] -- Installing: /home/leah/ros2_jazzy_ned2/install/niryo_robot_description/share/niryo_robot_description/urdf/ned/niryo_ned.urdf.xacro
[0.807s] -- Installing: /home/leah/ros2_jazzy_ned2/install/niryo_robot_description/share/niryo_robot_description/urdf/ned/niryo_ned.transmission.xacro
[0.807s] -- Installing: /home/leah/ros2_jazzy_ned2/install/niryo_robot_description/share/niryo_robot_description/urdf/ned/niryo_ned_gripper1_n_camera.urdf.xacro
[0.807s] -- Installing: /home/leah/ros2_jazzy_ned2/install/niryo_robot_description/share/niryo_robot_description/urdf/ned/without_mesh_niryo_ned.urdf.xacro
[0.807s] -- Installing: /home/leah/ros2_jazzy_ned2/install/niryo_robot_description/share/niryo_robot_description/urdf/ned/niryo_ned_gazebo.urdf.xacro
[0.807s] -- Installing: /home/leah/ros2_jazzy_ned2/install/niryo_robot_description/share/ament_index/resource_index/package_run_dependencies/niryo_robot_description
[0.807s] -- Installing: /home/leah/ros2_jazzy_ned2/install/niryo_robot_description/share/ament_index/resource_index/parent_prefix_path/niryo_robot_description
[0.807s] -- Installing: /home/leah/ros2_jazzy_ned2/install/niryo_robot_description/share/niryo_robot_description/environment/ament_prefix_path.sh
[0.807s] -- Installing: /home/leah/ros2_jazzy_ned2/install/niryo_robot_description/share/niryo_robot_description/environment/ament_prefix_path.dsv
[0.807s] -- Installing: /home/leah/ros2_jazzy_ned2/install/niryo_robot_description/share/niryo_robot_description/environment/path.sh
[0.807s] -- Installing: /home/leah/ros2_jazzy_ned2/install/niryo_robot_description/share/niryo_robot_description/environment/path.dsv
[0.807s] -- Installing: /home/leah/ros2_jazzy_ned2/install/niryo_robot_description/share/niryo_robot_description/local_setup.bash
[0.807s] -- Installing: /home/leah/ros2_jazzy_ned2/install/niryo_robot_description/share/niryo_robot_description/local_setup.sh
[0.807s] -- Installing: /home/leah/ros2_jazzy_ned2/install/niryo_robot_description/share/niryo_robot_description/local_setup.zsh
[0.807s] -- Installing: /home/leah/ros2_jazzy_ned2/install/niryo_robot_description/share/niryo_robot_description/local_setup.dsv
[0.807s] -- Installing: /home/leah/ros2_jazzy_ned2/install/niryo_robot_description/share/niryo_robot_description/package.dsv
[0.807s] -- Installing: /home/leah/ros2_jazzy_ned2/install/niryo_robot_description/share/ament_index/resource_index/packages/niryo_robot_description
[0.807s] -- Installing: /home/leah/ros2_jazzy_ned2/install/niryo_robot_description/share/niryo_robot_description/cmake/niryo_robot_descriptionConfig.cmake
[0.807s] -- Installing: /home/leah/ros2_jazzy_ned2/install/niryo_robot_description/share/niryo_robot_description/cmake/niryo_robot_descriptionConfig-version.cmake
[0.807s] -- Installing: /home/leah/ros2_jazzy_ned2/install/niryo_robot_description/share/niryo_robot_description/package.xml
[0.807s] Invoked command in '/home/leah/ros2_jazzy_ned2/build/niryo_robot_description' returned '0': DEBUGINFOD_URLS=https://debuginfod.ubuntu.com /usr/bin/cmake --install /home/leah/ros2_jazzy_ned2/build/niryo_robot_description
