[0.032s] Invoking command in '/home/leah/ros2_jazzy_ned2/build/dynamixel_sdk': CMAKE_PREFIX_PATH=/home/leah/ros2_jazzy_ned2/install/serial:${CMAKE_PREFIX_PATH} DEBUGINFOD_URLS=https://debuginfod.ubuntu.com PKG_CONFIG_PATH=/home/leah/ros2_jazzy_ned2/install/serial/lib/x86_64-linux-gnu/pkgconfig:/home/leah/ros2_jazzy_ned2/install/serial/lib/pkgconfig:${PKG_CONFIG_PATH} ROS_PACKAGE_PATH=/home/leah/ros2_jazzy_ned2/install/serial/share /usr/bin/cmake --build /home/leah/ros2_jazzy_ned2/build/dynamixel_sdk -- -j4 -l4
[0.083s] -- 
[0.083s] ## Reading dynamixel_sdk/CMakeLists.txt...
[0.088s] -- Found ament_cmake: 2.5.2 (/home/leah/ros2_jazzy/install/ament_cmake/share/ament_cmake/cmake)
[0.519s] -- Found serial: 1.2.1 (/home/leah/ros2_jazzy_ned2/install/serial/share/serial/cmake)
[0.520s] -- Found ament_lint_auto: 0.17.1 (/home/leah/ros2_jazzy/install/ament_lint_auto/share/ament_lint_auto/cmake)
[0.709s] -- Configuring done (0.6s)
[0.715s] -- Generating done (0.0s)
[0.717s] [31mCMake Error in CMakeLists.txt:
[0.717s]   Target "dynamixel_sdk" INTERFACE_INCLUDE_DIRECTORIES property contains
[0.717s]   path:
[0.718s] 
[0.718s]     "/home/leah/ros2_jazzy_ned2/src/ned_ros/niryo_robot_hardware_stack/dynamixel_sdk/message"
[0.718s] 
[0.718s]   which is prefixed in the source directory.
[0.718s] 
[0.718s] [0m
[0.718s] [31mCMake Error in CMakeLists.txt:
[0.718s]   Target "dynamixel_sdk" INTERFACE_INCLUDE_DIRECTORIES property contains
[0.718s]   path:
[0.718s] 
[0.718s]     "/home/leah/ros2_jazzy_ned2/src/ned_ros/niryo_robot_hardware_stack/dynamixel_sdk/("
[0.718s] 
[0.718s]   which is prefixed in the source directory.
[0.718s] 
[0.718s] [0m
[0.718s] [31mCMake Error in CMakeLists.txt:
[0.718s]   Target "dynamixel_sdk" INTERFACE_INCLUDE_DIRECTORIES property contains
[0.718s]   path:
[0.718s] 
[0.718s]     "/home/leah/ros2_jazzy_ned2/src/ned_ros/niryo_robot_hardware_stack/dynamixel_sdk/STATUS"
[0.718s] 
[0.718s]   which is prefixed in the source directory.
[0.718s] 
[0.718s] [0m
[0.718s] [31mCMake Error in CMakeLists.txt:
[0.719s]   Target "dynamixel_sdk" INTERFACE_INCLUDE_DIRECTORIES property contains
[0.719s]   path:
[0.719s] 
[0.719s]     "/home/leah/ros2_jazzy_ned2/src/ned_ros/niryo_robot_hardware_stack/dynamixel_sdk/Serial include directory: "
[0.719s] 
[0.719s]   which is prefixed in the source directory.
[0.719s] 
[0.719s] [0m
[0.719s] [31mCMake Error in CMakeLists.txt:
[0.719s]   Target "dynamixel_sdk" INTERFACE_INCLUDE_DIRECTORIES property contains
[0.719s]   path:
[0.719s] 
[0.719s]     "/home/leah/ros2_jazzy_ned2/src/ned_ros/niryo_robot_hardware_stack/dynamixel_sdk/)"
[0.719s] 
[0.719s]   which is prefixed in the source directory.
[0.719s] 
[0.719s] [0m
[0.719s] [0mCMake Generate step failed.  Build files cannot be regenerated correctly.[0m
[0.720s] gmake: *** [Makefile:483: cmake_check_build_system] Error 1
[0.722s] Invoked command in '/home/leah/ros2_jazzy_ned2/build/dynamixel_sdk' returned '2': CMAKE_PREFIX_PATH=/home/leah/ros2_jazzy_ned2/install/serial:${CMAKE_PREFIX_PATH} DEBUGINFOD_URLS=https://debuginfod.ubuntu.com PKG_CONFIG_PATH=/home/leah/ros2_jazzy_ned2/install/serial/lib/x86_64-linux-gnu/pkgconfig:/home/leah/ros2_jazzy_ned2/install/serial/lib/pkgconfig:${PKG_CONFIG_PATH} ROS_PACKAGE_PATH=/home/leah/ros2_jazzy_ned2/install/serial/share /usr/bin/cmake --build /home/leah/ros2_jazzy_ned2/build/dynamixel_sdk -- -j4 -l4
