[0.031s] Invoking command in '/home/leah/ros2_jazzy_ned2/build/niryo_moveit_config_w_gripper1': CMAKE_PREFIX_PATH=/home/leah/ros2_jazzy_ned2/install/niryo_robot_description:${CMAKE_PREFIX_PATH} DEBUGINFOD_URLS=https://debuginfod.ubuntu.com PKG_CONFIG_PATH=/home/leah/ros2_jazzy_ned2/install/niryo_robot_description/lib/x86_64-linux-gnu/pkgconfig:/home/leah/ros2_jazzy_ned2/install/niryo_robot_description/lib/pkgconfig:${PKG_CONFIG_PATH} ROS_PACKAGE_PATH=/home/leah/ros2_jazzy_ned2/install/niryo_robot_description/share /usr/bin/cmake --build /home/leah/ros2_jazzy_ned2/build/niryo_moveit_config_w_gripper1 -- -j4 -l4
[0.120s] Invoked command in '/home/leah/ros2_jazzy_ned2/build/niryo_moveit_config_w_gripper1' returned '0': CMAKE_PREFIX_PATH=/home/leah/ros2_jazzy_ned2/install/niryo_robot_description:${CMAKE_PREFIX_PATH} DEBUGINFOD_URLS=https://debuginfod.ubuntu.com PKG_CONFIG_PATH=/home/leah/ros2_jazzy_ned2/install/niryo_robot_description/lib/x86_64-linux-gnu/pkgconfig:/home/leah/ros2_jazzy_ned2/install/niryo_robot_description/lib/pkgconfig:${PKG_CONFIG_PATH} ROS_PACKAGE_PATH=/home/leah/ros2_jazzy_ned2/install/niryo_robot_description/share /usr/bin/cmake --build /home/leah/ros2_jazzy_ned2/build/niryo_moveit_config_w_gripper1 -- -j4 -l4
[0.234s] Invoking command in '/home/leah/ros2_jazzy_ned2/build/niryo_moveit_config_w_gripper1': CMAKE_PREFIX_PATH=/home/leah/ros2_jazzy_ned2/install/niryo_robot_description:${CMAKE_PREFIX_PATH} DEBUGINFOD_URLS=https://debuginfod.ubuntu.com PKG_CONFIG_PATH=/home/leah/ros2_jazzy_ned2/install/niryo_robot_description/lib/x86_64-linux-gnu/pkgconfig:/home/leah/ros2_jazzy_ned2/install/niryo_robot_description/lib/pkgconfig:${PKG_CONFIG_PATH} ROS_PACKAGE_PATH=/home/leah/ros2_jazzy_ned2/install/niryo_robot_description/share /usr/bin/cmake --install /home/leah/ros2_jazzy_ned2/build/niryo_moveit_config_w_gripper1
[0.265s] -- Install configuration: ""
[0.265s] -- Up-to-date: /home/leah/ros2_jazzy_ned2/install/niryo_moveit_config_w_gripper1/share/niryo_moveit_config_w_gripper1/launch
[0.265s] -- Up-to-date: /home/leah/ros2_jazzy_ned2/install/niryo_moveit_config_w_gripper1/share/niryo_moveit_config_w_gripper1/launch/trajectory_execution.launch.xml
[0.265s] -- Up-to-date: /home/leah/ros2_jazzy_ned2/install/niryo_moveit_config_w_gripper1/share/niryo_moveit_config_w_gripper1/launch/sensor_manager.launch.xml
[0.265s] -- Up-to-date: /home/leah/ros2_jazzy_ned2/install/niryo_moveit_config_w_gripper1/share/niryo_moveit_config_w_gripper1/launch/joystick_control.launch
[0.265s] -- Up-to-date: /home/leah/ros2_jazzy_ned2/install/niryo_moveit_config_w_gripper1/share/niryo_moveit_config_w_gripper1/launch/warehouse_settings.launch.xml
[0.265s] -- Up-to-date: /home/leah/ros2_jazzy_ned2/install/niryo_moveit_config_w_gripper1/share/niryo_moveit_config_w_gripper1/launch/chomp_planning_pipeline.launch.xml
[0.267s] -- Up-to-date: /home/leah/ros2_jazzy_ned2/install/niryo_moveit_config_w_gripper1/share/niryo_moveit_config_w_gripper1/launch/moveit.rviz
[0.267s] -- Up-to-date: /home/leah/ros2_jazzy_ned2/install/niryo_moveit_config_w_gripper1/share/niryo_moveit_config_w_gripper1/launch/demo.launch
[0.268s] -- Up-to-date: /home/leah/ros2_jazzy_ned2/install/niryo_moveit_config_w_gripper1/share/niryo_moveit_config_w_gripper1/launch/move_group.launch
[0.268s] -- Up-to-date: /home/leah/ros2_jazzy_ned2/install/niryo_moveit_config_w_gripper1/share/niryo_moveit_config_w_gripper1/launch/my_demo.launch
[0.268s] -- Up-to-date: /home/leah/ros2_jazzy_ned2/install/niryo_moveit_config_w_gripper1/share/niryo_moveit_config_w_gripper1/launch/default_warehouse_db.launch
[0.268s] -- Up-to-date: /home/leah/ros2_jazzy_ned2/install/niryo_moveit_config_w_gripper1/share/niryo_moveit_config_w_gripper1/launch/planning_context.launch
[0.268s] -- Up-to-date: /home/leah/ros2_jazzy_ned2/install/niryo_moveit_config_w_gripper1/share/niryo_moveit_config_w_gripper1/launch/warehouse.launch
[0.268s] -- Up-to-date: /home/leah/ros2_jazzy_ned2/install/niryo_moveit_config_w_gripper1/share/niryo_moveit_config_w_gripper1/launch/ros_controllers.launch
[0.268s] -- Up-to-date: /home/leah/ros2_jazzy_ned2/install/niryo_moveit_config_w_gripper1/share/niryo_moveit_config_w_gripper1/launch/planning_pipeline.launch.xml
[0.268s] -- Up-to-date: /home/leah/ros2_jazzy_ned2/install/niryo_moveit_config_w_gripper1/share/niryo_moveit_config_w_gripper1/launch/moveit_rviz.launch
[0.268s] -- Up-to-date: /home/leah/ros2_jazzy_ned2/install/niryo_moveit_config_w_gripper1/share/niryo_moveit_config_w_gripper1/launch/niryo_moveit_controller_manager.launch.xml
[0.268s] -- Up-to-date: /home/leah/ros2_jazzy_ned2/install/niryo_moveit_config_w_gripper1/share/niryo_moveit_config_w_gripper1/launch/niryo_moveit_sensor_manager.launch.xml
[0.268s] -- Up-to-date: /home/leah/ros2_jazzy_ned2/install/niryo_moveit_config_w_gripper1/share/niryo_moveit_config_w_gripper1/launch/ompl_planning_pipeline.launch.xml
[0.268s] -- Up-to-date: /home/leah/ros2_jazzy_ned2/install/niryo_moveit_config_w_gripper1/share/niryo_moveit_config_w_gripper1/launch/demo_gazebo.launch
[0.268s] -- Up-to-date: /home/leah/ros2_jazzy_ned2/install/niryo_moveit_config_w_gripper1/share/niryo_moveit_config_w_gripper1/launch/gazebo.launch
[0.269s] -- Up-to-date: /home/leah/ros2_jazzy_ned2/install/niryo_moveit_config_w_gripper1/share/niryo_moveit_config_w_gripper1/launch/run_benchmark_ompl.launch
[0.269s] -- Up-to-date: /home/leah/ros2_jazzy_ned2/install/niryo_moveit_config_w_gripper1/share/niryo_moveit_config_w_gripper1/config
[0.269s] -- Up-to-date: /home/leah/ros2_jazzy_ned2/install/niryo_moveit_config_w_gripper1/share/niryo_moveit_config_w_gripper1/config/ned2
[0.269s] -- Up-to-date: /home/leah/ros2_jazzy_ned2/install/niryo_moveit_config_w_gripper1/share/niryo_moveit_config_w_gripper1/config/ned2/ros_controllers.yaml
[0.269s] -- Up-to-date: /home/leah/ros2_jazzy_ned2/install/niryo_moveit_config_w_gripper1/share/niryo_moveit_config_w_gripper1/config/ned2/niryo_ned2.srdf
[0.269s] -- Up-to-date: /home/leah/ros2_jazzy_ned2/install/niryo_moveit_config_w_gripper1/share/niryo_moveit_config_w_gripper1/config/ned2/simulation
[0.270s] -- Up-to-date: /home/leah/ros2_jazzy_ned2/install/niryo_moveit_config_w_gripper1/share/niryo_moveit_config_w_gripper1/config/ned2/simulation/joint_limits.yaml
[0.270s] -- Up-to-date: /home/leah/ros2_jazzy_ned2/install/niryo_moveit_config_w_gripper1/share/niryo_moveit_config_w_gripper1/config/ned2/joint_limits.yaml
[0.270s] -- Up-to-date: /home/leah/ros2_jazzy_ned2/install/niryo_moveit_config_w_gripper1/share/niryo_moveit_config_w_gripper1/config/one
[0.270s] -- Up-to-date: /home/leah/ros2_jazzy_ned2/install/niryo_moveit_config_w_gripper1/share/niryo_moveit_config_w_gripper1/config/one/niryo_one.srdf
[0.270s] -- Up-to-date: /home/leah/ros2_jazzy_ned2/install/niryo_moveit_config_w_gripper1/share/niryo_moveit_config_w_gripper1/config/one/simulation
[0.270s] -- Up-to-date: /home/leah/ros2_jazzy_ned2/install/niryo_moveit_config_w_gripper1/share/niryo_moveit_config_w_gripper1/config/one/simulation/joint_limits.yaml
[0.270s] -- Up-to-date: /home/leah/ros2_jazzy_ned2/install/niryo_moveit_config_w_gripper1/share/niryo_moveit_config_w_gripper1/config/one/joint_limits.yaml
[0.270s] -- Up-to-date: /home/leah/ros2_jazzy_ned2/install/niryo_moveit_config_w_gripper1/share/niryo_moveit_config_w_gripper1/config/kinematics.yaml
[0.270s] -- Up-to-date: /home/leah/ros2_jazzy_ned2/install/niryo_moveit_config_w_gripper1/share/niryo_moveit_config_w_gripper1/config/ompl_planning.yaml
[0.270s] -- Up-to-date: /home/leah/ros2_jazzy_ned2/install/niryo_moveit_config_w_gripper1/share/niryo_moveit_config_w_gripper1/config/sensors_3d.yaml
[0.270s] -- Up-to-date: /home/leah/ros2_jazzy_ned2/install/niryo_moveit_config_w_gripper1/share/niryo_moveit_config_w_gripper1/config/chomp_planning.yaml
[0.271s] -- Up-to-date: /home/leah/ros2_jazzy_ned2/install/niryo_moveit_config_w_gripper1/share/niryo_moveit_config_w_gripper1/config/ned3pro
[0.271s] -- Up-to-date: /home/leah/ros2_jazzy_ned2/install/niryo_moveit_config_w_gripper1/share/niryo_moveit_config_w_gripper1/config/ned3pro/ros_controllers.yaml
[0.271s] -- Up-to-date: /home/leah/ros2_jazzy_ned2/install/niryo_moveit_config_w_gripper1/share/niryo_moveit_config_w_gripper1/config/ned3pro/niryo_ned3pro.srdf
[0.271s] -- Up-to-date: /home/leah/ros2_jazzy_ned2/install/niryo_moveit_config_w_gripper1/share/niryo_moveit_config_w_gripper1/config/ned3pro/simulation
[0.271s] -- Up-to-date: /home/leah/ros2_jazzy_ned2/install/niryo_moveit_config_w_gripper1/share/niryo_moveit_config_w_gripper1/config/ned3pro/simulation/joint_limits.yaml
[0.271s] -- Up-to-date: /home/leah/ros2_jazzy_ned2/install/niryo_moveit_config_w_gripper1/share/niryo_moveit_config_w_gripper1/config/ned3pro/joint_limits.yaml
[0.271s] -- Up-to-date: /home/leah/ros2_jazzy_ned2/install/niryo_moveit_config_w_gripper1/share/niryo_moveit_config_w_gripper1/config/ned
[0.271s] -- Up-to-date: /home/leah/ros2_jazzy_ned2/install/niryo_moveit_config_w_gripper1/share/niryo_moveit_config_w_gripper1/config/ned/ros_controllers.yaml
[0.271s] -- Up-to-date: /home/leah/ros2_jazzy_ned2/install/niryo_moveit_config_w_gripper1/share/niryo_moveit_config_w_gripper1/config/ned/niryo_ned.srdf
[0.271s] -- Up-to-date: /home/leah/ros2_jazzy_ned2/install/niryo_moveit_config_w_gripper1/share/niryo_moveit_config_w_gripper1/config/ned/simulation
[0.271s] -- Up-to-date: /home/leah/ros2_jazzy_ned2/install/niryo_moveit_config_w_gripper1/share/niryo_moveit_config_w_gripper1/config/ned/simulation/joint_limits.yaml
[0.271s] -- Up-to-date: /home/leah/ros2_jazzy_ned2/install/niryo_moveit_config_w_gripper1/share/niryo_moveit_config_w_gripper1/config/ned/joint_limits.yaml
[0.271s] -- Up-to-date: /home/leah/ros2_jazzy_ned2/install/niryo_moveit_config_w_gripper1/share/ament_index/resource_index/package_run_dependencies/niryo_moveit_config_w_gripper1
[0.271s] -- Up-to-date: /home/leah/ros2_jazzy_ned2/install/niryo_moveit_config_w_gripper1/share/ament_index/resource_index/parent_prefix_path/niryo_moveit_config_w_gripper1
[0.271s] -- Up-to-date: /home/leah/ros2_jazzy_ned2/install/niryo_moveit_config_w_gripper1/share/niryo_moveit_config_w_gripper1/environment/ament_prefix_path.dsv
[0.271s] -- Up-to-date: /home/leah/ros2_jazzy_ned2/install/niryo_moveit_config_w_gripper1/share/niryo_moveit_config_w_gripper1/environment/path.dsv
[0.271s] -- Up-to-date: /home/leah/ros2_jazzy_ned2/install/niryo_moveit_config_w_gripper1/share/niryo_moveit_config_w_gripper1/local_setup.bash
[0.271s] -- Up-to-date: /home/leah/ros2_jazzy_ned2/install/niryo_moveit_config_w_gripper1/share/niryo_moveit_config_w_gripper1/local_setup.sh
[0.271s] -- Up-to-date: /home/leah/ros2_jazzy_ned2/install/niryo_moveit_config_w_gripper1/share/niryo_moveit_config_w_gripper1/local_setup.zsh
[0.271s] -- Up-to-date: /home/leah/ros2_jazzy_ned2/install/niryo_moveit_config_w_gripper1/share/niryo_moveit_config_w_gripper1/local_setup.dsv
[0.271s] -- Installing: /home/leah/ros2_jazzy_ned2/install/niryo_moveit_config_w_gripper1/share/niryo_moveit_config_w_gripper1/package.dsv
[0.271s] -- Up-to-date: /home/leah/ros2_jazzy_ned2/install/niryo_moveit_config_w_gripper1/share/ament_index/resource_index/packages/niryo_moveit_config_w_gripper1
[0.271s] -- Up-to-date: /home/leah/ros2_jazzy_ned2/install/niryo_moveit_config_w_gripper1/share/niryo_moveit_config_w_gripper1/cmake/niryo_moveit_config_w_gripper1Config.cmake
[0.271s] -- Up-to-date: /home/leah/ros2_jazzy_ned2/install/niryo_moveit_config_w_gripper1/share/niryo_moveit_config_w_gripper1/cmake/niryo_moveit_config_w_gripper1Config-version.cmake
[0.271s] -- Up-to-date: /home/leah/ros2_jazzy_ned2/install/niryo_moveit_config_w_gripper1/share/niryo_moveit_config_w_gripper1/package.xml
[0.272s] Invoked command in '/home/leah/ros2_jazzy_ned2/build/niryo_moveit_config_w_gripper1' returned '0': CMAKE_PREFIX_PATH=/home/leah/ros2_jazzy_ned2/install/niryo_robot_description:${CMAKE_PREFIX_PATH} DEBUGINFOD_URLS=https://debuginfod.ubuntu.com PKG_CONFIG_PATH=/home/leah/ros2_jazzy_ned2/install/niryo_robot_description/lib/x86_64-linux-gnu/pkgconfig:/home/leah/ros2_jazzy_ned2/install/niryo_robot_description/lib/pkgconfig:${PKG_CONFIG_PATH} ROS_PACKAGE_PATH=/home/leah/ros2_jazzy_ned2/install/niryo_robot_description/share /usr/bin/cmake --install /home/leah/ros2_jazzy_ned2/build/niryo_moveit_config_w_gripper1
