[0.048s] Invoking command in '/home/leah/ros2_jazzy_ned2/build/mcp_can_rpi': DEBUGINFOD_URLS=https://debuginfod.ubuntu.com /usr/bin/cmake /home/leah/ros2_jazzy_ned2/src/ned_ros/niryo_robot_hardware_stack/mcp_can_rpi -DCATKIN_INSTALL_INTO_PREFIX_ROOT=0 -DCATKIN_SYMLINK_INSTALL=ON -DCMAKE_INSTALL_PREFIX=/home/leah/ros2_jazzy_ned2/install/mcp_can_rpi
[0.072s] [0mCMake Deprecation Warning at CMakeLists.txt:1 (cmake_minimum_required):
[0.072s]   Compatibility with CMake < 3.5 will be removed from a future version of
[0.072s]   CMake.
[0.072s] 
[0.072s]   Update the VERSION argument <min> value or use a ...<max> suffix to tell
[0.072s]   CMake that the project does not need compatibility with older versions.
[0.072s] 
[0.072s] [0m
[0.135s] -- The C compiler identification is GNU 13.2.0
[0.198s] -- The CXX compiler identification is GNU 13.2.0
[0.224s] -- Detecting C compiler ABI info
[0.362s] -- Detecting C compiler ABI info - done
[0.370s] -- Check for working C compiler: /usr/bin/cc - skipped
[0.371s] -- Detecting C compile features
[0.371s] -- Detecting C compile features - done
[0.389s] -- Detecting CXX compiler ABI info
[0.535s] -- Detecting CXX compiler ABI info - done
[0.539s] -- Check for working CXX compiler: /usr/bin/c++ - skipped
[0.540s] -- Detecting CXX compile features
[0.540s] -- Detecting CXX compile features - done
[0.574s] -- 
[0.574s] ## Reading mcp_can_rpi/CMakeLists.txt...
[0.574s] -- Configuring incomplete, errors occurred!
[0.575s] [31mCMake Error at CMakeLists.txt:19 (find_package):
[0.575s]   By not providing "Findcatkin.cmake" in CMAKE_MODULE_PATH this project has
[0.575s]   asked CMake to find a package configuration file provided by "catkin", but
[0.575s]   CMake did not find one.
[0.575s] 
[0.575s]   Could not find a package configuration file provided by "catkin" with any
[0.576s]   of the following names:
[0.576s] 
[0.576s]     catkinConfig.cmake
[0.576s]     catkin-config.cmake
[0.576s] 
[0.576s]   Add the installation prefix of "catkin" to CMAKE_PREFIX_PATH or set
[0.576s]   "catkin_DIR" to a directory containing one of the above files.  If "catkin"
[0.576s]   provides a separate development package or SDK, be sure it has been
[0.576s]   installed.
[0.576s] 
[0.576s] [0m
[0.578s] Invoked command in '/home/leah/ros2_jazzy_ned2/build/mcp_can_rpi' returned '1': DEBUGINFOD_URLS=https://debuginfod.ubuntu.com /usr/bin/cmake /home/leah/ros2_jazzy_ned2/src/ned_ros/niryo_robot_hardware_stack/mcp_can_rpi -DCATKIN_INSTALL_INTO_PREFIX_ROOT=0 -DCATKIN_SYMLINK_INSTALL=ON -DCMAKE_INSTALL_PREFIX=/home/leah/ros2_jazzy_ned2/install/mcp_can_rpi
