[0.033s] Invoking command in '/home/leah/ros2_jazzy_ned2/build/dynamixel_sdk': CMAKE_PREFIX_PATH=/home/leah/ros2_jazzy_ned2/install/serial:${CMAKE_PREFIX_PATH} DEBUGINFOD_URLS=https://debuginfod.ubuntu.com PKG_CONFIG_PATH=/home/leah/ros2_jazzy_ned2/install/serial/lib/x86_64-linux-gnu/pkgconfig:/home/leah/ros2_jazzy_ned2/install/serial/lib/pkgconfig:${PKG_CONFIG_PATH} ROS_PACKAGE_PATH=/home/leah/ros2_jazzy_ned2/install/serial/share /usr/bin/cmake /home/leah/ros2_jazzy_ned2/src/ned_ros/niryo_robot_hardware_stack/dynamixel_sdk -DCATKIN_INSTALL_INTO_PREFIX_ROOT=0 -DCATKIN_SYMLINK_INSTALL=ON -DCMAKE_INSTALL_PREFIX=/home/leah/ros2_jazzy_ned2/install/dynamixel_sdk
[0.051s] -- 
[0.051s] ## Reading dynamixel_sdk/CMakeLists.txt...
[0.051s] -- Serial include directory: 
[0.060s] -- Found ament_cmake: 2.5.2 (/home/leah/ros2_jazzy/install/ament_cmake/share/ament_cmake/cmake)
[0.481s] -- Found serial: 1.2.1 (/home/leah/ros2_jazzy_ned2/install/serial/share/serial/cmake)
[0.481s] -- Serial package found
[0.513s] -- Found ament_lint_auto: 0.17.1 (/home/leah/ros2_jazzy/install/ament_lint_auto/share/ament_lint_auto/cmake)
[0.699s] -- Configuring done (0.7s)
[0.706s] -- Generating done (0.0s)
[0.709s] -- Build files have been written to: /home/leah/ros2_jazzy_ned2/build/dynamixel_sdk
[0.712s] Invoked command in '/home/leah/ros2_jazzy_ned2/build/dynamixel_sdk' returned '0': CMAKE_PREFIX_PATH=/home/leah/ros2_jazzy_ned2/install/serial:${CMAKE_PREFIX_PATH} DEBUGINFOD_URLS=https://debuginfod.ubuntu.com PKG_CONFIG_PATH=/home/leah/ros2_jazzy_ned2/install/serial/lib/x86_64-linux-gnu/pkgconfig:/home/leah/ros2_jazzy_ned2/install/serial/lib/pkgconfig:${PKG_CONFIG_PATH} ROS_PACKAGE_PATH=/home/leah/ros2_jazzy_ned2/install/serial/share /usr/bin/cmake /home/leah/ros2_jazzy_ned2/src/ned_ros/niryo_robot_hardware_stack/dynamixel_sdk -DCATKIN_INSTALL_INTO_PREFIX_ROOT=0 -DCATKIN_SYMLINK_INSTALL=ON -DCMAKE_INSTALL_PREFIX=/home/leah/ros2_jazzy_ned2/install/dynamixel_sdk
[0.713s] Invoking command in '/home/leah/ros2_jazzy_ned2/build/dynamixel_sdk': CMAKE_PREFIX_PATH=/home/leah/ros2_jazzy_ned2/install/serial:${CMAKE_PREFIX_PATH} DEBUGINFOD_URLS=https://debuginfod.ubuntu.com PKG_CONFIG_PATH=/home/leah/ros2_jazzy_ned2/install/serial/lib/x86_64-linux-gnu/pkgconfig:/home/leah/ros2_jazzy_ned2/install/serial/lib/pkgconfig:${PKG_CONFIG_PATH} ROS_PACKAGE_PATH=/home/leah/ros2_jazzy_ned2/install/serial/share /usr/bin/cmake --build /home/leah/ros2_jazzy_ned2/build/dynamixel_sdk -- -j4 -l4
[0.820s] [ 10%] [32mBuilding CXX object CMakeFiles/dynamixel_sdk.dir/src/port_handler.cpp.o[0m
[0.825s] [ 20%] [32mBuilding CXX object CMakeFiles/dynamixel_sdk.dir/src/port_handler_linux.cpp.o[0m
[0.842s] In file included from [01m[K/home/leah/ros2_jazzy_ned2/src/ned_ros/niryo_robot_hardware_stack/dynamixel_sdk/src/port_handler_linux.cpp:38[m[K:
[0.842s] [01m[K/home/leah/ros2_jazzy_ned2/src/ned_ros/niryo_robot_hardware_stack/dynamixel_sdk/include/dynamixel_sdk/port_handler_linux.h:26:10:[m[K [01;31m[Kfatal error: [m[Kserial/serial.h: No such file or directory
[0.842s]    26 | #include [01;31m[K"serial/serial.h"[m[K
[0.843s]       |          [01;31m[K^~~~~~~~~~~~~~~~~[m[K
[0.843s] compilation terminated.
[0.844s] gmake[2]: *** [CMakeFiles/dynamixel_sdk.dir/build.make:160: CMakeFiles/dynamixel_sdk.dir/src/port_handler_linux.cpp.o] Error 1
[0.844s] gmake[2]: *** Waiting for unfinished jobs....
[0.847s] [ 30%] [32mBuilding CXX object CMakeFiles/dynamixel_sdk.dir/src/protocol2_packet_handler.cpp.o[0m
[0.852s] In file included from [01m[K/home/leah/ros2_jazzy_ned2/src/ned_ros/niryo_robot_hardware_stack/dynamixel_sdk/src/port_handler.cpp:21[m[K:
[0.852s] [01m[K/home/leah/ros2_jazzy_ned2/src/ned_ros/niryo_robot_hardware_stack/dynamixel_sdk/include/dynamixel_sdk/port_handler_linux.h:26:10:[m[K [01;31m[Kfatal error: [m[Kserial/serial.h: No such file or directory
[0.852s]    26 | #include [01;31m[K"serial/serial.h"[m[K
[0.852s]       |          [01;31m[K^~~~~~~~~~~~~~~~~[m[K
[0.852s] compilation terminated.
[0.852s] gmake[2]: *** [CMakeFiles/dynamixel_sdk.dir/build.make:146: CMakeFiles/dynamixel_sdk.dir/src/port_handler.cpp.o] Error 1
[1.010s] gmake[1]: *** [CMakeFiles/Makefile2:137: CMakeFiles/dynamixel_sdk.dir/all] Error 2
[1.010s] gmake: *** [Makefile:146: all] Error 2
[1.015s] Invoked command in '/home/leah/ros2_jazzy_ned2/build/dynamixel_sdk' returned '2': CMAKE_PREFIX_PATH=/home/leah/ros2_jazzy_ned2/install/serial:${CMAKE_PREFIX_PATH} DEBUGINFOD_URLS=https://debuginfod.ubuntu.com PKG_CONFIG_PATH=/home/leah/ros2_jazzy_ned2/install/serial/lib/x86_64-linux-gnu/pkgconfig:/home/leah/ros2_jazzy_ned2/install/serial/lib/pkgconfig:${PKG_CONFIG_PATH} ROS_PACKAGE_PATH=/home/leah/ros2_jazzy_ned2/install/serial/share /usr/bin/cmake --build /home/leah/ros2_jazzy_ned2/build/dynamixel_sdk -- -j4 -l4
