-- Install configuration: ""
-- Up-to-date: /home/leah/ros2_jazzy_ned2/install/niryo_moveit_config_w_gripper1/share/niryo_moveit_config_w_gripper1/launch
-- Up-to-date: /home/leah/ros2_jazzy_ned2/install/niryo_moveit_config_w_gripper1/share/niryo_moveit_config_w_gripper1/launch/trajectory_execution.launch.xml
-- Up-to-date: /home/leah/ros2_jazzy_ned2/install/niryo_moveit_config_w_gripper1/share/niryo_moveit_config_w_gripper1/launch/sensor_manager.launch.xml
-- Up-to-date: /home/leah/ros2_jazzy_ned2/install/niryo_moveit_config_w_gripper1/share/niryo_moveit_config_w_gripper1/launch/joystick_control.launch
-- Up-to-date: /home/leah/ros2_jazzy_ned2/install/niryo_moveit_config_w_gripper1/share/niryo_moveit_config_w_gripper1/launch/warehouse_settings.launch.xml
-- Up-to-date: /home/leah/ros2_jazzy_ned2/install/niryo_moveit_config_w_gripper1/share/niryo_moveit_config_w_gripper1/launch/chomp_planning_pipeline.launch.xml
-- Up-to-date: /home/leah/ros2_jazzy_ned2/install/niryo_moveit_config_w_gripper1/share/niryo_moveit_config_w_gripper1/launch/moveit.rviz
-- Up-to-date: /home/leah/ros2_jazzy_ned2/install/niryo_moveit_config_w_gripper1/share/niryo_moveit_config_w_gripper1/launch/demo.launch
-- Up-to-date: /home/leah/ros2_jazzy_ned2/install/niryo_moveit_config_w_gripper1/share/niryo_moveit_config_w_gripper1/launch/move_group.launch
-- Up-to-date: /home/leah/ros2_jazzy_ned2/install/niryo_moveit_config_w_gripper1/share/niryo_moveit_config_w_gripper1/launch/my_demo.launch
-- Up-to-date: /home/leah/ros2_jazzy_ned2/install/niryo_moveit_config_w_gripper1/share/niryo_moveit_config_w_gripper1/launch/default_warehouse_db.launch
-- Up-to-date: /home/leah/ros2_jazzy_ned2/install/niryo_moveit_config_w_gripper1/share/niryo_moveit_config_w_gripper1/launch/planning_context.launch
-- Up-to-date: /home/leah/ros2_jazzy_ned2/install/niryo_moveit_config_w_gripper1/share/niryo_moveit_config_w_gripper1/launch/warehouse.launch
-- Up-to-date: /home/leah/ros2_jazzy_ned2/install/niryo_moveit_config_w_gripper1/share/niryo_moveit_config_w_gripper1/launch/ros_controllers.launch
-- Up-to-date: /home/leah/ros2_jazzy_ned2/install/niryo_moveit_config_w_gripper1/share/niryo_moveit_config_w_gripper1/launch/planning_pipeline.launch.xml
-- Up-to-date: /home/leah/ros2_jazzy_ned2/install/niryo_moveit_config_w_gripper1/share/niryo_moveit_config_w_gripper1/launch/moveit_rviz.launch
-- Up-to-date: /home/leah/ros2_jazzy_ned2/install/niryo_moveit_config_w_gripper1/share/niryo_moveit_config_w_gripper1/launch/niryo_moveit_controller_manager.launch.xml
-- Up-to-date: /home/leah/ros2_jazzy_ned2/install/niryo_moveit_config_w_gripper1/share/niryo_moveit_config_w_gripper1/launch/niryo_moveit_sensor_manager.launch.xml
-- Up-to-date: /home/leah/ros2_jazzy_ned2/install/niryo_moveit_config_w_gripper1/share/niryo_moveit_config_w_gripper1/launch/ompl_planning_pipeline.launch.xml
-- Up-to-date: /home/leah/ros2_jazzy_ned2/install/niryo_moveit_config_w_gripper1/share/niryo_moveit_config_w_gripper1/launch/demo_gazebo.launch
-- Up-to-date: /home/leah/ros2_jazzy_ned2/install/niryo_moveit_config_w_gripper1/share/niryo_moveit_config_w_gripper1/launch/gazebo.launch
-- Up-to-date: /home/leah/ros2_jazzy_ned2/install/niryo_moveit_config_w_gripper1/share/niryo_moveit_config_w_gripper1/launch/run_benchmark_ompl.launch
-- Up-to-date: /home/leah/ros2_jazzy_ned2/install/niryo_moveit_config_w_gripper1/share/niryo_moveit_config_w_gripper1/config
-- Up-to-date: /home/leah/ros2_jazzy_ned2/install/niryo_moveit_config_w_gripper1/share/niryo_moveit_config_w_gripper1/config/ned2
-- Up-to-date: /home/leah/ros2_jazzy_ned2/install/niryo_moveit_config_w_gripper1/share/niryo_moveit_config_w_gripper1/config/ned2/ros_controllers.yaml
-- Up-to-date: /home/leah/ros2_jazzy_ned2/install/niryo_moveit_config_w_gripper1/share/niryo_moveit_config_w_gripper1/config/ned2/niryo_ned2.srdf
-- Up-to-date: /home/leah/ros2_jazzy_ned2/install/niryo_moveit_config_w_gripper1/share/niryo_moveit_config_w_gripper1/config/ned2/simulation
-- Up-to-date: /home/leah/ros2_jazzy_ned2/install/niryo_moveit_config_w_gripper1/share/niryo_moveit_config_w_gripper1/config/ned2/simulation/joint_limits.yaml
-- Up-to-date: /home/leah/ros2_jazzy_ned2/install/niryo_moveit_config_w_gripper1/share/niryo_moveit_config_w_gripper1/config/ned2/joint_limits.yaml
-- Up-to-date: /home/leah/ros2_jazzy_ned2/install/niryo_moveit_config_w_gripper1/share/niryo_moveit_config_w_gripper1/config/one
-- Up-to-date: /home/leah/ros2_jazzy_ned2/install/niryo_moveit_config_w_gripper1/share/niryo_moveit_config_w_gripper1/config/one/niryo_one.srdf
-- Up-to-date: /home/leah/ros2_jazzy_ned2/install/niryo_moveit_config_w_gripper1/share/niryo_moveit_config_w_gripper1/config/one/simulation
-- Up-to-date: /home/leah/ros2_jazzy_ned2/install/niryo_moveit_config_w_gripper1/share/niryo_moveit_config_w_gripper1/config/one/simulation/joint_limits.yaml
-- Up-to-date: /home/leah/ros2_jazzy_ned2/install/niryo_moveit_config_w_gripper1/share/niryo_moveit_config_w_gripper1/config/one/joint_limits.yaml
-- Up-to-date: /home/leah/ros2_jazzy_ned2/install/niryo_moveit_config_w_gripper1/share/niryo_moveit_config_w_gripper1/config/kinematics.yaml
-- Up-to-date: /home/leah/ros2_jazzy_ned2/install/niryo_moveit_config_w_gripper1/share/niryo_moveit_config_w_gripper1/config/ompl_planning.yaml
-- Up-to-date: /home/leah/ros2_jazzy_ned2/install/niryo_moveit_config_w_gripper1/share/niryo_moveit_config_w_gripper1/config/sensors_3d.yaml
-- Up-to-date: /home/leah/ros2_jazzy_ned2/install/niryo_moveit_config_w_gripper1/share/niryo_moveit_config_w_gripper1/config/chomp_planning.yaml
-- Up-to-date: /home/leah/ros2_jazzy_ned2/install/niryo_moveit_config_w_gripper1/share/niryo_moveit_config_w_gripper1/config/ned3pro
-- Up-to-date: /home/leah/ros2_jazzy_ned2/install/niryo_moveit_config_w_gripper1/share/niryo_moveit_config_w_gripper1/config/ned3pro/ros_controllers.yaml
-- Up-to-date: /home/leah/ros2_jazzy_ned2/install/niryo_moveit_config_w_gripper1/share/niryo_moveit_config_w_gripper1/config/ned3pro/niryo_ned3pro.srdf
-- Up-to-date: /home/leah/ros2_jazzy_ned2/install/niryo_moveit_config_w_gripper1/share/niryo_moveit_config_w_gripper1/config/ned3pro/simulation
-- Up-to-date: /home/leah/ros2_jazzy_ned2/install/niryo_moveit_config_w_gripper1/share/niryo_moveit_config_w_gripper1/config/ned3pro/simulation/joint_limits.yaml
-- Up-to-date: /home/leah/ros2_jazzy_ned2/install/niryo_moveit_config_w_gripper1/share/niryo_moveit_config_w_gripper1/config/ned3pro/joint_limits.yaml
-- Up-to-date: /home/leah/ros2_jazzy_ned2/install/niryo_moveit_config_w_gripper1/share/niryo_moveit_config_w_gripper1/config/ned
-- Up-to-date: /home/leah/ros2_jazzy_ned2/install/niryo_moveit_config_w_gripper1/share/niryo_moveit_config_w_gripper1/config/ned/ros_controllers.yaml
-- Up-to-date: /home/leah/ros2_jazzy_ned2/install/niryo_moveit_config_w_gripper1/share/niryo_moveit_config_w_gripper1/config/ned/niryo_ned.srdf
-- Up-to-date: /home/leah/ros2_jazzy_ned2/install/niryo_moveit_config_w_gripper1/share/niryo_moveit_config_w_gripper1/config/ned/simulation
-- Up-to-date: /home/leah/ros2_jazzy_ned2/install/niryo_moveit_config_w_gripper1/share/niryo_moveit_config_w_gripper1/config/ned/simulation/joint_limits.yaml
-- Up-to-date: /home/leah/ros2_jazzy_ned2/install/niryo_moveit_config_w_gripper1/share/niryo_moveit_config_w_gripper1/config/ned/joint_limits.yaml
-- Up-to-date: /home/leah/ros2_jazzy_ned2/install/niryo_moveit_config_w_gripper1/share/ament_index/resource_index/package_run_dependencies/niryo_moveit_config_w_gripper1
-- Up-to-date: /home/leah/ros2_jazzy_ned2/install/niryo_moveit_config_w_gripper1/share/ament_index/resource_index/parent_prefix_path/niryo_moveit_config_w_gripper1
-- Up-to-date: /home/leah/ros2_jazzy_ned2/install/niryo_moveit_config_w_gripper1/share/niryo_moveit_config_w_gripper1/environment/ament_prefix_path.dsv
-- Up-to-date: /home/leah/ros2_jazzy_ned2/install/niryo_moveit_config_w_gripper1/share/niryo_moveit_config_w_gripper1/environment/path.dsv
-- Up-to-date: /home/leah/ros2_jazzy_ned2/install/niryo_moveit_config_w_gripper1/share/niryo_moveit_config_w_gripper1/local_setup.bash
-- Up-to-date: /home/leah/ros2_jazzy_ned2/install/niryo_moveit_config_w_gripper1/share/niryo_moveit_config_w_gripper1/local_setup.sh
-- Up-to-date: /home/leah/ros2_jazzy_ned2/install/niryo_moveit_config_w_gripper1/share/niryo_moveit_config_w_gripper1/local_setup.zsh
-- Up-to-date: /home/leah/ros2_jazzy_ned2/install/niryo_moveit_config_w_gripper1/share/niryo_moveit_config_w_gripper1/local_setup.dsv
-- Up-to-date: /home/leah/ros2_jazzy_ned2/install/niryo_moveit_config_w_gripper1/share/niryo_moveit_config_w_gripper1/package.dsv
-- Up-to-date: /home/leah/ros2_jazzy_ned2/install/niryo_moveit_config_w_gripper1/share/ament_index/resource_index/packages/niryo_moveit_config_w_gripper1
-- Up-to-date: /home/leah/ros2_jazzy_ned2/install/niryo_moveit_config_w_gripper1/share/niryo_moveit_config_w_gripper1/cmake/niryo_moveit_config_w_gripper1Config.cmake
-- Up-to-date: /home/leah/ros2_jazzy_ned2/install/niryo_moveit_config_w_gripper1/share/niryo_moveit_config_w_gripper1/cmake/niryo_moveit_config_w_gripper1Config-version.cmake
-- Up-to-date: /home/leah/ros2_jazzy_ned2/install/niryo_moveit_config_w_gripper1/share/niryo_moveit_config_w_gripper1/package.xml
