[0.057s] Invoking command in '/home/leah/ros2_jazzy_ned2/build/niryo_moveit_config_standalone': CMAKE_PREFIX_PATH=/home/leah/ros2_jazzy_ned2/install/niryo_robot_description:${CMAKE_PREFIX_PATH} DEBUGINFOD_URLS=https://debuginfod.ubuntu.com PKG_CONFIG_PATH=/home/leah/ros2_jazzy_ned2/install/niryo_robot_description/lib/x86_64-linux-gnu/pkgconfig:/home/leah/ros2_jazzy_ned2/install/niryo_robot_description/lib/pkgconfig:${PKG_CONFIG_PATH} ROS_PACKAGE_PATH=/home/leah/ros2_jazzy_ned2/install/niryo_robot_description/share /usr/bin/cmake --build /home/leah/ros2_jazzy_ned2/build/niryo_moveit_config_standalone -- -j4 -l4
[0.170s] Invoked command in '/home/leah/ros2_jazzy_ned2/build/niryo_moveit_config_standalone' returned '0': CMAKE_PREFIX_PATH=/home/leah/ros2_jazzy_ned2/install/niryo_robot_description:${CMAKE_PREFIX_PATH} DEBUGINFOD_URLS=https://debuginfod.ubuntu.com PKG_CONFIG_PATH=/home/leah/ros2_jazzy_ned2/install/niryo_robot_description/lib/x86_64-linux-gnu/pkgconfig:/home/leah/ros2_jazzy_ned2/install/niryo_robot_description/lib/pkgconfig:${PKG_CONFIG_PATH} ROS_PACKAGE_PATH=/home/leah/ros2_jazzy_ned2/install/niryo_robot_description/share /usr/bin/cmake --build /home/leah/ros2_jazzy_ned2/build/niryo_moveit_config_standalone -- -j4 -l4
[0.290s] Invoking command in '/home/leah/ros2_jazzy_ned2/build/niryo_moveit_config_standalone': CMAKE_PREFIX_PATH=/home/leah/ros2_jazzy_ned2/install/niryo_robot_description:${CMAKE_PREFIX_PATH} DEBUGINFOD_URLS=https://debuginfod.ubuntu.com PKG_CONFIG_PATH=/home/leah/ros2_jazzy_ned2/install/niryo_robot_description/lib/x86_64-linux-gnu/pkgconfig:/home/leah/ros2_jazzy_ned2/install/niryo_robot_description/lib/pkgconfig:${PKG_CONFIG_PATH} ROS_PACKAGE_PATH=/home/leah/ros2_jazzy_ned2/install/niryo_robot_description/share /usr/bin/cmake --install /home/leah/ros2_jazzy_ned2/build/niryo_moveit_config_standalone
[0.306s] -- Install configuration: ""
[0.306s] -- Up-to-date: /home/leah/ros2_jazzy_ned2/install/niryo_moveit_config_standalone/share/niryo_moveit_config_standalone/launch
[0.306s] -- Up-to-date: /home/leah/ros2_jazzy_ned2/install/niryo_moveit_config_standalone/share/niryo_moveit_config_standalone/launch/trajectory_execution.launch.xml
[0.306s] -- Up-to-date: /home/leah/ros2_jazzy_ned2/install/niryo_moveit_config_standalone/share/niryo_moveit_config_standalone/launch/sensor_manager.launch.xml
[0.306s] -- Up-to-date: /home/leah/ros2_jazzy_ned2/install/niryo_moveit_config_standalone/share/niryo_moveit_config_standalone/launch/joystick_control.launch
[0.306s] -- Up-to-date: /home/leah/ros2_jazzy_ned2/install/niryo_moveit_config_standalone/share/niryo_moveit_config_standalone/launch/warehouse_settings.launch.xml
[0.306s] -- Up-to-date: /home/leah/ros2_jazzy_ned2/install/niryo_moveit_config_standalone/share/niryo_moveit_config_standalone/launch/moveit.rviz
[0.306s] -- Up-to-date: /home/leah/ros2_jazzy_ned2/install/niryo_moveit_config_standalone/share/niryo_moveit_config_standalone/launch/demo.launch
[0.306s] -- Up-to-date: /home/leah/ros2_jazzy_ned2/install/niryo_moveit_config_standalone/share/niryo_moveit_config_standalone/launch/move_group.launch
[0.306s] -- Up-to-date: /home/leah/ros2_jazzy_ned2/install/niryo_moveit_config_standalone/share/niryo_moveit_config_standalone/launch/default_warehouse_db.launch
[0.306s] -- Up-to-date: /home/leah/ros2_jazzy_ned2/install/niryo_moveit_config_standalone/share/niryo_moveit_config_standalone/launch/planning_context.launch
[0.306s] -- Up-to-date: /home/leah/ros2_jazzy_ned2/install/niryo_moveit_config_standalone/share/niryo_moveit_config_standalone/launch/warehouse.launch
[0.306s] -- Up-to-date: /home/leah/ros2_jazzy_ned2/install/niryo_moveit_config_standalone/share/niryo_moveit_config_standalone/launch/planning_pipeline.launch.xml
[0.306s] -- Up-to-date: /home/leah/ros2_jazzy_ned2/install/niryo_moveit_config_standalone/share/niryo_moveit_config_standalone/launch/moveit_rviz.launch
[0.306s] -- Up-to-date: /home/leah/ros2_jazzy_ned2/install/niryo_moveit_config_standalone/share/niryo_moveit_config_standalone/launch/niryo_moveit_controller_manager.launch.xml
[0.306s] -- Up-to-date: /home/leah/ros2_jazzy_ned2/install/niryo_moveit_config_standalone/share/niryo_moveit_config_standalone/launch/niryo_moveit_sensor_manager.launch.xml
[0.306s] -- Up-to-date: /home/leah/ros2_jazzy_ned2/install/niryo_moveit_config_standalone/share/niryo_moveit_config_standalone/launch/ompl_planning_pipeline.launch.xml
[0.306s] -- Up-to-date: /home/leah/ros2_jazzy_ned2/install/niryo_moveit_config_standalone/share/niryo_moveit_config_standalone/launch/run_benchmark_ompl.launch
[0.306s] -- Up-to-date: /home/leah/ros2_jazzy_ned2/install/niryo_moveit_config_standalone/share/niryo_moveit_config_standalone/config
[0.306s] -- Up-to-date: /home/leah/ros2_jazzy_ned2/install/niryo_moveit_config_standalone/share/niryo_moveit_config_standalone/config/ned2
[0.307s] -- Up-to-date: /home/leah/ros2_jazzy_ned2/install/niryo_moveit_config_standalone/share/niryo_moveit_config_standalone/config/ned2/ros_controllers.yaml
[0.307s] -- Up-to-date: /home/leah/ros2_jazzy_ned2/install/niryo_moveit_config_standalone/share/niryo_moveit_config_standalone/config/ned2/niryo_ned2.srdf
[0.307s] -- Up-to-date: /home/leah/ros2_jazzy_ned2/install/niryo_moveit_config_standalone/share/niryo_moveit_config_standalone/config/ned2/simulation
[0.307s] -- Up-to-date: /home/leah/ros2_jazzy_ned2/install/niryo_moveit_config_standalone/share/niryo_moveit_config_standalone/config/ned2/simulation/joint_limits.yaml
[0.307s] -- Up-to-date: /home/leah/ros2_jazzy_ned2/install/niryo_moveit_config_standalone/share/niryo_moveit_config_standalone/config/ned2/joint_limits.yaml
[0.307s] -- Up-to-date: /home/leah/ros2_jazzy_ned2/install/niryo_moveit_config_standalone/share/niryo_moveit_config_standalone/config/one
[0.307s] -- Up-to-date: /home/leah/ros2_jazzy_ned2/install/niryo_moveit_config_standalone/share/niryo_moveit_config_standalone/config/one/niryo_one.srdf
[0.307s] -- Up-to-date: /home/leah/ros2_jazzy_ned2/install/niryo_moveit_config_standalone/share/niryo_moveit_config_standalone/config/one/simulation
[0.307s] -- Up-to-date: /home/leah/ros2_jazzy_ned2/install/niryo_moveit_config_standalone/share/niryo_moveit_config_standalone/config/one/simulation/joint_limits.yaml
[0.307s] -- Up-to-date: /home/leah/ros2_jazzy_ned2/install/niryo_moveit_config_standalone/share/niryo_moveit_config_standalone/config/one/joint_limits.yaml
[0.308s] -- Up-to-date: /home/leah/ros2_jazzy_ned2/install/niryo_moveit_config_standalone/share/niryo_moveit_config_standalone/config/kinematics.yaml
[0.308s] -- Up-to-date: /home/leah/ros2_jazzy_ned2/install/niryo_moveit_config_standalone/share/niryo_moveit_config_standalone/config/ompl_planning.yaml
[0.308s] -- Up-to-date: /home/leah/ros2_jazzy_ned2/install/niryo_moveit_config_standalone/share/niryo_moveit_config_standalone/config/sensors_3d.yaml
[0.308s] -- Up-to-date: /home/leah/ros2_jazzy_ned2/install/niryo_moveit_config_standalone/share/niryo_moveit_config_standalone/config/ned3pro
[0.310s] -- Up-to-date: /home/leah/ros2_jazzy_ned2/install/niryo_moveit_config_standalone/share/niryo_moveit_config_standalone/config/ned3pro/ros_controllers.yaml
[0.310s] -- Up-to-date: /home/leah/ros2_jazzy_ned2/install/niryo_moveit_config_standalone/share/niryo_moveit_config_standalone/config/ned3pro/niryo_ned3pro.srdf
[0.310s] -- Up-to-date: /home/leah/ros2_jazzy_ned2/install/niryo_moveit_config_standalone/share/niryo_moveit_config_standalone/config/ned3pro/simulation
[0.310s] -- Up-to-date: /home/leah/ros2_jazzy_ned2/install/niryo_moveit_config_standalone/share/niryo_moveit_config_standalone/config/ned3pro/simulation/joint_limits.yaml
[0.310s] -- Up-to-date: /home/leah/ros2_jazzy_ned2/install/niryo_moveit_config_standalone/share/niryo_moveit_config_standalone/config/ned3pro/joint_limits.yaml
[0.310s] -- Up-to-date: /home/leah/ros2_jazzy_ned2/install/niryo_moveit_config_standalone/share/niryo_moveit_config_standalone/config/ned
[0.310s] -- Up-to-date: /home/leah/ros2_jazzy_ned2/install/niryo_moveit_config_standalone/share/niryo_moveit_config_standalone/config/ned/ros_controllers.yaml
[0.310s] -- Up-to-date: /home/leah/ros2_jazzy_ned2/install/niryo_moveit_config_standalone/share/niryo_moveit_config_standalone/config/ned/niryo_ned.srdf
[0.310s] -- Up-to-date: /home/leah/ros2_jazzy_ned2/install/niryo_moveit_config_standalone/share/niryo_moveit_config_standalone/config/ned/simulation
[0.310s] -- Up-to-date: /home/leah/ros2_jazzy_ned2/install/niryo_moveit_config_standalone/share/niryo_moveit_config_standalone/config/ned/simulation/joint_limits.yaml
[0.310s] -- Up-to-date: /home/leah/ros2_jazzy_ned2/install/niryo_moveit_config_standalone/share/niryo_moveit_config_standalone/config/ned/joint_limits.yaml
[0.310s] -- Up-to-date: /home/leah/ros2_jazzy_ned2/install/niryo_moveit_config_standalone/share/ament_index/resource_index/package_run_dependencies/niryo_moveit_config_standalone
[0.310s] -- Up-to-date: /home/leah/ros2_jazzy_ned2/install/niryo_moveit_config_standalone/share/ament_index/resource_index/parent_prefix_path/niryo_moveit_config_standalone
[0.310s] -- Up-to-date: /home/leah/ros2_jazzy_ned2/install/niryo_moveit_config_standalone/share/niryo_moveit_config_standalone/environment/ament_prefix_path.dsv
[0.310s] -- Up-to-date: /home/leah/ros2_jazzy_ned2/install/niryo_moveit_config_standalone/share/niryo_moveit_config_standalone/environment/path.dsv
[0.310s] -- Up-to-date: /home/leah/ros2_jazzy_ned2/install/niryo_moveit_config_standalone/share/niryo_moveit_config_standalone/local_setup.bash
[0.310s] -- Up-to-date: /home/leah/ros2_jazzy_ned2/install/niryo_moveit_config_standalone/share/niryo_moveit_config_standalone/local_setup.sh
[0.310s] -- Up-to-date: /home/leah/ros2_jazzy_ned2/install/niryo_moveit_config_standalone/share/niryo_moveit_config_standalone/local_setup.zsh
[0.310s] -- Up-to-date: /home/leah/ros2_jazzy_ned2/install/niryo_moveit_config_standalone/share/niryo_moveit_config_standalone/local_setup.dsv
[0.310s] -- Installing: /home/leah/ros2_jazzy_ned2/install/niryo_moveit_config_standalone/share/niryo_moveit_config_standalone/package.dsv
[0.310s] -- Up-to-date: /home/leah/ros2_jazzy_ned2/install/niryo_moveit_config_standalone/share/ament_index/resource_index/packages/niryo_moveit_config_standalone
[0.310s] -- Up-to-date: /home/leah/ros2_jazzy_ned2/install/niryo_moveit_config_standalone/share/niryo_moveit_config_standalone/cmake/niryo_moveit_config_standaloneConfig.cmake
[0.311s] -- Up-to-date: /home/leah/ros2_jazzy_ned2/install/niryo_moveit_config_standalone/share/niryo_moveit_config_standalone/cmake/niryo_moveit_config_standaloneConfig-version.cmake
[0.311s] -- Up-to-date: /home/leah/ros2_jazzy_ned2/install/niryo_moveit_config_standalone/share/niryo_moveit_config_standalone/package.xml
[0.312s] Invoked command in '/home/leah/ros2_jazzy_ned2/build/niryo_moveit_config_standalone' returned '0': CMAKE_PREFIX_PATH=/home/leah/ros2_jazzy_ned2/install/niryo_robot_description:${CMAKE_PREFIX_PATH} DEBUGINFOD_URLS=https://debuginfod.ubuntu.com PKG_CONFIG_PATH=/home/leah/ros2_jazzy_ned2/install/niryo_robot_description/lib/x86_64-linux-gnu/pkgconfig:/home/leah/ros2_jazzy_ned2/install/niryo_robot_description/lib/pkgconfig:${PKG_CONFIG_PATH} ROS_PACKAGE_PATH=/home/leah/ros2_jazzy_ned2/install/niryo_robot_description/share /usr/bin/cmake --install /home/leah/ros2_jazzy_ned2/build/niryo_moveit_config_standalone
