-- Install configuration: ""
-- Up-to-date: /home/leah/ros2_jazzy_ned2/install/niryo_moveit_config_standalone/share/niryo_moveit_config_standalone/launch
-- Up-to-date: /home/leah/ros2_jazzy_ned2/install/niryo_moveit_config_standalone/share/niryo_moveit_config_standalone/launch/trajectory_execution.launch.xml
-- Up-to-date: /home/leah/ros2_jazzy_ned2/install/niryo_moveit_config_standalone/share/niryo_moveit_config_standalone/launch/sensor_manager.launch.xml
-- Up-to-date: /home/leah/ros2_jazzy_ned2/install/niryo_moveit_config_standalone/share/niryo_moveit_config_standalone/launch/joystick_control.launch
-- Up-to-date: /home/leah/ros2_jazzy_ned2/install/niryo_moveit_config_standalone/share/niryo_moveit_config_standalone/launch/warehouse_settings.launch.xml
-- Up-to-date: /home/leah/ros2_jazzy_ned2/install/niryo_moveit_config_standalone/share/niryo_moveit_config_standalone/launch/moveit.rviz
-- Up-to-date: /home/leah/ros2_jazzy_ned2/install/niryo_moveit_config_standalone/share/niryo_moveit_config_standalone/launch/demo.launch
-- Up-to-date: /home/leah/ros2_jazzy_ned2/install/niryo_moveit_config_standalone/share/niryo_moveit_config_standalone/launch/move_group.launch
-- Up-to-date: /home/leah/ros2_jazzy_ned2/install/niryo_moveit_config_standalone/share/niryo_moveit_config_standalone/launch/default_warehouse_db.launch
-- Up-to-date: /home/leah/ros2_jazzy_ned2/install/niryo_moveit_config_standalone/share/niryo_moveit_config_standalone/launch/planning_context.launch
-- Up-to-date: /home/leah/ros2_jazzy_ned2/install/niryo_moveit_config_standalone/share/niryo_moveit_config_standalone/launch/warehouse.launch
-- Up-to-date: /home/leah/ros2_jazzy_ned2/install/niryo_moveit_config_standalone/share/niryo_moveit_config_standalone/launch/planning_pipeline.launch.xml
-- Up-to-date: /home/leah/ros2_jazzy_ned2/install/niryo_moveit_config_standalone/share/niryo_moveit_config_standalone/launch/moveit_rviz.launch
-- Up-to-date: /home/leah/ros2_jazzy_ned2/install/niryo_moveit_config_standalone/share/niryo_moveit_config_standalone/launch/niryo_moveit_controller_manager.launch.xml
-- Up-to-date: /home/leah/ros2_jazzy_ned2/install/niryo_moveit_config_standalone/share/niryo_moveit_config_standalone/launch/niryo_moveit_sensor_manager.launch.xml
-- Up-to-date: /home/leah/ros2_jazzy_ned2/install/niryo_moveit_config_standalone/share/niryo_moveit_config_standalone/launch/ompl_planning_pipeline.launch.xml
-- Up-to-date: /home/leah/ros2_jazzy_ned2/install/niryo_moveit_config_standalone/share/niryo_moveit_config_standalone/launch/run_benchmark_ompl.launch
-- Up-to-date: /home/leah/ros2_jazzy_ned2/install/niryo_moveit_config_standalone/share/niryo_moveit_config_standalone/config
-- Up-to-date: /home/leah/ros2_jazzy_ned2/install/niryo_moveit_config_standalone/share/niryo_moveit_config_standalone/config/ned2
-- Up-to-date: /home/leah/ros2_jazzy_ned2/install/niryo_moveit_config_standalone/share/niryo_moveit_config_standalone/config/ned2/ros_controllers.yaml
-- Up-to-date: /home/leah/ros2_jazzy_ned2/install/niryo_moveit_config_standalone/share/niryo_moveit_config_standalone/config/ned2/niryo_ned2.srdf
-- Up-to-date: /home/leah/ros2_jazzy_ned2/install/niryo_moveit_config_standalone/share/niryo_moveit_config_standalone/config/ned2/simulation
-- Up-to-date: /home/leah/ros2_jazzy_ned2/install/niryo_moveit_config_standalone/share/niryo_moveit_config_standalone/config/ned2/simulation/joint_limits.yaml
-- Up-to-date: /home/leah/ros2_jazzy_ned2/install/niryo_moveit_config_standalone/share/niryo_moveit_config_standalone/config/ned2/joint_limits.yaml
-- Up-to-date: /home/leah/ros2_jazzy_ned2/install/niryo_moveit_config_standalone/share/niryo_moveit_config_standalone/config/one
-- Up-to-date: /home/leah/ros2_jazzy_ned2/install/niryo_moveit_config_standalone/share/niryo_moveit_config_standalone/config/one/niryo_one.srdf
-- Up-to-date: /home/leah/ros2_jazzy_ned2/install/niryo_moveit_config_standalone/share/niryo_moveit_config_standalone/config/one/simulation
-- Up-to-date: /home/leah/ros2_jazzy_ned2/install/niryo_moveit_config_standalone/share/niryo_moveit_config_standalone/config/one/simulation/joint_limits.yaml
-- Up-to-date: /home/leah/ros2_jazzy_ned2/install/niryo_moveit_config_standalone/share/niryo_moveit_config_standalone/config/one/joint_limits.yaml
-- Up-to-date: /home/leah/ros2_jazzy_ned2/install/niryo_moveit_config_standalone/share/niryo_moveit_config_standalone/config/kinematics.yaml
-- Up-to-date: /home/leah/ros2_jazzy_ned2/install/niryo_moveit_config_standalone/share/niryo_moveit_config_standalone/config/ompl_planning.yaml
-- Up-to-date: /home/leah/ros2_jazzy_ned2/install/niryo_moveit_config_standalone/share/niryo_moveit_config_standalone/config/sensors_3d.yaml
-- Up-to-date: /home/leah/ros2_jazzy_ned2/install/niryo_moveit_config_standalone/share/niryo_moveit_config_standalone/config/ned3pro
-- Up-to-date: /home/leah/ros2_jazzy_ned2/install/niryo_moveit_config_standalone/share/niryo_moveit_config_standalone/config/ned3pro/ros_controllers.yaml
-- Up-to-date: /home/leah/ros2_jazzy_ned2/install/niryo_moveit_config_standalone/share/niryo_moveit_config_standalone/config/ned3pro/niryo_ned3pro.srdf
-- Up-to-date: /home/leah/ros2_jazzy_ned2/install/niryo_moveit_config_standalone/share/niryo_moveit_config_standalone/config/ned3pro/simulation
-- Up-to-date: /home/leah/ros2_jazzy_ned2/install/niryo_moveit_config_standalone/share/niryo_moveit_config_standalone/config/ned3pro/simulation/joint_limits.yaml
-- Up-to-date: /home/leah/ros2_jazzy_ned2/install/niryo_moveit_config_standalone/share/niryo_moveit_config_standalone/config/ned3pro/joint_limits.yaml
-- Up-to-date: /home/leah/ros2_jazzy_ned2/install/niryo_moveit_config_standalone/share/niryo_moveit_config_standalone/config/ned
-- Up-to-date: /home/leah/ros2_jazzy_ned2/install/niryo_moveit_config_standalone/share/niryo_moveit_config_standalone/config/ned/ros_controllers.yaml
-- Up-to-date: /home/leah/ros2_jazzy_ned2/install/niryo_moveit_config_standalone/share/niryo_moveit_config_standalone/config/ned/niryo_ned.srdf
-- Up-to-date: /home/leah/ros2_jazzy_ned2/install/niryo_moveit_config_standalone/share/niryo_moveit_config_standalone/config/ned/simulation
-- Up-to-date: /home/leah/ros2_jazzy_ned2/install/niryo_moveit_config_standalone/share/niryo_moveit_config_standalone/config/ned/simulation/joint_limits.yaml
-- Up-to-date: /home/leah/ros2_jazzy_ned2/install/niryo_moveit_config_standalone/share/niryo_moveit_config_standalone/config/ned/joint_limits.yaml
-- Up-to-date: /home/leah/ros2_jazzy_ned2/install/niryo_moveit_config_standalone/share/ament_index/resource_index/package_run_dependencies/niryo_moveit_config_standalone
-- Up-to-date: /home/leah/ros2_jazzy_ned2/install/niryo_moveit_config_standalone/share/ament_index/resource_index/parent_prefix_path/niryo_moveit_config_standalone
-- Up-to-date: /home/leah/ros2_jazzy_ned2/install/niryo_moveit_config_standalone/share/niryo_moveit_config_standalone/environment/ament_prefix_path.dsv
-- Up-to-date: /home/leah/ros2_jazzy_ned2/install/niryo_moveit_config_standalone/share/niryo_moveit_config_standalone/environment/path.dsv
-- Up-to-date: /home/leah/ros2_jazzy_ned2/install/niryo_moveit_config_standalone/share/niryo_moveit_config_standalone/local_setup.bash
-- Up-to-date: /home/leah/ros2_jazzy_ned2/install/niryo_moveit_config_standalone/share/niryo_moveit_config_standalone/local_setup.sh
-- Up-to-date: /home/leah/ros2_jazzy_ned2/install/niryo_moveit_config_standalone/share/niryo_moveit_config_standalone/local_setup.zsh
-- Up-to-date: /home/leah/ros2_jazzy_ned2/install/niryo_moveit_config_standalone/share/niryo_moveit_config_standalone/local_setup.dsv
-- Installing: /home/leah/ros2_jazzy_ned2/install/niryo_moveit_config_standalone/share/niryo_moveit_config_standalone/package.dsv
-- Up-to-date: /home/leah/ros2_jazzy_ned2/install/niryo_moveit_config_standalone/share/ament_index/resource_index/packages/niryo_moveit_config_standalone
-- Up-to-date: /home/leah/ros2_jazzy_ned2/install/niryo_moveit_config_standalone/share/niryo_moveit_config_standalone/cmake/niryo_moveit_config_standaloneConfig.cmake
-- Up-to-date: /home/leah/ros2_jazzy_ned2/install/niryo_moveit_config_standalone/share/niryo_moveit_config_standalone/cmake/niryo_moveit_config_standaloneConfig-version.cmake
-- Up-to-date: /home/leah/ros2_jazzy_ned2/install/niryo_moveit_config_standalone/share/niryo_moveit_config_standalone/package.xml
