[0.045s] Invoking command in '/home/leah/ros2_jazzy_ned2/build/niryo_robot_description': DEBUGINFOD_URLS=https://debuginfod.ubuntu.com /usr/bin/cmake /home/leah/ros2_jazzy_ned2/src/ned_ros/niryo_robot_description -DCATKIN_INSTALL_INTO_PREFIX_ROOT=0 -DCATKIN_SYMLINK_INSTALL=ON -DCMAKE_INSTALL_PREFIX=/home/leah/ros2_jazzy_ned2/install/niryo_robot_description
[0.120s] -- The C compiler identification is GNU 13.2.0
[0.171s] -- The CXX compiler identification is GNU 13.2.0
[0.195s] -- Detecting C compiler ABI info
[0.339s] -- Detecting C compiler ABI info - done
[0.348s] -- Check for working C compiler: /usr/bin/cc - skipped
[0.349s] -- Detecting C compile features
[0.349s] -- Detecting C compile features - done
[0.361s] -- Detecting CXX compiler ABI info
[0.506s] -- Detecting CXX compiler ABI info - done
[0.512s] -- Check for working CXX compiler: /usr/bin/c++ - skipped
[0.513s] -- Detecting CXX compile features
[0.513s] -- Detecting CXX compile features - done
[0.532s] -- 
[0.532s] ## Reading niryo_robot_description/CMakeLists.txt...
[0.533s] -- Found ament_cmake: 2.5.2 (/home/leah/ros2_jazzy/install/ament_cmake/share/ament_cmake/cmake)
[1.056s] -- Found Python3: /usr/bin/python3 (found version "3.12.3") found components: Interpreter 
[1.484s] -- Found ament_lint_auto: 0.17.1 (/home/leah/ros2_jazzy/install/ament_lint_auto/share/ament_lint_auto/cmake)
[1.501s] -- Found ament_lint_common: 0.17.1 (/home/leah/ros2_jazzy/install/ament_lint_common/share/ament_lint_common/cmake)
[1.869s] -- Added test 'copyright' to check source files copyright and LICENSE
[1.885s] -- Added test 'lint_cmake' to check CMake code style
[1.897s] -- Added test 'xmllint' to check XML markup files
[1.909s] -- Configuring done (1.9s)
[1.909s] -- Generating done (0.0s)
[1.909s] -- Build files have been written to: /home/leah/ros2_jazzy_ned2/build/niryo_robot_description
[1.909s] [33mCMake Warning:
[1.909s]   Manually-specified variables were not used by the project:
[1.910s] 
[1.910s]     CATKIN_INSTALL_INTO_PREFIX_ROOT
[1.910s]     CATKIN_SYMLINK_INSTALL
[1.910s] 
[1.910s] [0m
[1.912s] Invoked command in '/home/leah/ros2_jazzy_ned2/build/niryo_robot_description' returned '0': DEBUGINFOD_URLS=https://debuginfod.ubuntu.com /usr/bin/cmake /home/leah/ros2_jazzy_ned2/src/ned_ros/niryo_robot_description -DCATKIN_INSTALL_INTO_PREFIX_ROOT=0 -DCATKIN_SYMLINK_INSTALL=ON -DCMAKE_INSTALL_PREFIX=/home/leah/ros2_jazzy_ned2/install/niryo_robot_description
[1.912s] Invoking command in '/home/leah/ros2_jazzy_ned2/build/niryo_robot_description': DEBUGINFOD_URLS=https://debuginfod.ubuntu.com /usr/bin/cmake --build /home/leah/ros2_jazzy_ned2/build/niryo_robot_description -- -j4 -l4
[1.999s] Invoked command in '/home/leah/ros2_jazzy_ned2/build/niryo_robot_description' returned '0': DEBUGINFOD_URLS=https://debuginfod.ubuntu.com /usr/bin/cmake --build /home/leah/ros2_jazzy_ned2/build/niryo_robot_description -- -j4 -l4
[2.686s] Invoking command in '/home/leah/ros2_jazzy_ned2/build/niryo_robot_description': DEBUGINFOD_URLS=https://debuginfod.ubuntu.com /usr/bin/cmake --install /home/leah/ros2_jazzy_ned2/build/niryo_robot_description
[2.709s] -- Install configuration: ""
[2.709s] -- Installing: /home/leah/ros2_jazzy_ned2/install/niryo_robot_description/share/niryo_robot_description/config
[2.709s] -- Installing: /home/leah/ros2_jazzy_ned2/install/niryo_robot_description/share/niryo_robot_description/config/default_config.rviz
[2.709s] -- Installing: /home/leah/ros2_jazzy_ned2/install/niryo_robot_description/share/niryo_robot_description/launch
[2.709s] -- Installing: /home/leah/ros2_jazzy_ned2/install/niryo_robot_description/share/niryo_robot_description/launch/without_mesh_display.launch
[2.710s] -- Installing: /home/leah/ros2_jazzy_ned2/install/niryo_robot_description/share/niryo_robot_description/launch/display.launch
[2.710s] -- Installing: /home/leah/ros2_jazzy_ned2/install/niryo_robot_description/share/niryo_robot_description/meshes
[2.710s] -- Installing: /home/leah/ros2_jazzy_ned2/install/niryo_robot_description/share/niryo_robot_description/meshes/ned2
[2.711s] -- Installing: /home/leah/ros2_jazzy_ned2/install/niryo_robot_description/share/niryo_robot_description/meshes/ned2/collada
[2.711s] -- Installing: /home/leah/ros2_jazzy_ned2/install/niryo_robot_description/share/niryo_robot_description/meshes/ned2/collada/arm_link.dae
[2.712s] -- Installing: /home/leah/ros2_jazzy_ned2/install/niryo_robot_description/share/niryo_robot_description/meshes/ned2/collada/wrist_link.dae
[2.713s] -- Installing: /home/leah/ros2_jazzy_ned2/install/niryo_robot_description/share/niryo_robot_description/meshes/ned2/collada/elbow_link.dae
[2.713s] -- Installing: /home/leah/ros2_jazzy_ned2/install/niryo_robot_description/share/niryo_robot_description/meshes/ned2/collada/base_link.dae
[2.719s] -- Installing: /home/leah/ros2_jazzy_ned2/install/niryo_robot_description/share/niryo_robot_description/meshes/ned2/collada/hand_link.dae
[2.719s] -- Installing: /home/leah/ros2_jazzy_ned2/install/niryo_robot_description/share/niryo_robot_description/meshes/ned2/collada/forearm_link.dae
[2.720s] -- Installing: /home/leah/ros2_jazzy_ned2/install/niryo_robot_description/share/niryo_robot_description/meshes/ned2/collada/shoulder_link.dae
[2.721s] -- Installing: /home/leah/ros2_jazzy_ned2/install/niryo_robot_description/share/niryo_robot_description/meshes/ned2/stl
[2.721s] -- Installing: /home/leah/ros2_jazzy_ned2/install/niryo_robot_description/share/niryo_robot_description/meshes/ned2/stl/forearm_link.stl
[2.722s] -- Installing: /home/leah/ros2_jazzy_ned2/install/niryo_robot_description/share/niryo_robot_description/meshes/ned2/stl/shoulder_link.stl
[2.722s] -- Installing: /home/leah/ros2_jazzy_ned2/install/niryo_robot_description/share/niryo_robot_description/meshes/ned2/stl/wrist_link.stl
[2.723s] -- Installing: /home/leah/ros2_jazzy_ned2/install/niryo_robot_description/share/niryo_robot_description/meshes/ned2/stl/arm_link.stl
[2.723s] -- Installing: /home/leah/ros2_jazzy_ned2/install/niryo_robot_description/share/niryo_robot_description/meshes/ned2/stl/hand_link.stl
[2.723s] -- Installing: /home/leah/ros2_jazzy_ned2/install/niryo_robot_description/share/niryo_robot_description/meshes/ned2/stl/elbow_link.stl
[2.723s] -- Installing: /home/leah/ros2_jazzy_ned2/install/niryo_robot_description/share/niryo_robot_description/meshes/ned2/stl/base_link.stl
[2.725s] -- Installing: /home/leah/ros2_jazzy_ned2/install/niryo_robot_description/share/niryo_robot_description/meshes/led_ring
[2.725s] -- Installing: /home/leah/ros2_jazzy_ned2/install/niryo_robot_description/share/niryo_robot_description/meshes/led_ring/led.dae
[2.725s] -- Installing: /home/leah/ros2_jazzy_ned2/install/niryo_robot_description/share/niryo_robot_description/meshes/gripper_1
[2.725s] -- Installing: /home/leah/ros2_jazzy_ned2/install/niryo_robot_description/share/niryo_robot_description/meshes/gripper_1/mors_2.STL
[2.726s] -- Installing: /home/leah/ros2_jazzy_ned2/install/niryo_robot_description/share/niryo_robot_description/meshes/gripper_1/base_gripper_1.STL
[2.726s] -- Installing: /home/leah/ros2_jazzy_ned2/install/niryo_robot_description/share/niryo_robot_description/meshes/gripper_1/mors_1.STL
[2.727s] -- Installing: /home/leah/ros2_jazzy_ned2/install/niryo_robot_description/share/niryo_robot_description/meshes/one
[2.727s] -- Installing: /home/leah/ros2_jazzy_ned2/install/niryo_robot_description/share/niryo_robot_description/meshes/one/collada
[2.727s] -- Installing: /home/leah/ros2_jazzy_ned2/install/niryo_robot_description/share/niryo_robot_description/meshes/one/collada/arm_link.dae
[2.734s] -- Installing: /home/leah/ros2_jazzy_ned2/install/niryo_robot_description/share/niryo_robot_description/meshes/one/collada/wrist_link.dae
[2.736s] -- Installing: /home/leah/ros2_jazzy_ned2/install/niryo_robot_description/share/niryo_robot_description/meshes/one/collada/elbow_link.dae
[2.738s] -- Installing: /home/leah/ros2_jazzy_ned2/install/niryo_robot_description/share/niryo_robot_description/meshes/one/collada/base_link.dae
[2.745s] -- Installing: /home/leah/ros2_jazzy_ned2/install/niryo_robot_description/share/niryo_robot_description/meshes/one/collada/hand_link.dae
[2.746s] -- Installing: /home/leah/ros2_jazzy_ned2/install/niryo_robot_description/share/niryo_robot_description/meshes/one/collada/forearm_link.dae
[2.748s] -- Installing: /home/leah/ros2_jazzy_ned2/install/niryo_robot_description/share/niryo_robot_description/meshes/one/collada/shoulder_link.dae
[2.754s] -- Installing: /home/leah/ros2_jazzy_ned2/install/niryo_robot_description/share/niryo_robot_description/meshes/one/stl
[2.754s] -- Installing: /home/leah/ros2_jazzy_ned2/install/niryo_robot_description/share/niryo_robot_description/meshes/one/stl/forearm_link.stl
[2.754s] -- Installing: /home/leah/ros2_jazzy_ned2/install/niryo_robot_description/share/niryo_robot_description/meshes/one/stl/shoulder_link.stl
[2.754s] -- Installing: /home/leah/ros2_jazzy_ned2/install/niryo_robot_description/share/niryo_robot_description/meshes/one/stl/wrist_link.stl
[2.754s] -- Installing: /home/leah/ros2_jazzy_ned2/install/niryo_robot_description/share/niryo_robot_description/meshes/one/stl/arm_link.stl
[2.755s] -- Installing: /home/leah/ros2_jazzy_ned2/install/niryo_robot_description/share/niryo_robot_description/meshes/one/stl/hand_link.stl
[2.755s] -- Installing: /home/leah/ros2_jazzy_ned2/install/niryo_robot_description/share/niryo_robot_description/meshes/one/stl/elbow_link.stl
[2.755s] -- Installing: /home/leah/ros2_jazzy_ned2/install/niryo_robot_description/share/niryo_robot_description/meshes/one/stl/base_link.stl
[2.755s] -- Installing: /home/leah/ros2_jazzy_ned2/install/niryo_robot_description/share/niryo_robot_description/meshes/ned3pro
[2.755s] -- Installing: /home/leah/ros2_jazzy_ned2/install/niryo_robot_description/share/niryo_robot_description/meshes/ned3pro/collada
[2.756s] -- Installing: /home/leah/ros2_jazzy_ned2/install/niryo_robot_description/share/niryo_robot_description/meshes/ned3pro/collada/arm_link.dae
[2.760s] -- Installing: /home/leah/ros2_jazzy_ned2/install/niryo_robot_description/share/niryo_robot_description/meshes/ned3pro/collada/wrist_link.dae
[2.763s] -- Installing: /home/leah/ros2_jazzy_ned2/install/niryo_robot_description/share/niryo_robot_description/meshes/ned3pro/collada/elbow_link.dae
[2.768s] -- Installing: /home/leah/ros2_jazzy_ned2/install/niryo_robot_description/share/niryo_robot_description/meshes/ned3pro/collada/base_link.dae
[2.791s] -- Installing: /home/leah/ros2_jazzy_ned2/install/niryo_robot_description/share/niryo_robot_description/meshes/ned3pro/collada/hand_link.dae
[2.791s] -- Installing: /home/leah/ros2_jazzy_ned2/install/niryo_robot_description/share/niryo_robot_description/meshes/ned3pro/collada/forearm_link.dae
[2.901s] -- Installing: /home/leah/ros2_jazzy_ned2/install/niryo_robot_description/share/niryo_robot_description/meshes/ned3pro/collada/shoulder_link.dae
[2.902s] -- Installing: /home/leah/ros2_jazzy_ned2/install/niryo_robot_description/share/niryo_robot_description/meshes/ned3pro/stl
[2.902s] -- Installing: /home/leah/ros2_jazzy_ned2/install/niryo_robot_description/share/niryo_robot_description/meshes/ned3pro/stl/hand_link.STL
[2.902s] -- Installing: /home/leah/ros2_jazzy_ned2/install/niryo_robot_description/share/niryo_robot_description/meshes/ned3pro/stl/arm_link.STL
[2.902s] -- Installing: /home/leah/ros2_jazzy_ned2/install/niryo_robot_description/share/niryo_robot_description/meshes/ned3pro/stl/elbow_link.STL
[2.902s] -- Installing: /home/leah/ros2_jazzy_ned2/install/niryo_robot_description/share/niryo_robot_description/meshes/ned3pro/stl/forearm_link.STL
[2.902s] -- Installing: /home/leah/ros2_jazzy_ned2/install/niryo_robot_description/share/niryo_robot_description/meshes/ned3pro/stl/base_link.STL
[2.902s] -- Installing: /home/leah/ros2_jazzy_ned2/install/niryo_robot_description/share/niryo_robot_description/meshes/ned3pro/stl/wrist_link.STL
[2.902s] -- Installing: /home/leah/ros2_jazzy_ned2/install/niryo_robot_description/share/niryo_robot_description/meshes/ned3pro/stl/shoulder_link.STL
[2.902s] -- Installing: /home/leah/ros2_jazzy_ned2/install/niryo_robot_description/share/niryo_robot_description/meshes/ned
[2.902s] -- Installing: /home/leah/ros2_jazzy_ned2/install/niryo_robot_description/share/niryo_robot_description/meshes/ned/collada
[2.902s] -- Installing: /home/leah/ros2_jazzy_ned2/install/niryo_robot_description/share/niryo_robot_description/meshes/ned/collada/arm_link.dae
[2.902s] -- Installing: /home/leah/ros2_jazzy_ned2/install/niryo_robot_description/share/niryo_robot_description/meshes/ned/collada/wrist_link.dae
[2.902s] -- Installing: /home/leah/ros2_jazzy_ned2/install/niryo_robot_description/share/niryo_robot_description/meshes/ned/collada/elbow_link.dae
[2.902s] -- Installing: /home/leah/ros2_jazzy_ned2/install/niryo_robot_description/share/niryo_robot_description/meshes/ned/collada/base_link.dae
[2.902s] -- Installing: /home/leah/ros2_jazzy_ned2/install/niryo_robot_description/share/niryo_robot_description/meshes/ned/collada/hand_link.dae
[2.902s] -- Installing: /home/leah/ros2_jazzy_ned2/install/niryo_robot_description/share/niryo_robot_description/meshes/ned/collada/forearm_link.dae
[2.902s] -- Installing: /home/leah/ros2_jazzy_ned2/install/niryo_robot_description/share/niryo_robot_description/meshes/ned/collada/shoulder_link.dae
[2.913s] -- Installing: /home/leah/ros2_jazzy_ned2/install/niryo_robot_description/share/niryo_robot_description/meshes/ned/stl
[2.913s] -- Installing: /home/leah/ros2_jazzy_ned2/install/niryo_robot_description/share/niryo_robot_description/meshes/ned/stl/forearm_link.stl
[2.913s] -- Installing: /home/leah/ros2_jazzy_ned2/install/niryo_robot_description/share/niryo_robot_description/meshes/ned/stl/shoulder_link.stl
[2.913s] -- Installing: /home/leah/ros2_jazzy_ned2/install/niryo_robot_description/share/niryo_robot_description/meshes/ned/stl/wrist_link.stl
[2.913s] -- Installing: /home/leah/ros2_jazzy_ned2/install/niryo_robot_description/share/niryo_robot_description/meshes/ned/stl/arm_link.stl
[2.914s] -- Installing: /home/leah/ros2_jazzy_ned2/install/niryo_robot_description/share/niryo_robot_description/meshes/ned/stl/hand_link.stl
[2.914s] -- Installing: /home/leah/ros2_jazzy_ned2/install/niryo_robot_description/share/niryo_robot_description/meshes/ned/stl/elbow_link.stl
[2.914s] -- Installing: /home/leah/ros2_jazzy_ned2/install/niryo_robot_description/share/niryo_robot_description/meshes/ned/stl/base_link.stl
[2.914s] -- Installing: /home/leah/ros2_jazzy_ned2/install/niryo_robot_description/share/niryo_robot_description/urdf
[2.914s] -- Installing: /home/leah/ros2_jazzy_ned2/install/niryo_robot_description/share/niryo_robot_description/urdf/ned2
[2.917s] -- Installing: /home/leah/ros2_jazzy_ned2/install/niryo_robot_description/share/niryo_robot_description/urdf/ned2/niryo_ned2_gripper1_n_camera.urdf.xacro
[2.917s] -- Installing: /home/leah/ros2_jazzy_ned2/install/niryo_robot_description/share/niryo_robot_description/urdf/ned2/niryo_ned2_gazebo.urdf.xacro
[2.917s] -- Installing: /home/leah/ros2_jazzy_ned2/install/niryo_robot_description/share/niryo_robot_description/urdf/ned2/niryo_ned2.urdf.xacro
[2.918s] -- Installing: /home/leah/ros2_jazzy_ned2/install/niryo_robot_description/share/niryo_robot_description/urdf/ned2/niryo_ned2_param.urdf.xacro
[2.919s] -- Installing: /home/leah/ros2_jazzy_ned2/install/niryo_robot_description/share/niryo_robot_description/urdf/ned2/niryo_ned2_camera.urdf.xacro
[2.923s] -- Installing: /home/leah/ros2_jazzy_ned2/install/niryo_robot_description/share/niryo_robot_description/urdf/ned2/without_mesh_niryo_ned2.urdf.xacro
[2.923s] -- Installing: /home/leah/ros2_jazzy_ned2/install/niryo_robot_description/share/niryo_robot_description/urdf/ned2/niryo_ned2.transmission.xacro
[2.923s] -- Installing: /home/leah/ros2_jazzy_ned2/install/niryo_robot_description/share/niryo_robot_description/urdf/one
[2.923s] -- Installing: /home/leah/ros2_jazzy_ned2/install/niryo_robot_description/share/niryo_robot_description/urdf/one/without_mesh_niryo_one.urdf.xacro
[2.923s] -- Installing: /home/leah/ros2_jazzy_ned2/install/niryo_robot_description/share/niryo_robot_description/urdf/one/niryo_one_gripper1_n_camera.urdf.xacro
[2.923s] -- Installing: /home/leah/ros2_jazzy_ned2/install/niryo_robot_description/share/niryo_robot_description/urdf/one/niryo_one_gazebo.urdf.xacro
[2.924s] -- Installing: /home/leah/ros2_jazzy_ned2/install/niryo_robot_description/share/niryo_robot_description/urdf/one/niryo_one.urdf.xacro
[2.924s] -- Installing: /home/leah/ros2_jazzy_ned2/install/niryo_robot_description/share/niryo_robot_description/urdf/one/niryo_one_camera.urdf.xacro
[2.924s] -- Installing: /home/leah/ros2_jazzy_ned2/install/niryo_robot_description/share/niryo_robot_description/urdf/one/niryo_one.transmission.xacro
[2.924s] -- Installing: /home/leah/ros2_jazzy_ned2/install/niryo_robot_description/share/niryo_robot_description/urdf/one/niryo_one_param.urdf.xacro
[2.924s] -- Installing: /home/leah/ros2_jazzy_ned2/install/niryo_robot_description/share/niryo_robot_description/urdf/ned3pro
[2.924s] -- Installing: /home/leah/ros2_jazzy_ned2/install/niryo_robot_description/share/niryo_robot_description/urdf/ned3pro/niryo_ned3pro_camera.urdf.xacro
[2.925s] -- Installing: /home/leah/ros2_jazzy_ned2/install/niryo_robot_description/share/niryo_robot_description/urdf/ned3pro/niryo_ned3pro.urdf.xacro
[2.925s] -- Installing: /home/leah/ros2_jazzy_ned2/install/niryo_robot_description/share/niryo_robot_description/urdf/ned3pro/niryo_ned3pro_gripper1_n_camera.urdf.xacro
[2.925s] -- Installing: /home/leah/ros2_jazzy_ned2/install/niryo_robot_description/share/niryo_robot_description/urdf/ned3pro/niryo_ned3pro_param.urdf.xacro
[2.927s] -- Installing: /home/leah/ros2_jazzy_ned2/install/niryo_robot_description/share/niryo_robot_description/urdf/ned3pro/niryo_ned3pro.transmission.xacro
[2.927s] -- Installing: /home/leah/ros2_jazzy_ned2/install/niryo_robot_description/share/niryo_robot_description/urdf/ned3pro/without_mesh_niryo_ned3pro.urdf.xacro
[2.927s] -- Installing: /home/leah/ros2_jazzy_ned2/install/niryo_robot_description/share/niryo_robot_description/urdf/ned3pro/niryo_ned3pro_gazebo.urdf.xacro
[2.928s] -- Installing: /home/leah/ros2_jazzy_ned2/install/niryo_robot_description/share/niryo_robot_description/urdf/ned
[2.928s] -- Installing: /home/leah/ros2_jazzy_ned2/install/niryo_robot_description/share/niryo_robot_description/urdf/ned/niryo_ned_param.urdf.xacro
[2.928s] -- Installing: /home/leah/ros2_jazzy_ned2/install/niryo_robot_description/share/niryo_robot_description/urdf/ned/niryo_ned_camera.urdf.xacro
[2.928s] -- Installing: /home/leah/ros2_jazzy_ned2/install/niryo_robot_description/share/niryo_robot_description/urdf/ned/niryo_ned.urdf.xacro
[2.929s] -- Installing: /home/leah/ros2_jazzy_ned2/install/niryo_robot_description/share/niryo_robot_description/urdf/ned/niryo_ned.transmission.xacro
[2.929s] -- Installing: /home/leah/ros2_jazzy_ned2/install/niryo_robot_description/share/niryo_robot_description/urdf/ned/niryo_ned_gripper1_n_camera.urdf.xacro
[2.929s] -- Installing: /home/leah/ros2_jazzy_ned2/install/niryo_robot_description/share/niryo_robot_description/urdf/ned/without_mesh_niryo_ned.urdf.xacro
[2.929s] -- Installing: /home/leah/ros2_jazzy_ned2/install/niryo_robot_description/share/niryo_robot_description/urdf/ned/niryo_ned_gazebo.urdf.xacro
[2.929s] -- Installing: /home/leah/ros2_jazzy_ned2/install/niryo_robot_description/share/ament_index/resource_index/package_run_dependencies/niryo_robot_description
[2.932s] -- Installing: /home/leah/ros2_jazzy_ned2/install/niryo_robot_description/share/ament_index/resource_index/parent_prefix_path/niryo_robot_description
[2.932s] -- Installing: /home/leah/ros2_jazzy_ned2/install/niryo_robot_description/share/niryo_robot_description/environment/ament_prefix_path.sh
[2.932s] -- Installing: /home/leah/ros2_jazzy_ned2/install/niryo_robot_description/share/niryo_robot_description/environment/ament_prefix_path.dsv
[2.932s] -- Installing: /home/leah/ros2_jazzy_ned2/install/niryo_robot_description/share/niryo_robot_description/environment/path.sh
[2.932s] -- Installing: /home/leah/ros2_jazzy_ned2/install/niryo_robot_description/share/niryo_robot_description/environment/path.dsv
[2.932s] -- Installing: /home/leah/ros2_jazzy_ned2/install/niryo_robot_description/share/niryo_robot_description/local_setup.bash
[2.933s] -- Installing: /home/leah/ros2_jazzy_ned2/install/niryo_robot_description/share/niryo_robot_description/local_setup.sh
[2.933s] -- Installing: /home/leah/ros2_jazzy_ned2/install/niryo_robot_description/share/niryo_robot_description/local_setup.zsh
[2.933s] -- Installing: /home/leah/ros2_jazzy_ned2/install/niryo_robot_description/share/niryo_robot_description/local_setup.dsv
[2.933s] -- Installing: /home/leah/ros2_jazzy_ned2/install/niryo_robot_description/share/niryo_robot_description/package.dsv
[2.934s] -- Installing: /home/leah/ros2_jazzy_ned2/install/niryo_robot_description/share/ament_index/resource_index/packages/niryo_robot_description
[2.934s] -- Installing: /home/leah/ros2_jazzy_ned2/install/niryo_robot_description/share/niryo_robot_description/cmake/niryo_robot_descriptionConfig.cmake
[2.934s] -- Installing: /home/leah/ros2_jazzy_ned2/install/niryo_robot_description/share/niryo_robot_description/cmake/niryo_robot_descriptionConfig-version.cmake
[2.934s] -- Installing: /home/leah/ros2_jazzy_ned2/install/niryo_robot_description/share/niryo_robot_description/package.xml
[2.936s] Invoked command in '/home/leah/ros2_jazzy_ned2/build/niryo_robot_description' returned '0': DEBUGINFOD_URLS=https://debuginfod.ubuntu.com /usr/bin/cmake --install /home/leah/ros2_jazzy_ned2/build/niryo_robot_description
