[0.071s] Invoking command in '/home/leah/ros2_jazzy_ned2/build/niryo_robot_msgs': DEBUGINFOD_URLS=https://debuginfod.ubuntu.com /usr/bin/cmake /home/leah/ros2_jazzy_ned2/src/ned_ros/niryo_robot_msgs -DCATKIN_INSTALL_INTO_PREFIX_ROOT=0 -DCATKIN_SYMLINK_INSTALL=ON -DCMAKE_INSTALL_PREFIX=/home/leah/ros2_jazzy_ned2/install/niryo_robot_msgs
[0.162s] -- The C compiler identification is GNU 13.2.0
[0.220s] -- The CXX compiler identification is GNU 13.2.0
[0.243s] -- Detecting C compiler ABI info
[0.384s] -- Detecting C compiler ABI info - done
[0.390s] -- Check for working C compiler: /usr/bin/cc - skipped
[0.390s] -- Detecting C compile features
[0.391s] -- Detecting C compile features - done
[0.403s] -- Detecting CXX compiler ABI info
[0.551s] -- Detecting CXX compiler ABI info - done
[0.558s] -- Check for working CXX compiler: /usr/bin/c++ - skipped
[0.558s] -- Detecting CXX compile features
[0.558s] -- Detecting CXX compile features - done
[0.559s] -- 
[0.559s] ## Reading niryo_robot_msgs/CMakeLists.txt...
[0.580s] -- Found ament_cmake: 2.5.2 (/home/leah/ros2_jazzy/install/ament_cmake/share/ament_cmake/cmake)
[1.070s] -- Found Python3: /usr/bin/python3 (found version "3.12.3") found components: Interpreter 
[1.751s] -- Found geometry_msgs: 5.3.5 (/home/leah/ros2_jazzy/install/geometry_msgs/share/geometry_msgs/cmake)
[1.963s] -- Found rosidl_generator_c: 4.6.4 (/home/leah/ros2_jazzy/install/rosidl_generator_c/share/rosidl_generator_c/cmake)
[2.008s] -- Found rosidl_generator_cpp: 4.6.4 (/home/leah/ros2_jazzy/install/rosidl_generator_cpp/share/rosidl_generator_cpp/cmake)
[2.117s] -- Using all available rosidl_typesupport_c: rosidl_typesupport_introspection_c;rosidl_typesupport_fastrtps_c
[2.315s] -- Using all available rosidl_typesupport_cpp: rosidl_typesupport_introspection_cpp;rosidl_typesupport_fastrtps_cpp
[2.491s] -- Found rosidl_default_generators: 1.6.0 (/home/leah/ros2_jazzy/install/rosidl_default_generators/share/rosidl_default_generators/cmake)
[2.672s] -- Found rosidl_adapter: 4.6.4 (/home/leah/ros2_jazzy/install/rosidl_adapter/share/rosidl_adapter/cmake)
[4.308s] -- Found ament_cmake_ros: 0.12.0 (/home/leah/ros2_jazzy/install/ament_cmake_ros/share/ament_cmake_ros/cmake)
[5.995s] -- Using all available rosidl_typesupport_c: rosidl_typesupport_introspection_c;rosidl_typesupport_fastrtps_c
[6.774s] -- Using all available rosidl_typesupport_cpp: rosidl_typesupport_introspection_cpp;rosidl_typesupport_fastrtps_cpp
[6.792s] -- Found python_cmake_module: 0.11.1 (/home/leah/ros2_jazzy/install/python_cmake_module/share/python_cmake_module/cmake)
[7.185s] -- Found PythonExtra: /usr/bin/python3  
[7.981s] -- Found Python3: /usr/bin/python3 (found version "3.12.3") found components: Interpreter Development NumPy Development.Module Development.Embed 
[8.143s] -- Found ament_lint_auto: 0.17.1 (/home/leah/ros2_jazzy/install/ament_lint_auto/share/ament_lint_auto/cmake)
[8.158s] -- Found ament_lint_common: 0.17.1 (/home/leah/ros2_jazzy/install/ament_lint_common/share/ament_lint_common/cmake)
[8.341s] -- Added test 'copyright' to check source files copyright and LICENSE
[8.348s] -- Added test 'lint_cmake' to check CMake code style
[8.354s] -- Added test 'xmllint' to check XML markup files
[8.365s] -- Configuring done (8.3s)
[8.442s] -- Generating done (0.1s)
[8.444s] [33mCMake Warning:
[8.444s]   Manually-specified variables were not used by the project:
[8.444s] 
[8.444s]     CATKIN_INSTALL_INTO_PREFIX_ROOT
[8.444s]     CATKIN_SYMLINK_INSTALL
[8.444s] 
[8.444s] [0m
[8.444s] -- Build files have been written to: /home/leah/ros2_jazzy_ned2/build/niryo_robot_msgs
