[ 16%] Built target gtest
[ 50%] Built target serial
[ 66%] Built target gtest_main
[ 83%] Built target serial-test-timer
[100%] Built target serial-test
-- Install configuration: ""
-- Up-to-date: /home/leah/ros2_jazzy_ned2/install/serial/lib/libserial.a
-- Up-to-date: /home/leah/ros2_jazzy_ned2/install/serial/include/serial
-- Up-to-date: /home/leah/ros2_jazzy_ned2/install/serial/include/serial/v8stdint.h
-- Up-to-date: /home/leah/ros2_jazzy_ned2/install/serial/include/serial/impl
-- Up-to-date: /home/leah/ros2_jazzy_ned2/install/serial/include/serial/impl/unix.h
-- Up-to-date: /home/leah/ros2_jazzy_ned2/install/serial/include/serial/impl/win.h
-- Up-to-date: /home/leah/ros2_jazzy_ned2/install/serial/include/serial/serial.h
-- Up-to-date: /home/leah/ros2_jazzy_ned2/install/serial/share/ament_index/resource_index/package_run_dependencies/serial
-- Up-to-date: /home/leah/ros2_jazzy_ned2/install/serial/share/ament_index/resource_index/parent_prefix_path/serial
-- Up-to-date: /home/leah/ros2_jazzy_ned2/install/serial/share/serial/environment/ament_prefix_path.dsv
-- Up-to-date: /home/leah/ros2_jazzy_ned2/install/serial/share/serial/environment/path.dsv
-- Up-to-date: /home/leah/ros2_jazzy_ned2/install/serial/share/serial/local_setup.bash
-- Up-to-date: /home/leah/ros2_jazzy_ned2/install/serial/share/serial/local_setup.sh
-- Up-to-date: /home/leah/ros2_jazzy_ned2/install/serial/share/serial/local_setup.zsh
-- Up-to-date: /home/leah/ros2_jazzy_ned2/install/serial/share/serial/local_setup.dsv
-- Installing: /home/leah/ros2_jazzy_ned2/install/serial/share/serial/package.dsv
-- Up-to-date: /home/leah/ros2_jazzy_ned2/install/serial/share/ament_index/resource_index/packages/serial
-- Up-to-date: /home/leah/ros2_jazzy_ned2/install/serial/share/serial/cmake/serialConfig.cmake
-- Up-to-date: /home/leah/ros2_jazzy_ned2/install/serial/share/serial/cmake/serialConfig-version.cmake
-- Up-to-date: /home/leah/ros2_jazzy_ned2/install/serial/share/serial/package.xml
