[0.038s] Invoking command in '/home/leah/ros2_jazzy_ned2/build/niryo_moveit_config_standalone': CMAKE_PREFIX_PATH=/home/leah/ros2_jazzy_ned2/install/niryo_robot_description:${CMAKE_PREFIX_PATH} DEBUGINFOD_URLS=https://debuginfod.ubuntu.com PKG_CONFIG_PATH=/home/leah/ros2_jazzy_ned2/install/niryo_robot_description/lib/x86_64-linux-gnu/pkgconfig:/home/leah/ros2_jazzy_ned2/install/niryo_robot_description/lib/pkgconfig:${PKG_CONFIG_PATH} ROS_PACKAGE_PATH=/home/leah/ros2_jazzy_ned2/install/niryo_robot_description/share /usr/bin/cmake /home/leah/ros2_jazzy_ned2/src/ned_ros/niryo_robot_moveit_config/niryo_moveit_config_standalone -DCATKIN_INSTALL_INTO_PREFIX_ROOT=0 -DCATKIN_SYMLINK_INSTALL=ON -DCMAKE_INSTALL_PREFIX=/home/leah/ros2_jazzy_ned2/install/niryo_moveit_config_standalone
[0.055s] [0mCMake Deprecation Warning at CMakeLists.txt:1 (cmake_minimum_required):
[0.055s]   Compatibility with CMake < 3.5 will be removed from a future version of
[0.055s]   CMake.
[0.055s] 
[0.055s]   Update the VERSION argument <min> value or use a ...<max> suffix to tell
[0.055s]   CMake that the project does not need compatibility with older versions.
[0.055s] 
[0.055s] [0m
[0.120s] -- The C compiler identification is GNU 13.2.0
[0.190s] -- The CXX compiler identification is GNU 13.2.0
[0.211s] -- Detecting C compiler ABI info
[0.406s] -- Detecting C compiler ABI info - done
[0.407s] -- Check for working C compiler: /usr/bin/cc - skipped
[0.407s] -- Detecting C compile features
[0.407s] -- Detecting C compile features - done
[0.417s] -- Detecting CXX compiler ABI info
[0.607s] -- Detecting CXX compiler ABI info - done
[0.614s] -- Check for working CXX compiler: /usr/bin/c++ - skipped
[0.614s] -- Detecting CXX compile features
[0.617s] -- Detecting CXX compile features - done
[0.618s] -- 
[0.625s] ## Reading niryo_moveit_config_standalone/CMakeLists.txt...
[0.685s] -- Configuring incomplete, errors occurred!
[0.685s] [31mCMake Error at CMakeLists.txt:5 (find_package):
[0.685s]   By not providing "Findcatkin.cmake" in CMAKE_MODULE_PATH this project has
[0.685s]   asked CMake to find a package configuration file provided by "catkin", but
[0.685s]   CMake did not find one.
[0.685s] 
[0.685s]   Could not find a package configuration file provided by "catkin" with any
[0.685s]   of the following names:
[0.685s] 
[0.685s]     catkinConfig.cmake
[0.685s]     catkin-config.cmake
[0.685s] 
[0.685s]   Add the installation prefix of "catkin" to CMAKE_PREFIX_PATH or set
[0.685s]   "catkin_DIR" to a directory containing one of the above files.  If "catkin"
[0.685s]   provides a separate development package or SDK, be sure it has been
[0.685s]   installed.
[0.685s] 
[0.685s] [0m
[0.688s] Invoked command in '/home/leah/ros2_jazzy_ned2/build/niryo_moveit_config_standalone' returned '1': CMAKE_PREFIX_PATH=/home/leah/ros2_jazzy_ned2/install/niryo_robot_description:${CMAKE_PREFIX_PATH} DEBUGINFOD_URLS=https://debuginfod.ubuntu.com PKG_CONFIG_PATH=/home/leah/ros2_jazzy_ned2/install/niryo_robot_description/lib/x86_64-linux-gnu/pkgconfig:/home/leah/ros2_jazzy_ned2/install/niryo_robot_description/lib/pkgconfig:${PKG_CONFIG_PATH} ROS_PACKAGE_PATH=/home/leah/ros2_jazzy_ned2/install/niryo_robot_description/share /usr/bin/cmake /home/leah/ros2_jazzy_ned2/src/ned_ros/niryo_robot_moveit_config/niryo_moveit_config_standalone -DCATKIN_INSTALL_INTO_PREFIX_ROOT=0 -DCATKIN_SYMLINK_INSTALL=ON -DCMAKE_INSTALL_PREFIX=/home/leah/ros2_jazzy_ned2/install/niryo_moveit_config_standalone
