[100%] Built target mcp_can_rpi
-- Install configuration: ""
-- Installing: /home/leah/ros2_jazzy_ned2/install/mcp_can_rpi/lib/libmcp_can_rpi.a
-- Installing: /home/leah/ros2_jazzy_ned2/install/mcp_can_rpi/include/mcp_can_rpi
-- Installing: /home/leah/ros2_jazzy_ned2/install/mcp_can_rpi/include/mcp_can_rpi/mcp_can_rpi.h
-- Installing: /home/leah/ros2_jazzy_ned2/install/mcp_can_rpi/include/mcp_can_rpi/mcp_can_dfs_rpi.h
-- Installing: /home/leah/ros2_jazzy_ned2/install/mcp_can_rpi/share/ament_index/resource_index/package_run_dependencies/mcp_can_rpi
-- Installing: /home/leah/ros2_jazzy_ned2/install/mcp_can_rpi/share/ament_index/resource_index/parent_prefix_path/mcp_can_rpi
-- Installing: /home/leah/ros2_jazzy_ned2/install/mcp_can_rpi/share/mcp_can_rpi/environment/ament_prefix_path.sh
-- Installing: /home/leah/ros2_jazzy_ned2/install/mcp_can_rpi/share/mcp_can_rpi/environment/ament_prefix_path.dsv
-- Installing: /home/leah/ros2_jazzy_ned2/install/mcp_can_rpi/share/mcp_can_rpi/environment/path.sh
-- Installing: /home/leah/ros2_jazzy_ned2/install/mcp_can_rpi/share/mcp_can_rpi/environment/path.dsv
-- Installing: /home/leah/ros2_jazzy_ned2/install/mcp_can_rpi/share/mcp_can_rpi/local_setup.bash
-- Installing: /home/leah/ros2_jazzy_ned2/install/mcp_can_rpi/share/mcp_can_rpi/local_setup.sh
-- Installing: /home/leah/ros2_jazzy_ned2/install/mcp_can_rpi/share/mcp_can_rpi/local_setup.zsh
-- Installing: /home/leah/ros2_jazzy_ned2/install/mcp_can_rpi/share/mcp_can_rpi/local_setup.dsv
-- Installing: /home/leah/ros2_jazzy_ned2/install/mcp_can_rpi/share/mcp_can_rpi/package.dsv
-- Installing: /home/leah/ros2_jazzy_ned2/install/mcp_can_rpi/share/ament_index/resource_index/packages/mcp_can_rpi
-- Installing: /home/leah/ros2_jazzy_ned2/install/mcp_can_rpi/share/mcp_can_rpi/cmake/mcp_can_rpiConfig.cmake
-- Installing: /home/leah/ros2_jazzy_ned2/install/mcp_can_rpi/share/mcp_can_rpi/cmake/mcp_can_rpiConfig-version.cmake
-- Installing: /home/leah/ros2_jazzy_ned2/install/mcp_can_rpi/share/mcp_can_rpi/package.xml
