[0.048s] Invoking command in '/home/leah/ros2_jazzy_ned2/build/niryo_robot_database': DEBUGINFOD_URLS=https://debuginfod.ubuntu.com /usr/bin/cmake /home/leah/ros2_jazzy_ned2/src/ned_ros/niryo_robot_database -DCATKIN_INSTALL_INTO_PREFIX_ROOT=0 -DCATKIN_SYMLINK_INSTALL=ON -DCMAKE_INSTALL_PREFIX=/home/leah/ros2_jazzy_ned2/install/niryo_robot_database
[0.239s] -- The C compiler identification is GNU 13.2.0
[0.346s] -- The CXX compiler identification is GNU 13.2.0
[0.367s] -- Detecting C compiler ABI info
[0.540s] -- Detecting C compiler ABI info - done
[0.548s] -- Check for working C compiler: /usr/bin/cc - skipped
[0.549s] -- Detecting C compile features
[0.549s] -- Detecting C compile features - done
[0.565s] -- Detecting CXX compiler ABI info
[0.749s] -- Detecting CXX compiler ABI info - done
[0.755s] -- Check for working CXX compiler: /usr/bin/c++ - skipped
[0.757s] -- Detecting CXX compile features
[0.757s] -- Detecting CXX compile features - done
[0.758s] -- 
[0.758s] ## Reading niryo_robot_database/CMakeLists.txt...
[0.781s] -- Found ament_cmake: 2.5.2 (/home/leah/ros2_jazzy/install/ament_cmake/share/ament_cmake/cmake)
[1.305s] -- Found Python3: /usr/bin/python3 (found version "3.12.3") found components: Interpreter 
[1.799s] -- Found rosidl_default_generators: 1.6.0 (/home/leah/ros2_jazzy/install/rosidl_default_generators/share/rosidl_default_generators/cmake)
[1.970s] -- Using all available rosidl_typesupport_c: rosidl_typesupport_introspection_c;rosidl_typesupport_fastrtps_c
[2.213s] -- Using all available rosidl_typesupport_cpp: rosidl_typesupport_introspection_cpp;rosidl_typesupport_fastrtps_cpp
[2.388s] -- Found rosidl_adapter: 4.6.4 (/home/leah/ros2_jazzy/install/rosidl_adapter/share/rosidl_adapter/cmake)
[3.018s] [31mCMake Error at /home/leah/ros2_jazzy/install/rosidl_cmake/share/rosidl_cmake/cmake/rosidl_generate_interfaces.cmake:223 (message):
[3.019s]   Packages installing interfaces must include
[3.020s]   '<member_of_group>rosidl_interface_packages</member_of_group>' in their
[3.020s]   package.xml
[3.020s] Call Stack (most recent call first):
[3.020s]   CMakeLists.txt:112 (rosidl_generate_interfaces)
[3.020s] 
[3.020s] [0m
[3.020s] -- Configuring incomplete, errors occurred!
[3.028s] Invoked command in '/home/leah/ros2_jazzy_ned2/build/niryo_robot_database' returned '1': DEBUGINFOD_URLS=https://debuginfod.ubuntu.com /usr/bin/cmake /home/leah/ros2_jazzy_ned2/src/ned_ros/niryo_robot_database -DCATKIN_INSTALL_INTO_PREFIX_ROOT=0 -DCATKIN_SYMLINK_INSTALL=ON -DCMAKE_INSTALL_PREFIX=/home/leah/ros2_jazzy_ned2/install/niryo_robot_database
