-- The C compiler identification is GNU 13.2.0
-- The CXX compiler identification is GNU 13.2.0
-- Detecting C compiler ABI info
-- Detecting C compiler ABI info - done
-- Check for working C compiler: /usr/bin/cc - skipped
-- Detecting C compile features
-- Detecting C compile features - done
-- Detecting CXX compiler ABI info
-- Detecting CXX compiler ABI info - done
-- Check for working CXX compiler: /usr/bin/c++ - skipped
-- Detecting CXX compile features
-- Detecting CXX compile features - done
-- 
## Reading mcp_can_rpi/CMakeLists.txt...
-- Found ament_cmake: 2.5.2 (/home/leah/ros2_jazzy/install/ament_cmake/share/ament_cmake/cmake)
-- Found Python3: /usr/bin/python3 (found version "3.12.3") found components: Interpreter 
-- Found rclcpp: 28.1.5 (/home/leah/ros2_jazzy/install/rclcpp/share/rclcpp/cmake)
-- Found rosidl_generator_c: 4.6.4 (/home/leah/ros2_jazzy/install/rosidl_generator_c/share/rosidl_generator_c/cmake)
-- Found rosidl_generator_cpp: 4.6.4 (/home/leah/ros2_jazzy/install/rosidl_generator_cpp/share/rosidl_generator_cpp/cmake)
-- Using all available rosidl_typesupport_c: rosidl_typesupport_introspection_c;rosidl_typesupport_fastrtps_c
-- Using all available rosidl_typesupport_cpp: rosidl_typesupport_introspection_cpp;rosidl_typesupport_fastrtps_cpp
-- Found rmw_implementation_cmake: 7.3.1 (/home/leah/ros2_jazzy/install/rmw_implementation_cmake/share/rmw_implementation_cmake/cmake)
-- Found rmw_fastrtps_cpp: 8.4.1 (/home/leah/ros2_jazzy/install/rmw_fastrtps_cpp/share/rmw_fastrtps_cpp/cmake)
-- Found OpenSSL: /usr/lib/x86_64-linux-gnu/libcrypto.so (found version "3.0.13")  
-- Found FastRTPS: /home/leah/ros2_jazzy/install/fastrtps/include (Required is at least version "2.13") 
-- Using RMW implementation 'rmw_fastrtps_cpp' as default
-- wiringPi library not required
-- Found ament_lint_auto: 0.17.1 (/home/leah/ros2_jazzy/install/ament_lint_auto/share/ament_lint_auto/cmake)
-- Configuring done (3.2s)
-- Generating done (0.0s)
-- Build files have been written to: /home/leah/ros2_jazzy_ned2/build/mcp_can_rpi
[33mCMake Warning:
  Manually-specified variables were not used by the project:

    CATKIN_INSTALL_INTO_PREFIX_ROOT
    CATKIN_SYMLINK_INSTALL

[0m
[ 50%] [32mBuilding CXX object CMakeFiles/mcp_can_rpi.dir/src/mcp_can_rpi.cpp.o[0m
[100%] [32m[1mLinking CXX static library libmcp_can_rpi.a[0m
[100%] Built target mcp_can_rpi
-- Install configuration: ""
-- Installing: /home/leah/ros2_jazzy_ned2/install/mcp_can_rpi/lib/libmcp_can_rpi.a
-- Installing: /home/leah/ros2_jazzy_ned2/install/mcp_can_rpi/include/mcp_can_rpi
-- Installing: /home/leah/ros2_jazzy_ned2/install/mcp_can_rpi/include/mcp_can_rpi/mcp_can_rpi.h
-- Installing: /home/leah/ros2_jazzy_ned2/install/mcp_can_rpi/include/mcp_can_rpi/mcp_can_dfs_rpi.h
-- Installing: /home/leah/ros2_jazzy_ned2/install/mcp_can_rpi/share/ament_index/resource_index/package_run_dependencies/mcp_can_rpi
-- Installing: /home/leah/ros2_jazzy_ned2/install/mcp_can_rpi/share/ament_index/resource_index/parent_prefix_path/mcp_can_rpi
-- Installing: /home/leah/ros2_jazzy_ned2/install/mcp_can_rpi/share/mcp_can_rpi/environment/ament_prefix_path.sh
-- Installing: /home/leah/ros2_jazzy_ned2/install/mcp_can_rpi/share/mcp_can_rpi/environment/ament_prefix_path.dsv
-- Installing: /home/leah/ros2_jazzy_ned2/install/mcp_can_rpi/share/mcp_can_rpi/environment/path.sh
-- Installing: /home/leah/ros2_jazzy_ned2/install/mcp_can_rpi/share/mcp_can_rpi/environment/path.dsv
-- Installing: /home/leah/ros2_jazzy_ned2/install/mcp_can_rpi/share/mcp_can_rpi/local_setup.bash
-- Installing: /home/leah/ros2_jazzy_ned2/install/mcp_can_rpi/share/mcp_can_rpi/local_setup.sh
-- Installing: /home/leah/ros2_jazzy_ned2/install/mcp_can_rpi/share/mcp_can_rpi/local_setup.zsh
-- Installing: /home/leah/ros2_jazzy_ned2/install/mcp_can_rpi/share/mcp_can_rpi/local_setup.dsv
-- Installing: /home/leah/ros2_jazzy_ned2/install/mcp_can_rpi/share/mcp_can_rpi/package.dsv
-- Installing: /home/leah/ros2_jazzy_ned2/install/mcp_can_rpi/share/ament_index/resource_index/packages/mcp_can_rpi
-- Installing: /home/leah/ros2_jazzy_ned2/install/mcp_can_rpi/share/mcp_can_rpi/cmake/mcp_can_rpiConfig.cmake
-- Installing: /home/leah/ros2_jazzy_ned2/install/mcp_can_rpi/share/mcp_can_rpi/cmake/mcp_can_rpiConfig-version.cmake
-- Installing: /home/leah/ros2_jazzy_ned2/install/mcp_can_rpi/share/mcp_can_rpi/package.xml
