[0.042s] Invoking command in '/home/leah/ros2_jazzy_ned2/build/mcp_can_rpi': DEBUGINFOD_URLS=https://debuginfod.ubuntu.com /usr/bin/cmake /home/leah/ros2_jazzy_ned2/src/ned_ros/niryo_robot_hardware_stack/mcp_can_rpi -DCATKIN_INSTALL_INTO_PREFIX_ROOT=0 -DCATKIN_SYMLINK_INSTALL=ON -DCMAKE_INSTALL_PREFIX=/home/leah/ros2_jazzy_ned2/install/mcp_can_rpi
[0.122s] -- The C compiler identification is GNU 13.2.0
[0.178s] -- The CXX compiler identification is GNU 13.2.0
[0.199s] -- Detecting C compiler ABI info
[0.344s] -- Detecting C compiler ABI info - done
[0.351s] -- Check for working C compiler: /usr/bin/cc - skipped
[0.351s] -- Detecting C compile features
[0.353s] -- Detecting C compile features - done
[0.368s] -- Detecting CXX compiler ABI info
[0.530s] -- Detecting CXX compiler ABI info - done
[0.535s] -- Check for working CXX compiler: /usr/bin/c++ - skipped
[0.536s] -- Detecting CXX compile features
[0.536s] -- Detecting CXX compile features - done
[0.537s] -- 
[0.537s] ## Reading mcp_can_rpi/CMakeLists.txt...
[0.562s] -- Found ament_cmake: 2.5.2 (/home/leah/ros2_jazzy/install/ament_cmake/share/ament_cmake/cmake)
[1.063s] -- Found Python3: /usr/bin/python3 (found version "3.12.3") found components: Interpreter 
[1.457s] -- Found rclcpp: 28.1.5 (/home/leah/ros2_jazzy/install/rclcpp/share/rclcpp/cmake)
[1.614s] -- Found rosidl_generator_c: 4.6.4 (/home/leah/ros2_jazzy/install/rosidl_generator_c/share/rosidl_generator_c/cmake)
[1.667s] -- Found rosidl_generator_cpp: 4.6.4 (/home/leah/ros2_jazzy/install/rosidl_generator_cpp/share/rosidl_generator_cpp/cmake)
[1.743s] -- Using all available rosidl_typesupport_c: rosidl_typesupport_introspection_c;rosidl_typesupport_fastrtps_c
[1.833s] -- Using all available rosidl_typesupport_cpp: rosidl_typesupport_introspection_cpp;rosidl_typesupport_fastrtps_cpp
[2.059s] -- Found rmw_implementation_cmake: 7.3.1 (/home/leah/ros2_jazzy/install/rmw_implementation_cmake/share/rmw_implementation_cmake/cmake)
[2.101s] -- Found rmw_fastrtps_cpp: 8.4.1 (/home/leah/ros2_jazzy/install/rmw_fastrtps_cpp/share/rmw_fastrtps_cpp/cmake)
[2.459s] -- Found OpenSSL: /usr/lib/x86_64-linux-gnu/libcrypto.so (found version "3.0.13")  
[2.576s] -- Found FastRTPS: /home/leah/ros2_jazzy/install/fastrtps/include (Required is at least version "2.13") 
[2.607s] -- Using RMW implementation 'rmw_fastrtps_cpp' as default
[2.811s] -- wiringPi library not required
[2.861s] -- Found ament_lint_auto: 0.17.1 (/home/leah/ros2_jazzy/install/ament_lint_auto/share/ament_lint_auto/cmake)
[3.306s] -- Configuring done (3.2s)
[3.306s] -- Generating done (0.0s)
[3.306s] -- Build files have been written to: /home/leah/ros2_jazzy_ned2/build/mcp_can_rpi
[3.306s] [33mCMake Warning:
[3.306s]   Manually-specified variables were not used by the project:
[3.306s] 
[3.306s]     CATKIN_INSTALL_INTO_PREFIX_ROOT
[3.306s]     CATKIN_SYMLINK_INSTALL
[3.306s] 
[3.306s] [0m
[3.310s] Invoked command in '/home/leah/ros2_jazzy_ned2/build/mcp_can_rpi' returned '0': DEBUGINFOD_URLS=https://debuginfod.ubuntu.com /usr/bin/cmake /home/leah/ros2_jazzy_ned2/src/ned_ros/niryo_robot_hardware_stack/mcp_can_rpi -DCATKIN_INSTALL_INTO_PREFIX_ROOT=0 -DCATKIN_SYMLINK_INSTALL=ON -DCMAKE_INSTALL_PREFIX=/home/leah/ros2_jazzy_ned2/install/mcp_can_rpi
[3.311s] Invoking command in '/home/leah/ros2_jazzy_ned2/build/mcp_can_rpi': DEBUGINFOD_URLS=https://debuginfod.ubuntu.com /usr/bin/cmake --build /home/leah/ros2_jazzy_ned2/build/mcp_can_rpi -- -j4 -l4
[3.567s] [ 50%] [32mBuilding CXX object CMakeFiles/mcp_can_rpi.dir/src/mcp_can_rpi.cpp.o[0m
[3.714s] [100%] [32m[1mLinking CXX static library libmcp_can_rpi.a[0m
[3.830s] [100%] Built target mcp_can_rpi
[3.857s] Invoked command in '/home/leah/ros2_jazzy_ned2/build/mcp_can_rpi' returned '0': DEBUGINFOD_URLS=https://debuginfod.ubuntu.com /usr/bin/cmake --build /home/leah/ros2_jazzy_ned2/build/mcp_can_rpi -- -j4 -l4
[4.008s] Invoking command in '/home/leah/ros2_jazzy_ned2/build/mcp_can_rpi': DEBUGINFOD_URLS=https://debuginfod.ubuntu.com /usr/bin/cmake --install /home/leah/ros2_jazzy_ned2/build/mcp_can_rpi
[4.034s] -- Install configuration: ""
[4.034s] -- Installing: /home/leah/ros2_jazzy_ned2/install/mcp_can_rpi/lib/libmcp_can_rpi.a
[4.035s] -- Installing: /home/leah/ros2_jazzy_ned2/install/mcp_can_rpi/include/mcp_can_rpi
[4.035s] -- Installing: /home/leah/ros2_jazzy_ned2/install/mcp_can_rpi/include/mcp_can_rpi/mcp_can_rpi.h
[4.036s] -- Installing: /home/leah/ros2_jazzy_ned2/install/mcp_can_rpi/include/mcp_can_rpi/mcp_can_dfs_rpi.h
[4.037s] -- Installing: /home/leah/ros2_jazzy_ned2/install/mcp_can_rpi/share/ament_index/resource_index/package_run_dependencies/mcp_can_rpi
[4.037s] -- Installing: /home/leah/ros2_jazzy_ned2/install/mcp_can_rpi/share/ament_index/resource_index/parent_prefix_path/mcp_can_rpi
[4.037s] -- Installing: /home/leah/ros2_jazzy_ned2/install/mcp_can_rpi/share/mcp_can_rpi/environment/ament_prefix_path.sh
[4.038s] -- Installing: /home/leah/ros2_jazzy_ned2/install/mcp_can_rpi/share/mcp_can_rpi/environment/ament_prefix_path.dsv
[4.041s] -- Installing: /home/leah/ros2_jazzy_ned2/install/mcp_can_rpi/share/mcp_can_rpi/environment/path.sh
[4.041s] -- Installing: /home/leah/ros2_jazzy_ned2/install/mcp_can_rpi/share/mcp_can_rpi/environment/path.dsv
[4.041s] -- Installing: /home/leah/ros2_jazzy_ned2/install/mcp_can_rpi/share/mcp_can_rpi/local_setup.bash
[4.041s] -- Installing: /home/leah/ros2_jazzy_ned2/install/mcp_can_rpi/share/mcp_can_rpi/local_setup.sh
[4.042s] -- Installing: /home/leah/ros2_jazzy_ned2/install/mcp_can_rpi/share/mcp_can_rpi/local_setup.zsh
[4.042s] -- Installing: /home/leah/ros2_jazzy_ned2/install/mcp_can_rpi/share/mcp_can_rpi/local_setup.dsv
[4.042s] -- Installing: /home/leah/ros2_jazzy_ned2/install/mcp_can_rpi/share/mcp_can_rpi/package.dsv
[4.042s] -- Installing: /home/leah/ros2_jazzy_ned2/install/mcp_can_rpi/share/ament_index/resource_index/packages/mcp_can_rpi
[4.042s] -- Installing: /home/leah/ros2_jazzy_ned2/install/mcp_can_rpi/share/mcp_can_rpi/cmake/mcp_can_rpiConfig.cmake
[4.042s] -- Installing: /home/leah/ros2_jazzy_ned2/install/mcp_can_rpi/share/mcp_can_rpi/cmake/mcp_can_rpiConfig-version.cmake
[4.042s] -- Installing: /home/leah/ros2_jazzy_ned2/install/mcp_can_rpi/share/mcp_can_rpi/package.xml
[4.044s] Invoked command in '/home/leah/ros2_jazzy_ned2/build/mcp_can_rpi' returned '0': DEBUGINFOD_URLS=https://debuginfod.ubuntu.com /usr/bin/cmake --install /home/leah/ros2_jazzy_ned2/build/mcp_can_rpi
