[0.035s] Invoking command in '/home/leah/ros2_jazzy_ned2/build/dynamixel_sdk': CMAKE_PREFIX_PATH=/home/leah/ros2_jazzy_ned2/install/serial:${CMAKE_PREFIX_PATH} DEBUGINFOD_URLS=https://debuginfod.ubuntu.com PKG_CONFIG_PATH=/home/leah/ros2_jazzy_ned2/install/serial/lib/x86_64-linux-gnu/pkgconfig:/home/leah/ros2_jazzy_ned2/install/serial/lib/pkgconfig:${PKG_CONFIG_PATH} ROS_PACKAGE_PATH=/home/leah/ros2_jazzy_ned2/install/serial/share /usr/bin/cmake /home/leah/ros2_jazzy_ned2/src/ned_ros/niryo_robot_hardware_stack/dynamixel_sdk -DCATKIN_INSTALL_INTO_PREFIX_ROOT=0 -DCMAKE_INSTALL_PREFIX=/home/leah/ros2_jazzy_ned2/install/dynamixel_sdk
[0.061s] -- 
[0.061s] ## Reading dynamixel_sdk/CMakeLists.txt...
[0.066s] -- Found ament_cmake: 2.5.2 (/home/leah/ros2_jazzy/install/ament_cmake/share/ament_cmake/cmake)
[0.487s] -- Found serial: 1.2.1 (/home/leah/ros2_jazzy_ned2/install/serial/share/serial/cmake)
[0.489s] -- Found ament_lint_auto: 0.17.1 (/home/leah/ros2_jazzy/install/ament_lint_auto/share/ament_lint_auto/cmake)
[0.696s] -- Configuring done (0.6s)
[0.701s] -- Generating done (0.0s)
[0.703s] -- Build files have been written to: /home/leah/ros2_jazzy_ned2/build/dynamixel_sdk
[0.705s] Invoked command in '/home/leah/ros2_jazzy_ned2/build/dynamixel_sdk' returned '0': CMAKE_PREFIX_PATH=/home/leah/ros2_jazzy_ned2/install/serial:${CMAKE_PREFIX_PATH} DEBUGINFOD_URLS=https://debuginfod.ubuntu.com PKG_CONFIG_PATH=/home/leah/ros2_jazzy_ned2/install/serial/lib/x86_64-linux-gnu/pkgconfig:/home/leah/ros2_jazzy_ned2/install/serial/lib/pkgconfig:${PKG_CONFIG_PATH} ROS_PACKAGE_PATH=/home/leah/ros2_jazzy_ned2/install/serial/share /usr/bin/cmake /home/leah/ros2_jazzy_ned2/src/ned_ros/niryo_robot_hardware_stack/dynamixel_sdk -DCATKIN_INSTALL_INTO_PREFIX_ROOT=0 -DCMAKE_INSTALL_PREFIX=/home/leah/ros2_jazzy_ned2/install/dynamixel_sdk
[0.707s] Invoking command in '/home/leah/ros2_jazzy_ned2/build/dynamixel_sdk': CMAKE_PREFIX_PATH=/home/leah/ros2_jazzy_ned2/install/serial:${CMAKE_PREFIX_PATH} DEBUGINFOD_URLS=https://debuginfod.ubuntu.com PKG_CONFIG_PATH=/home/leah/ros2_jazzy_ned2/install/serial/lib/x86_64-linux-gnu/pkgconfig:/home/leah/ros2_jazzy_ned2/install/serial/lib/pkgconfig:${PKG_CONFIG_PATH} ROS_PACKAGE_PATH=/home/leah/ros2_jazzy_ned2/install/serial/share /usr/bin/cmake --build /home/leah/ros2_jazzy_ned2/build/dynamixel_sdk -- -j4 -l4
[0.816s] [ 10%] [32mBuilding CXX object CMakeFiles/dynamixel_sdk.dir/src/port_handler.cpp.o[0m
[0.816s] [ 20%] [32mBuilding CXX object CMakeFiles/dynamixel_sdk.dir/src/port_handler_linux.cpp.o[0m
[0.830s] In file included from [01m[K/home/leah/ros2_jazzy_ned2/src/ned_ros/niryo_robot_hardware_stack/dynamixel_sdk/src/port_handler.cpp:21[m[K:
[0.830s] [01m[K/home/leah/ros2_jazzy_ned2/src/ned_ros/niryo_robot_hardware_stack/dynamixel_sdk/include/dynamixel_sdk/port_handler_linux.h:26:10:[m[K [01;31m[Kfatal error: [m[Kserial/serial.h: No such file or directory
[0.830s]    26 | #include [01;31m[K"serial/serial.h"[m[K
[0.830s]       |          [01;31m[K^~~~~~~~~~~~~~~~~[m[K
[0.830s] compilation terminated.
[0.831s] gmake[2]: *** [CMakeFiles/dynamixel_sdk.dir/build.make:146: CMakeFiles/dynamixel_sdk.dir/src/port_handler.cpp.o] Error 1
[0.832s] gmake[2]: *** Waiting for unfinished jobs....
[0.833s] In file included from [01m[K/home/leah/ros2_jazzy_ned2/src/ned_ros/niryo_robot_hardware_stack/dynamixel_sdk/src/port_handler_linux.cpp:38[m[K:
[0.833s] [01m[K/home/leah/ros2_jazzy_ned2/src/ned_ros/niryo_robot_hardware_stack/dynamixel_sdk/include/dynamixel_sdk/port_handler_linux.h:26:10:[m[K [01;31m[Kfatal error: [m[Kserial/serial.h: No such file or directory
[0.833s]    26 | #include [01;31m[K"serial/serial.h"[m[K
[0.833s]       |          [01;31m[K^~~~~~~~~~~~~~~~~[m[K
[0.833s] compilation terminated.
[0.838s] gmake[2]: *** [CMakeFiles/dynamixel_sdk.dir/build.make:160: CMakeFiles/dynamixel_sdk.dir/src/port_handler_linux.cpp.o] Error 1
[0.840s] gmake[1]: *** [CMakeFiles/Makefile2:137: CMakeFiles/dynamixel_sdk.dir/all] Error 2
[0.844s] gmake: *** [Makefile:146: all] Error 2
[0.846s] Invoked command in '/home/leah/ros2_jazzy_ned2/build/dynamixel_sdk' returned '2': CMAKE_PREFIX_PATH=/home/leah/ros2_jazzy_ned2/install/serial:${CMAKE_PREFIX_PATH} DEBUGINFOD_URLS=https://debuginfod.ubuntu.com PKG_CONFIG_PATH=/home/leah/ros2_jazzy_ned2/install/serial/lib/x86_64-linux-gnu/pkgconfig:/home/leah/ros2_jazzy_ned2/install/serial/lib/pkgconfig:${PKG_CONFIG_PATH} ROS_PACKAGE_PATH=/home/leah/ros2_jazzy_ned2/install/serial/share /usr/bin/cmake --build /home/leah/ros2_jazzy_ned2/build/dynamixel_sdk -- -j4 -l4
