[0.020s] Invoking command in '/home/leah/ros2_jazzy_ned2/build/can_debug_tools': CMAKE_PREFIX_PATH=/home/leah/ros2_jazzy_ned2/install/mcp_can_rpi:${CMAKE_PREFIX_PATH} DEBUGINFOD_URLS=https://debuginfod.ubuntu.com PKG_CONFIG_PATH=/home/leah/ros2_jazzy_ned2/install/mcp_can_rpi/lib/x86_64-linux-gnu/pkgconfig:/home/leah/ros2_jazzy_ned2/install/mcp_can_rpi/lib/pkgconfig:${PKG_CONFIG_PATH} ROS_PACKAGE_PATH=/home/leah/ros2_jazzy_ned2/install/mcp_can_rpi/share /usr/bin/cmake /home/leah/ros2_jazzy_ned2/src/ned_ros/niryo_robot_hardware_stack/can_debug_tools -DCATKIN_INSTALL_INTO_PREFIX_ROOT=0 -DCATKIN_SYMLINK_INSTALL=ON -DCMAKE_INSTALL_PREFIX=/home/leah/ros2_jazzy_ned2/install/can_debug_tools
[0.069s] -- 
[0.069s] ## Reading can_debug_tools/CMakeLists.txt...
[0.073s] -- Found ament_cmake: 2.5.2 (/home/leah/ros2_jazzy/install/ament_cmake/share/ament_cmake/cmake)
[0.531s] -- Found mcp_can_rpi: 1.0.0 (/home/leah/ros2_jazzy_ned2/install/mcp_can_rpi/share/mcp_can_rpi/cmake)
[0.586s] [31mCMake Error at /usr/lib/x86_64-linux-gnu/cmake/Boost-1.83.0/BoostConfig.cmake:141 (find_package):
[0.586s]   Could not find a package configuration file provided by
[0.586s]   "boost_program_options" (requested version 1.83.0) with any of the
[0.586s]   following names:
[0.586s] 
[0.586s]     boost_program_optionsConfig.cmake
[0.586s]     boost_program_options-config.cmake
[0.586s] 
[0.586s]   Add the installation prefix of "boost_program_options" to CMAKE_PREFIX_PATH
[0.586s]   or set "boost_program_options_DIR" to a directory containing one of the
[0.586s]   above files.  If "boost_program_options" provides a separate development
[0.586s]   package or SDK, be sure it has been installed.
[0.586s] Call Stack (most recent call first):
[0.586s]   /usr/lib/x86_64-linux-gnu/cmake/Boost-1.83.0/BoostConfig.cmake:262 (boost_find_component)
[0.586s]   /usr/share/cmake-3.28/Modules/FindBoost.cmake:594 (find_package)
[0.586s]   CMakeLists.txt:205 (find_package)
[0.587s] 
[0.587s] [0m
[0.587s] -- Configuring incomplete, errors occurred!
[0.600s] Invoked command in '/home/leah/ros2_jazzy_ned2/build/can_debug_tools' returned '1': CMAKE_PREFIX_PATH=/home/leah/ros2_jazzy_ned2/install/mcp_can_rpi:${CMAKE_PREFIX_PATH} DEBUGINFOD_URLS=https://debuginfod.ubuntu.com PKG_CONFIG_PATH=/home/leah/ros2_jazzy_ned2/install/mcp_can_rpi/lib/x86_64-linux-gnu/pkgconfig:/home/leah/ros2_jazzy_ned2/install/mcp_can_rpi/lib/pkgconfig:${PKG_CONFIG_PATH} ROS_PACKAGE_PATH=/home/leah/ros2_jazzy_ned2/install/mcp_can_rpi/share /usr/bin/cmake /home/leah/ros2_jazzy_ned2/src/ned_ros/niryo_robot_hardware_stack/can_debug_tools -DCATKIN_INSTALL_INTO_PREFIX_ROOT=0 -DCATKIN_SYMLINK_INSTALL=ON -DCMAKE_INSTALL_PREFIX=/home/leah/ros2_jazzy_ned2/install/can_debug_tools
