[0.038s] Invoking command in '/home/leah/ros2_jazzy_ned2/build/dynamixel_sdk': CMAKE_PREFIX_PATH=/home/leah/ros2_jazzy_ned2/install/serial:${CMAKE_PREFIX_PATH} DEBUGINFOD_URLS=https://debuginfod.ubuntu.com PKG_CONFIG_PATH=/home/leah/ros2_jazzy_ned2/install/serial/lib/x86_64-linux-gnu/pkgconfig:/home/leah/ros2_jazzy_ned2/install/serial/lib/pkgconfig:${PKG_CONFIG_PATH} ROS_PACKAGE_PATH=/home/leah/ros2_jazzy_ned2/install/serial/share /usr/bin/cmake --build /home/leah/ros2_jazzy_ned2/build/dynamixel_sdk -- -j4 -l4
[0.088s] -- 
[0.088s] ## Reading dynamixel_sdk/CMakeLists.txt...
[0.088s] -- Serial include directory: 
[0.093s] -- Found ament_cmake: 2.5.2 (/home/leah/ros2_jazzy/install/ament_cmake/share/ament_cmake/cmake)
[0.493s] -- Found serial: 1.2.1 (/home/leah/ros2_jazzy_ned2/install/serial/share/serial/cmake)
[0.494s] -- Found ament_lint_auto: 0.17.1 (/home/leah/ros2_jazzy/install/ament_lint_auto/share/ament_lint_auto/cmake)
[0.680s] -- Configuring done (0.6s)
[0.686s] -- Generating done (0.0s)
[0.688s] -- Build files have been written to: /home/leah/ros2_jazzy_ned2/build/dynamixel_sdk
[0.760s] [ 10%] [32mBuilding CXX object CMakeFiles/dynamixel_sdk.dir/src/port_handler.cpp.o[0m
[0.761s] [ 20%] [32mBuilding CXX object CMakeFiles/dynamixel_sdk.dir/src/port_handler_linux.cpp.o[0m
[0.762s] [ 30%] [32mBuilding CXX object CMakeFiles/dynamixel_sdk.dir/src/protocol2_packet_handler.cpp.o[0m
[0.762s] [ 40%] [32mBuilding CXX object CMakeFiles/dynamixel_sdk.dir/src/protocol1_packet_handler.cpp.o[0m
[0.774s] In file included from [01m[K/home/leah/ros2_jazzy_ned2/src/ned_ros/niryo_robot_hardware_stack/dynamixel_sdk/src/port_handler.cpp:21[m[K:
[0.774s] [01m[K/home/leah/ros2_jazzy_ned2/src/ned_ros/niryo_robot_hardware_stack/dynamixel_sdk/include/dynamixel_sdk/port_handler_linux.h:26:10:[m[K [01;31m[Kfatal error: [m[Kserial/serial.h: No such file or directory
[0.774s]    26 | #include [01;31m[K"serial/serial.h"[m[K
[0.774s]       |          [01;31m[K^~~~~~~~~~~~~~~~~[m[K
[0.774s] compilation terminated.
[0.774s] gmake[2]: *** [CMakeFiles/dynamixel_sdk.dir/build.make:146: CMakeFiles/dynamixel_sdk.dir/src/port_handler.cpp.o] Error 1
[0.774s] gmake[2]: *** Waiting for unfinished jobs....
[0.774s] In file included from [01m[K/home/leah/ros2_jazzy_ned2/src/ned_ros/niryo_robot_hardware_stack/dynamixel_sdk/src/port_handler_linux.cpp:38[m[K:
[0.774s] [01m[K/home/leah/ros2_jazzy_ned2/src/ned_ros/niryo_robot_hardware_stack/dynamixel_sdk/include/dynamixel_sdk/port_handler_linux.h:26:10:[m[K [01;31m[Kfatal error: [m[Kserial/serial.h: No such file or directory
[0.774s]    26 | #include [01;31m[K"serial/serial.h"[m[K
[0.774s]       |          [01;31m[K^~~~~~~~~~~~~~~~~[m[K
[0.775s] compilation terminated.
[0.776s] gmake[2]: *** [CMakeFiles/dynamixel_sdk.dir/build.make:160: CMakeFiles/dynamixel_sdk.dir/src/port_handler_linux.cpp.o] Error 1
[0.968s] gmake[1]: *** [CMakeFiles/Makefile2:137: CMakeFiles/dynamixel_sdk.dir/all] Error 2
[0.968s] gmake: *** [Makefile:146: all] Error 2
[0.971s] Invoked command in '/home/leah/ros2_jazzy_ned2/build/dynamixel_sdk' returned '2': CMAKE_PREFIX_PATH=/home/leah/ros2_jazzy_ned2/install/serial:${CMAKE_PREFIX_PATH} DEBUGINFOD_URLS=https://debuginfod.ubuntu.com PKG_CONFIG_PATH=/home/leah/ros2_jazzy_ned2/install/serial/lib/x86_64-linux-gnu/pkgconfig:/home/leah/ros2_jazzy_ned2/install/serial/lib/pkgconfig:${PKG_CONFIG_PATH} ROS_PACKAGE_PATH=/home/leah/ros2_jazzy_ned2/install/serial/share /usr/bin/cmake --build /home/leah/ros2_jazzy_ned2/build/dynamixel_sdk -- -j4 -l4
