[0.030s] Invoking command in '/home/leah/ros2_jazzy_ned2/build/niryo_moveit_config_w_gripper1': CMAKE_PREFIX_PATH=/home/leah/ros2_jazzy_ned2/install/niryo_robot_description:${CMAKE_PREFIX_PATH} DEBUGINFOD_URLS=https://debuginfod.ubuntu.com PKG_CONFIG_PATH=/home/leah/ros2_jazzy_ned2/install/niryo_robot_description/lib/x86_64-linux-gnu/pkgconfig:/home/leah/ros2_jazzy_ned2/install/niryo_robot_description/lib/pkgconfig:${PKG_CONFIG_PATH} ROS_PACKAGE_PATH=/home/leah/ros2_jazzy_ned2/install/niryo_robot_description/share /usr/bin/cmake /home/leah/ros2_jazzy_ned2/src/ned_ros/niryo_robot_moveit_config/niryo_moveit_config_w_gripper1 -DCATKIN_INSTALL_INTO_PREFIX_ROOT=0 -DCATKIN_SYMLINK_INSTALL=ON -DCMAKE_INSTALL_PREFIX=/home/leah/ros2_jazzy_ned2/install/niryo_moveit_config_w_gripper1
[0.105s] -- The C compiler identification is GNU 13.2.0
[0.156s] -- The CXX compiler identification is GNU 13.2.0
[0.178s] -- Detecting C compiler ABI info
[0.346s] -- Detecting C compiler ABI info - done
[0.346s] -- Check for working C compiler: /usr/bin/cc - skipped
[0.346s] -- Detecting C compile features
[0.346s] -- Detecting C compile features - done
[0.363s] -- Detecting CXX compiler ABI info
[0.528s] -- Detecting CXX compiler ABI info - done
[0.534s] -- Check for working CXX compiler: /usr/bin/c++ - skipped
[0.535s] -- Detecting CXX compile features
[0.535s] -- Detecting CXX compile features - done
[0.536s] -- 
[0.536s] ## Reading niryo_moveit_config_w_gripper1/CMakeLists.txt...
[0.560s] -- Found ament_cmake: 2.5.2 (/home/leah/ros2_jazzy/install/ament_cmake/share/ament_cmake/cmake)
[1.060s] -- Found Python3: /usr/bin/python3 (found version "3.12.3") found components: Interpreter 
[1.445s] -- Found niryo_robot_description: 5.0.0 (/home/leah/ros2_jazzy_ned2/install/niryo_robot_description/share/niryo_robot_description/cmake)
[1.464s] -- Found ament_lint_auto: 0.17.1 (/home/leah/ros2_jazzy/install/ament_lint_auto/share/ament_lint_auto/cmake)
[1.641s] -- Configuring done (1.6s)
[1.647s] -- Generating done (0.0s)
[1.648s] [33mCMake Warning:
[1.648s]   Manually-specified variables were not used by the project:
[1.648s] 
[1.648s]     CATKIN_INSTALL_INTO_PREFIX_ROOT
[1.648s]     CATKIN_SYMLINK_INSTALL
[1.648s] 
[1.648s] [0m
[1.649s] -- Build files have been written to: /home/leah/ros2_jazzy_ned2/build/niryo_moveit_config_w_gripper1
