[0.088s] Invoking command in '/home/leah/ros2_jazzy_ned2/build/niryo_robot_msgs': DEBUGINFOD_URLS=https://debuginfod.ubuntu.com /usr/bin/cmake /home/leah/ros2_jazzy_ned2/src/ned_ros/niryo_robot_msgs -DCATKIN_INSTALL_INTO_PREFIX_ROOT=0 -DCATKIN_SYMLINK_INSTALL=ON -DCMAKE_INSTALL_PREFIX=/home/leah/ros2_jazzy_ned2/install/niryo_robot_msgs
[0.117s] -- 
[0.117s] ## Reading niryo_robot_msgs/CMakeLists.txt...
[0.118s] -- Found ament_cmake: 2.5.2 (/home/leah/ros2_jazzy/install/ament_cmake/share/ament_cmake/cmake)
[0.563s] -- Found geometry_msgs: 5.3.5 (/home/leah/ros2_jazzy/install/geometry_msgs/share/geometry_msgs/cmake)
[0.588s] -- Found rosidl_generator_c: 4.6.4 (/home/leah/ros2_jazzy/install/rosidl_generator_c/share/rosidl_generator_c/cmake)
[0.595s] -- Found rosidl_generator_cpp: 4.6.4 (/home/leah/ros2_jazzy/install/rosidl_generator_cpp/share/rosidl_generator_cpp/cmake)
[0.626s] -- Using all available rosidl_typesupport_c: rosidl_typesupport_introspection_c;rosidl_typesupport_fastrtps_c
[0.659s] -- Using all available rosidl_typesupport_cpp: rosidl_typesupport_introspection_cpp;rosidl_typesupport_fastrtps_cpp
[0.716s] -- Found rosidl_default_generators: 1.6.0 (/home/leah/ros2_jazzy/install/rosidl_default_generators/share/rosidl_default_generators/cmake)
[0.774s] -- Found rosidl_adapter: 4.6.4 (/home/leah/ros2_jazzy/install/rosidl_adapter/share/rosidl_adapter/cmake)
[2.015s] -- Found ament_cmake_ros: 0.12.0 (/home/leah/ros2_jazzy/install/ament_cmake_ros/share/ament_cmake_ros/cmake)
[3.536s] -- Using all available rosidl_typesupport_c: rosidl_typesupport_introspection_c;rosidl_typesupport_fastrtps_c
[4.155s] -- Using all available rosidl_typesupport_cpp: rosidl_typesupport_introspection_cpp;rosidl_typesupport_fastrtps_cpp
[4.173s] -- Found python_cmake_module: 0.11.1 (/home/leah/ros2_jazzy/install/python_cmake_module/share/python_cmake_module/cmake)
[4.439s] -- Found PythonExtra: /usr/bin/python3  
[5.226s] -- Found Python3: /usr/bin/python3 (found version "3.12.3") found components: Interpreter Development NumPy Development.Module Development.Embed 
[5.381s] -- Found ament_lint_auto: 0.17.1 (/home/leah/ros2_jazzy/install/ament_lint_auto/share/ament_lint_auto/cmake)
[5.394s] -- Found ament_lint_common: 0.17.1 (/home/leah/ros2_jazzy/install/ament_lint_common/share/ament_lint_common/cmake)
[5.566s] -- Added test 'copyright' to check source files copyright and LICENSE
[5.573s] -- Added test 'lint_cmake' to check CMake code style
[5.578s] -- Added test 'xmllint' to check XML markup files
[5.591s] -- Configuring done (5.5s)
[5.666s] -- Generating done (0.1s)
[5.669s] -- Build files have been written to: /home/leah/ros2_jazzy_ned2/build/niryo_robot_msgs
