[0.058s] Invoking command in '/home/leah/ros2_jazzy_ned2/build/serial': DEBUGINFOD_URLS=https://debuginfod.ubuntu.com /usr/bin/cmake --build /home/leah/ros2_jazzy_ned2/build/serial -- -j4 -l4
[0.191s] [ 33%] Built target serial
[0.191s] [ 50%] Built target gtest
[0.199s] [ 66%] Built target gtest_main
[0.247s] [ 83%] Built target serial-test
[0.248s] [100%] Built target serial-test-timer
[0.270s] Invoked command in '/home/leah/ros2_jazzy_ned2/build/serial' returned '0': DEBUGINFOD_URLS=https://debuginfod.ubuntu.com /usr/bin/cmake --build /home/leah/ros2_jazzy_ned2/build/serial -- -j4 -l4
[0.485s] Invoking command in '/home/leah/ros2_jazzy_ned2/build/serial': DEBUGINFOD_URLS=https://debuginfod.ubuntu.com /usr/bin/cmake --install /home/leah/ros2_jazzy_ned2/build/serial
[0.504s] -- Install configuration: ""
[0.504s] -- Up-to-date: /home/leah/ros2_jazzy_ned2/install/serial/lib/libserial.a
[0.504s] -- Up-to-date: /home/leah/ros2_jazzy_ned2/install/serial/include/serial
[0.504s] -- Up-to-date: /home/leah/ros2_jazzy_ned2/install/serial/include/serial/v8stdint.h
[0.504s] -- Up-to-date: /home/leah/ros2_jazzy_ned2/install/serial/include/serial/impl
[0.504s] -- Up-to-date: /home/leah/ros2_jazzy_ned2/install/serial/include/serial/impl/unix.h
[0.505s] -- Up-to-date: /home/leah/ros2_jazzy_ned2/install/serial/include/serial/impl/win.h
[0.505s] -- Up-to-date: /home/leah/ros2_jazzy_ned2/install/serial/include/serial/serial.h
[0.505s] -- Up-to-date: /home/leah/ros2_jazzy_ned2/install/serial/share/ament_index/resource_index/package_run_dependencies/serial
[0.505s] -- Up-to-date: /home/leah/ros2_jazzy_ned2/install/serial/share/ament_index/resource_index/parent_prefix_path/serial
[0.506s] -- Up-to-date: /home/leah/ros2_jazzy_ned2/install/serial/share/serial/environment/ament_prefix_path.dsv
[0.506s] -- Up-to-date: /home/leah/ros2_jazzy_ned2/install/serial/share/serial/environment/path.dsv
[0.506s] -- Up-to-date: /home/leah/ros2_jazzy_ned2/install/serial/share/serial/local_setup.bash
[0.506s] -- Up-to-date: /home/leah/ros2_jazzy_ned2/install/serial/share/serial/local_setup.sh
[0.506s] -- Up-to-date: /home/leah/ros2_jazzy_ned2/install/serial/share/serial/local_setup.zsh
[0.506s] -- Up-to-date: /home/leah/ros2_jazzy_ned2/install/serial/share/serial/local_setup.dsv
[0.506s] -- Installing: /home/leah/ros2_jazzy_ned2/install/serial/share/serial/package.dsv
[0.506s] -- Up-to-date: /home/leah/ros2_jazzy_ned2/install/serial/share/ament_index/resource_index/packages/serial
[0.506s] -- Up-to-date: /home/leah/ros2_jazzy_ned2/install/serial/share/serial/cmake/serialConfig.cmake
[0.506s] -- Up-to-date: /home/leah/ros2_jazzy_ned2/install/serial/share/serial/cmake/serialConfig-version.cmake
[0.507s] -- Up-to-date: /home/leah/ros2_jazzy_ned2/install/serial/share/serial/package.xml
[0.508s] Invoked command in '/home/leah/ros2_jazzy_ned2/build/serial' returned '0': DEBUGINFOD_URLS=https://debuginfod.ubuntu.com /usr/bin/cmake --install /home/leah/ros2_jazzy_ned2/build/serial
