[0.052s] Invoking command in '/home/leah/ros2_jazzy_ned2/build/can_debug_tools': CMAKE_PREFIX_PATH=/home/leah/ros2_jazzy_ned2/install/mcp_can_rpi:${CMAKE_PREFIX_PATH} DEBUGINFOD_URLS=https://debuginfod.ubuntu.com PKG_CONFIG_PATH=/home/leah/ros2_jazzy_ned2/install/mcp_can_rpi/lib/x86_64-linux-gnu/pkgconfig:/home/leah/ros2_jazzy_ned2/install/mcp_can_rpi/lib/pkgconfig:${PKG_CONFIG_PATH} ROS_PACKAGE_PATH=/home/leah/ros2_jazzy_ned2/install/mcp_can_rpi/share /usr/bin/cmake /home/leah/ros2_jazzy_ned2/src/ned_ros/niryo_robot_hardware_stack/can_debug_tools -DCATKIN_INSTALL_INTO_PREFIX_ROOT=0 -DCATKIN_SYMLINK_INSTALL=ON -DCMAKE_INSTALL_PREFIX=/home/leah/ros2_jazzy_ned2/install/can_debug_tools
[0.067s] [0mCMake Deprecation Warning at CMakeLists.txt:1 (cmake_minimum_required):
[0.068s]   Compatibility with CMake < 3.5 will be removed from a future version of
[0.068s]   CMake.
[0.068s] 
[0.068s]   Update the VERSION argument <min> value or use a ...<max> suffix to tell
[0.068s]   CMake that the project does not need compatibility with older versions.
[0.068s] 
[0.068s] [0m
[0.156s] -- The C compiler identification is GNU 13.2.0
[0.222s] -- The CXX compiler identification is GNU 13.2.0
[0.250s] -- Detecting C compiler ABI info
[0.645s] -- Detecting C compiler ABI info - done
[0.657s] -- Check for working C compiler: /usr/bin/cc - skipped
[0.657s] -- Detecting C compile features
[0.662s] -- Detecting C compile features - done
[0.683s] -- Detecting CXX compiler ABI info
[0.851s] -- Detecting CXX compiler ABI info - done
[0.858s] -- Check for working CXX compiler: /usr/bin/c++ - skipped
[0.858s] -- Detecting CXX compile features
[0.859s] -- Detecting CXX compile features - done
[0.859s] -- 
[0.859s] ## Reading can_debug_tools/CMakeLists.txt...
[0.893s] [31mCMake Error at CMakeLists.txt:32 (find_package):
[0.893s]   By not providing "Findcatkin.cmake" in CMAKE_MODULE_PATH this project has
[0.893s]   asked CMake to find a package configuration file provided by "catkin", but
[0.893s]   CMake did not find one.
[0.893s] 
[0.893s]   Could not find a package configuration file provided by "catkin" with any
[0.893s]   of the following names:
[0.893s] 
[0.893s]     catkinConfig.cmake
[0.893s]     catkin-config.cmake
[0.893s] 
[0.893s]   Add the installation prefix of "catkin" to CMAKE_PREFIX_PATH or set
[0.894s]   "catkin_DIR" to a directory containing one of the above files.  If "catkin"
[0.894s]   provides a separate development package or SDK, be sure it has been
[0.894s]   installed.
[0.894s] 
[0.894s] [0m
[0.894s] -- Configuring incomplete, errors occurred!
