[0.075s] Invoking command in '/home/leah/ros2_jazzy_ned2/build/niryo_robot_msgs': DEBUGINFOD_URLS=https://debuginfod.ubuntu.com /usr/bin/cmake --build /home/leah/ros2_jazzy_ned2/build/niryo_robot_msgs -- -j4 -l4
[0.243s] [  0%] [34m[1mGenerating type hashes for ROS interfaces[0m
[0.294s] [  0%] Built target ament_cmake_python_copy_niryo_robot_msgs
[0.785s] running egg_info
[0.791s] creating niryo_robot_msgs.egg-info
[0.814s] writing niryo_robot_msgs.egg-info/PKG-INFO
[0.814s] writing dependency_links to niryo_robot_msgs.egg-info/dependency_links.txt
[0.814s] writing top-level names to niryo_robot_msgs.egg-info/top_level.txt
[0.814s] writing manifest file 'niryo_robot_msgs.egg-info/SOURCES.txt'
[0.919s] reading manifest file 'niryo_robot_msgs.egg-info/SOURCES.txt'
[0.920s] writing manifest file 'niryo_robot_msgs.egg-info/SOURCES.txt'
[0.955s] [  0%] Built target ament_cmake_python_build_niryo_robot_msgs_egg
[1.346s] [  0%] Built target niryo_robot_msgs__rosidl_generator_type_description
[1.368s] [  1%] [34m[1mGenerating C code for ROS interfaces[0m
[1.406s] [  1%] [34m[1mGenerating C++ code for ROS interfaces[0m
[3.922s] [  1%] Built target niryo_robot_msgs__cpp
[4.431s] [  1%] [32mBuilding C object CMakeFiles/niryo_robot_msgs__rosidl_generator_c.dir/rosidl_generator_c/niryo_robot_msgs/msg/detail/basic_object__description.c.o[0m
[4.433s] [  1%] [32mBuilding C object CMakeFiles/niryo_robot_msgs__rosidl_generator_c.dir/rosidl_generator_c/niryo_robot_msgs/msg/detail/basic_object_array__description.c.o[0m
[4.435s] [  2%] [32mBuilding C object CMakeFiles/niryo_robot_msgs__rosidl_generator_c.dir/rosidl_generator_c/niryo_robot_msgs/msg/detail/basic_object__type_support.c.o[0m
[4.443s] [  2%] [32mBuilding C object CMakeFiles/niryo_robot_msgs__rosidl_generator_c.dir/rosidl_generator_c/niryo_robot_msgs/msg/detail/basic_object__functions.c.o[0m
[4.504s] [  3%] [32mBuilding C object CMakeFiles/niryo_robot_msgs__rosidl_generator_c.dir/rosidl_generator_c/niryo_robot_msgs/msg/detail/basic_object_array__functions.c.o[0m
[4.511s] [  3%] [32mBuilding C object CMakeFiles/niryo_robot_msgs__rosidl_generator_c.dir/rosidl_generator_c/niryo_robot_msgs/msg/detail/bus_state__description.c.o[0m
[4.511s] [  3%] [32mBuilding C object CMakeFiles/niryo_robot_msgs__rosidl_generator_c.dir/rosidl_generator_c/niryo_robot_msgs/msg/detail/basic_object_array__type_support.c.o[0m
[4.514s] [  4%] [32mBuilding C object CMakeFiles/niryo_robot_msgs__rosidl_generator_c.dir/rosidl_generator_c/niryo_robot_msgs/msg/detail/bus_state__functions.c.o[0m
[4.569s] [  4%] [32mBuilding C object CMakeFiles/niryo_robot_msgs__rosidl_generator_c.dir/rosidl_generator_c/niryo_robot_msgs/msg/detail/bus_state__type_support.c.o[0m
[4.578s] [  4%] [32mBuilding C object CMakeFiles/niryo_robot_msgs__rosidl_generator_c.dir/rosidl_generator_c/niryo_robot_msgs/msg/detail/command_status__type_support.c.o[0m
[4.579s] [  4%] [32mBuilding C object CMakeFiles/niryo_robot_msgs__rosidl_generator_c.dir/rosidl_generator_c/niryo_robot_msgs/msg/detail/command_status__description.c.o[0m
[4.579s] [  5%] [32mBuilding C object CMakeFiles/niryo_robot_msgs__rosidl_generator_c.dir/rosidl_generator_c/niryo_robot_msgs/msg/detail/command_status__functions.c.o[0m
[4.642s] [  5%] [32mBuilding C object CMakeFiles/niryo_robot_msgs__rosidl_generator_c.dir/rosidl_generator_c/niryo_robot_msgs/msg/detail/hardware_status__functions.c.o[0m
[4.647s] [  6%] [32mBuilding C object CMakeFiles/niryo_robot_msgs__rosidl_generator_c.dir/rosidl_generator_c/niryo_robot_msgs/msg/detail/hardware_status__description.c.o[0m
[4.649s] [  6%] [32mBuilding C object CMakeFiles/niryo_robot_msgs__rosidl_generator_c.dir/rosidl_generator_c/niryo_robot_msgs/msg/detail/hardware_status__type_support.c.o[0m
[4.675s] [  7%] [32mBuilding C object CMakeFiles/niryo_robot_msgs__rosidl_generator_c.dir/rosidl_generator_c/niryo_robot_msgs/msg/detail/motor_header__description.c.o[0m
[4.713s] [  7%] [32mBuilding C object CMakeFiles/niryo_robot_msgs__rosidl_generator_c.dir/rosidl_generator_c/niryo_robot_msgs/msg/detail/motor_header__functions.c.o[0m
[4.719s] [  7%] [32mBuilding C object CMakeFiles/niryo_robot_msgs__rosidl_generator_c.dir/rosidl_generator_c/niryo_robot_msgs/msg/detail/motor_header__type_support.c.o[0m
[4.722s] [  8%] [32mBuilding C object CMakeFiles/niryo_robot_msgs__rosidl_generator_c.dir/rosidl_generator_c/niryo_robot_msgs/msg/detail/object_pose__description.c.o[0m
[4.727s] [  8%] [32mBuilding C object CMakeFiles/niryo_robot_msgs__rosidl_generator_c.dir/rosidl_generator_c/niryo_robot_msgs/msg/detail/object_pose__functions.c.o[0m
[4.776s] [  8%] [32mBuilding C object CMakeFiles/niryo_robot_msgs__rosidl_generator_c.dir/rosidl_generator_c/niryo_robot_msgs/msg/detail/rpy__description.c.o[0m
[4.779s] [  9%] [32mBuilding C object CMakeFiles/niryo_robot_msgs__rosidl_generator_c.dir/rosidl_generator_c/niryo_robot_msgs/msg/detail/object_pose__type_support.c.o[0m
[4.788s] [  9%] [32mBuilding C object CMakeFiles/niryo_robot_msgs__rosidl_generator_c.dir/rosidl_generator_c/niryo_robot_msgs/msg/detail/rpy__functions.c.o[0m
[4.833s] [ 10%] [32mBuilding C object CMakeFiles/niryo_robot_msgs__rosidl_generator_c.dir/rosidl_generator_c/niryo_robot_msgs/msg/detail/rpy__type_support.c.o[0m
[4.837s] [ 10%] [32mBuilding C object CMakeFiles/niryo_robot_msgs__rosidl_generator_c.dir/rosidl_generator_c/niryo_robot_msgs/msg/detail/robot_state__description.c.o[0m
[4.843s] [ 10%] [32mBuilding C object CMakeFiles/niryo_robot_msgs__rosidl_generator_c.dir/rosidl_generator_c/niryo_robot_msgs/msg/detail/robot_state__functions.c.o[0m
[4.888s] [ 11%] [32mBuilding C object CMakeFiles/niryo_robot_msgs__rosidl_generator_c.dir/rosidl_generator_c/niryo_robot_msgs/msg/detail/robot_state__type_support.c.o[0m
[4.889s] [ 11%] [32mBuilding C object CMakeFiles/niryo_robot_msgs__rosidl_generator_c.dir/rosidl_generator_c/niryo_robot_msgs/msg/detail/software_version__description.c.o[0m
[4.893s] [ 12%] [32mBuilding C object CMakeFiles/niryo_robot_msgs__rosidl_generator_c.dir/rosidl_generator_c/niryo_robot_msgs/msg/detail/software_version__functions.c.o[0m
[4.935s] [ 12%] [32mBuilding C object CMakeFiles/niryo_robot_msgs__rosidl_generator_c.dir/rosidl_generator_c/niryo_robot_msgs/msg/detail/software_version__type_support.c.o[0m
[4.949s] [ 13%] [32mBuilding C object CMakeFiles/niryo_robot_msgs__rosidl_generator_c.dir/rosidl_generator_c/niryo_robot_msgs/srv/detail/advertise_shutdown__functions.c.o[0m
[4.954s] [ 13%] [32mBuilding C object CMakeFiles/niryo_robot_msgs__rosidl_generator_c.dir/rosidl_generator_c/niryo_robot_msgs/srv/detail/advertise_shutdown__description.c.o[0m
[4.970s] [ 13%] [32mBuilding C object CMakeFiles/niryo_robot_msgs__rosidl_generator_c.dir/rosidl_generator_c/niryo_robot_msgs/srv/detail/advertise_shutdown__type_support.c.o[0m
[5.004s] [ 14%] [32mBuilding C object CMakeFiles/niryo_robot_msgs__rosidl_generator_c.dir/rosidl_generator_c/niryo_robot_msgs/srv/detail/get_bool__description.c.o[0m
[5.039s] [ 14%] [32mBuilding C object CMakeFiles/niryo_robot_msgs__rosidl_generator_c.dir/rosidl_generator_c/niryo_robot_msgs/srv/detail/get_bool__functions.c.o[0m
[5.044s] [ 14%] [32mBuilding C object CMakeFiles/niryo_robot_msgs__rosidl_generator_c.dir/rosidl_generator_c/niryo_robot_msgs/srv/detail/get_bool__type_support.c.o[0m
[5.051s] [ 15%] [32mBuilding C object CMakeFiles/niryo_robot_msgs__rosidl_generator_c.dir/rosidl_generator_c/niryo_robot_msgs/srv/detail/get_int__description.c.o[0m
[5.087s] [ 15%] [32mBuilding C object CMakeFiles/niryo_robot_msgs__rosidl_generator_c.dir/rosidl_generator_c/niryo_robot_msgs/srv/detail/get_int__functions.c.o[0m
[5.109s] [ 15%] [32mBuilding C object CMakeFiles/niryo_robot_msgs__rosidl_generator_c.dir/rosidl_generator_c/niryo_robot_msgs/srv/detail/get_int__type_support.c.o[0m
[5.130s] [ 16%] [32mBuilding C object CMakeFiles/niryo_robot_msgs__rosidl_generator_c.dir/rosidl_generator_c/niryo_robot_msgs/srv/detail/get_name_description_list__description.c.o[0m
[5.151s] [ 16%] [32mBuilding C object CMakeFiles/niryo_robot_msgs__rosidl_generator_c.dir/rosidl_generator_c/niryo_robot_msgs/srv/detail/get_name_description_list__functions.c.o[0m
[5.170s] [ 16%] [32mBuilding C object CMakeFiles/niryo_robot_msgs__rosidl_generator_c.dir/rosidl_generator_c/niryo_robot_msgs/srv/detail/get_string__description.c.o[0m
[5.171s] [ 17%] [32mBuilding C object CMakeFiles/niryo_robot_msgs__rosidl_generator_c.dir/rosidl_generator_c/niryo_robot_msgs/srv/detail/get_name_description_list__type_support.c.o[0m
[5.206s] [ 17%] [32mBuilding C object CMakeFiles/niryo_robot_msgs__rosidl_generator_c.dir/rosidl_generator_c/niryo_robot_msgs/srv/detail/get_string__functions.c.o[0m
[5.236s] [ 18%] [32mBuilding C object CMakeFiles/niryo_robot_msgs__rosidl_generator_c.dir/rosidl_generator_c/niryo_robot_msgs/srv/detail/get_string__type_support.c.o[0m
[5.240s] [ 18%] [32mBuilding C object CMakeFiles/niryo_robot_msgs__rosidl_generator_c.dir/rosidl_generator_c/niryo_robot_msgs/srv/detail/get_string_list__description.c.o[0m
[5.246s] [ 18%] [32mBuilding C object CMakeFiles/niryo_robot_msgs__rosidl_generator_c.dir/rosidl_generator_c/niryo_robot_msgs/srv/detail/get_string_list__functions.c.o[0m
[5.290s] [ 19%] [32mBuilding C object CMakeFiles/niryo_robot_msgs__rosidl_generator_c.dir/rosidl_generator_c/niryo_robot_msgs/srv/detail/get_string_list__type_support.c.o[0m
[5.316s] [ 19%] [32mBuilding C object CMakeFiles/niryo_robot_msgs__rosidl_generator_c.dir/rosidl_generator_c/niryo_robot_msgs/srv/detail/ping__description.c.o[0m
[5.342s] [ 20%] [32mBuilding C object CMakeFiles/niryo_robot_msgs__rosidl_generator_c.dir/rosidl_generator_c/niryo_robot_msgs/srv/detail/ping__functions.c.o[0m
[5.350s] [ 20%] [32mBuilding C object CMakeFiles/niryo_robot_msgs__rosidl_generator_c.dir/rosidl_generator_c/niryo_robot_msgs/srv/detail/ping__type_support.c.o[0m
[5.378s] [ 20%] [32mBuilding C object CMakeFiles/niryo_robot_msgs__rosidl_generator_c.dir/rosidl_generator_c/niryo_robot_msgs/srv/detail/set_bool__description.c.o[0m
[5.382s] [ 21%] [32mBuilding C object CMakeFiles/niryo_robot_msgs__rosidl_generator_c.dir/rosidl_generator_c/niryo_robot_msgs/srv/detail/set_bool__functions.c.o[0m
[5.405s] [ 21%] [32mBuilding C object CMakeFiles/niryo_robot_msgs__rosidl_generator_c.dir/rosidl_generator_c/niryo_robot_msgs/srv/detail/set_bool__type_support.c.o[0m
[5.447s] [ 22%] [32mBuilding C object CMakeFiles/niryo_robot_msgs__rosidl_generator_c.dir/rosidl_generator_c/niryo_robot_msgs/srv/detail/get_float_list__functions.c.o[0m
[5.452s] [ 22%] [32mBuilding C object CMakeFiles/niryo_robot_msgs__rosidl_generator_c.dir/rosidl_generator_c/niryo_robot_msgs/srv/detail/get_float_list__description.c.o[0m
[5.469s] [ 22%] [32mBuilding C object CMakeFiles/niryo_robot_msgs__rosidl_generator_c.dir/rosidl_generator_c/niryo_robot_msgs/srv/detail/get_float_list__type_support.c.o[0m
[5.469s] [ 23%] [32mBuilding C object CMakeFiles/niryo_robot_msgs__rosidl_generator_c.dir/rosidl_generator_c/niryo_robot_msgs/srv/detail/set_float_list__description.c.o[0m
[5.511s] [ 23%] [32mBuilding C object CMakeFiles/niryo_robot_msgs__rosidl_generator_c.dir/rosidl_generator_c/niryo_robot_msgs/srv/detail/set_float_list__functions.c.o[0m
[5.521s] [ 23%] [32mBuilding C object CMakeFiles/niryo_robot_msgs__rosidl_generator_c.dir/rosidl_generator_c/niryo_robot_msgs/srv/detail/set_float_list__type_support.c.o[0m
[5.546s] [ 24%] [32mBuilding C object CMakeFiles/niryo_robot_msgs__rosidl_generator_c.dir/rosidl_generator_c/niryo_robot_msgs/srv/detail/set_float__description.c.o[0m
[5.588s] [ 24%] [32mBuilding C object CMakeFiles/niryo_robot_msgs__rosidl_generator_c.dir/rosidl_generator_c/niryo_robot_msgs/srv/detail/set_float__functions.c.o[0m
[5.590s] [ 24%] [32mBuilding C object CMakeFiles/niryo_robot_msgs__rosidl_generator_c.dir/rosidl_generator_c/niryo_robot_msgs/srv/detail/set_int__description.c.o[0m
[5.600s] [ 25%] [32mBuilding C object CMakeFiles/niryo_robot_msgs__rosidl_generator_c.dir/rosidl_generator_c/niryo_robot_msgs/srv/detail/set_float__type_support.c.o[0m
[5.631s] [ 25%] [32mBuilding C object CMakeFiles/niryo_robot_msgs__rosidl_generator_c.dir/rosidl_generator_c/niryo_robot_msgs/srv/detail/set_int__functions.c.o[0m
[5.661s] [ 26%] [32mBuilding C object CMakeFiles/niryo_robot_msgs__rosidl_generator_c.dir/rosidl_generator_c/niryo_robot_msgs/srv/detail/set_int__type_support.c.o[0m
[5.672s] [ 26%] [32mBuilding C object CMakeFiles/niryo_robot_msgs__rosidl_generator_c.dir/rosidl_generator_c/niryo_robot_msgs/srv/detail/set_string__functions.c.o[0m
[5.673s] [ 26%] [32mBuilding C object CMakeFiles/niryo_robot_msgs__rosidl_generator_c.dir/rosidl_generator_c/niryo_robot_msgs/srv/detail/set_string__description.c.o[0m
[5.720s] [ 26%] [32mBuilding C object CMakeFiles/niryo_robot_msgs__rosidl_generator_c.dir/rosidl_generator_c/niryo_robot_msgs/srv/detail/trigger__description.c.o[0m
[5.727s] [ 27%] [32mBuilding C object CMakeFiles/niryo_robot_msgs__rosidl_generator_c.dir/rosidl_generator_c/niryo_robot_msgs/srv/detail/set_string__type_support.c.o[0m
[5.761s] [ 28%] [32mBuilding C object CMakeFiles/niryo_robot_msgs__rosidl_generator_c.dir/rosidl_generator_c/niryo_robot_msgs/srv/detail/trigger__functions.c.o[0m
[5.775s] [ 28%] [32mBuilding C object CMakeFiles/niryo_robot_msgs__rosidl_generator_c.dir/rosidl_generator_c/niryo_robot_msgs/srv/detail/trigger__type_support.c.o[0m
[5.859s] [ 28%] [32m[1mLinking C shared library libniryo_robot_msgs__rosidl_generator_c.so[0m
[5.941s] [ 28%] Built target niryo_robot_msgs__rosidl_generator_c
[5.962s] [ 28%] [34m[1mGenerating C++ type support dispatch for ROS interfaces[0m
[5.962s] [ 28%] [34m[1mGenerating C type support for eProsima Fast-RTPS[0m
[5.963s] [ 28%] [34m[1mGenerating C++ type support for eProsima Fast-RTPS[0m
[5.963s] [ 28%] [34m[1mGenerating C introspection for ROS interfaces[0m
[7.384s] [ 29%] [32mBuilding CXX object CMakeFiles/niryo_robot_msgs__rosidl_typesupport_cpp.dir/rosidl_typesupport_cpp/niryo_robot_msgs/msg/basic_object__type_support.cpp.o[0m
[7.599s] [ 29%] [32mBuilding CXX object CMakeFiles/niryo_robot_msgs__rosidl_typesupport_cpp.dir/rosidl_typesupport_cpp/niryo_robot_msgs/msg/basic_object_array__type_support.cpp.o[0m
[7.831s] [ 30%] [32mBuilding CXX object CMakeFiles/niryo_robot_msgs__rosidl_typesupport_cpp.dir/rosidl_typesupport_cpp/niryo_robot_msgs/msg/bus_state__type_support.cpp.o[0m
[8.047s] [ 30%] [32mBuilding CXX object CMakeFiles/niryo_robot_msgs__rosidl_typesupport_cpp.dir/rosidl_typesupport_cpp/niryo_robot_msgs/msg/command_status__type_support.cpp.o[0m
[8.087s] [ 30%] [32mBuilding C object CMakeFiles/niryo_robot_msgs__rosidl_typesupport_introspection_c.dir/rosidl_typesupport_introspection_c/niryo_robot_msgs/msg/detail/basic_object__type_support.c.o[0m
[8.137s] [ 31%] [32mBuilding C object CMakeFiles/niryo_robot_msgs__rosidl_typesupport_introspection_c.dir/rosidl_typesupport_introspection_c/niryo_robot_msgs/msg/detail/basic_object_array__type_support.c.o[0m
[8.188s] [ 31%] [32mBuilding C object CMakeFiles/niryo_robot_msgs__rosidl_typesupport_introspection_c.dir/rosidl_typesupport_introspection_c/niryo_robot_msgs/msg/detail/bus_state__type_support.c.o[0m
[8.241s] [ 31%] [32mBuilding C object CMakeFiles/niryo_robot_msgs__rosidl_typesupport_introspection_c.dir/rosidl_typesupport_introspection_c/niryo_robot_msgs/msg/detail/command_status__type_support.c.o[0m
[8.286s] [ 31%] [32mBuilding CXX object CMakeFiles/niryo_robot_msgs__rosidl_typesupport_cpp.dir/rosidl_typesupport_cpp/niryo_robot_msgs/msg/hardware_status__type_support.cpp.o[0m
[8.293s] [ 32%] [32mBuilding C object CMakeFiles/niryo_robot_msgs__rosidl_typesupport_introspection_c.dir/rosidl_typesupport_introspection_c/niryo_robot_msgs/msg/detail/hardware_status__type_support.c.o[0m
[8.295s] [ 32%] [32mBuilding CXX object CMakeFiles/niryo_robot_msgs__rosidl_typesupport_fastrtps_cpp.dir/rosidl_typesupport_fastrtps_cpp/niryo_robot_msgs/msg/detail/dds_fastrtps/basic_object__type_support.cpp.o[0m
[8.352s] [ 32%] [32mBuilding C object CMakeFiles/niryo_robot_msgs__rosidl_typesupport_introspection_c.dir/rosidl_typesupport_introspection_c/niryo_robot_msgs/msg/detail/motor_header__type_support.c.o[0m
[8.401s] [ 33%] [32mBuilding C object CMakeFiles/niryo_robot_msgs__rosidl_typesupport_introspection_c.dir/rosidl_typesupport_introspection_c/niryo_robot_msgs/msg/detail/object_pose__type_support.c.o[0m
[8.448s] [ 33%] [32mBuilding C object CMakeFiles/niryo_robot_msgs__rosidl_typesupport_introspection_c.dir/rosidl_typesupport_introspection_c/niryo_robot_msgs/msg/detail/rpy__type_support.c.o[0m
[8.455s] [ 34%] [32mBuilding CXX object CMakeFiles/niryo_robot_msgs__rosidl_typesupport_fastrtps_c.dir/rosidl_typesupport_fastrtps_c/niryo_robot_msgs/msg/detail/basic_object__type_support_c.cpp.o[0m
[8.502s] [ 34%] [32mBuilding C object CMakeFiles/niryo_robot_msgs__rosidl_typesupport_introspection_c.dir/rosidl_typesupport_introspection_c/niryo_robot_msgs/msg/detail/robot_state__type_support.c.o[0m
[8.531s] [ 35%] [32mBuilding CXX object CMakeFiles/niryo_robot_msgs__rosidl_typesupport_cpp.dir/rosidl_typesupport_cpp/niryo_robot_msgs/msg/motor_header__type_support.cpp.o[0m
[8.552s] [ 36%] [32mBuilding C object CMakeFiles/niryo_robot_msgs__rosidl_typesupport_introspection_c.dir/rosidl_typesupport_introspection_c/niryo_robot_msgs/msg/detail/software_version__type_support.c.o[0m
[8.614s] [ 36%] [32mBuilding C object CMakeFiles/niryo_robot_msgs__rosidl_typesupport_introspection_c.dir/rosidl_typesupport_introspection_c/niryo_robot_msgs/srv/detail/advertise_shutdown__type_support.c.o[0m
[8.624s] [ 37%] [32mBuilding CXX object CMakeFiles/niryo_robot_msgs__rosidl_typesupport_fastrtps_cpp.dir/rosidl_typesupport_fastrtps_cpp/niryo_robot_msgs/msg/detail/dds_fastrtps/basic_object_array__type_support.cpp.o[0m
[8.669s] [ 37%] [32mBuilding C object CMakeFiles/niryo_robot_msgs__rosidl_typesupport_introspection_c.dir/rosidl_typesupport_introspection_c/niryo_robot_msgs/srv/detail/get_bool__type_support.c.o[0m
[8.725s] [ 38%] [32mBuilding C object CMakeFiles/niryo_robot_msgs__rosidl_typesupport_introspection_c.dir/rosidl_typesupport_introspection_c/niryo_robot_msgs/srv/detail/get_int__type_support.c.o[0m
[8.750s] [ 38%] [32mBuilding CXX object CMakeFiles/niryo_robot_msgs__rosidl_typesupport_cpp.dir/rosidl_typesupport_cpp/niryo_robot_msgs/msg/object_pose__type_support.cpp.o[0m
[8.791s] [ 38%] [32mBuilding C object CMakeFiles/niryo_robot_msgs__rosidl_typesupport_introspection_c.dir/rosidl_typesupport_introspection_c/niryo_robot_msgs/srv/detail/get_name_description_list__type_support.c.o[0m
[8.809s] [ 38%] [32mBuilding CXX object CMakeFiles/niryo_robot_msgs__rosidl_typesupport_fastrtps_c.dir/rosidl_typesupport_fastrtps_c/niryo_robot_msgs/msg/detail/basic_object_array__type_support_c.cpp.o[0m
[8.853s] [ 39%] [32mBuilding C object CMakeFiles/niryo_robot_msgs__rosidl_typesupport_introspection_c.dir/rosidl_typesupport_introspection_c/niryo_robot_msgs/srv/detail/get_string__type_support.c.o[0m
[8.915s] [ 39%] [32mBuilding C object CMakeFiles/niryo_robot_msgs__rosidl_typesupport_introspection_c.dir/rosidl_typesupport_introspection_c/niryo_robot_msgs/srv/detail/get_string_list__type_support.c.o[0m
[8.972s] [ 39%] [32mBuilding CXX object CMakeFiles/niryo_robot_msgs__rosidl_typesupport_fastrtps_cpp.dir/rosidl_typesupport_fastrtps_cpp/niryo_robot_msgs/msg/detail/dds_fastrtps/bus_state__type_support.cpp.o[0m
[8.980s] [ 39%] [32mBuilding CXX object CMakeFiles/niryo_robot_msgs__rosidl_typesupport_cpp.dir/rosidl_typesupport_cpp/niryo_robot_msgs/msg/rpy__type_support.cpp.o[0m
[8.986s] [ 39%] [32mBuilding C object CMakeFiles/niryo_robot_msgs__rosidl_typesupport_introspection_c.dir/rosidl_typesupport_introspection_c/niryo_robot_msgs/srv/detail/ping__type_support.c.o[0m
[9.047s] [ 40%] [32mBuilding C object CMakeFiles/niryo_robot_msgs__rosidl_typesupport_introspection_c.dir/rosidl_typesupport_introspection_c/niryo_robot_msgs/srv/detail/set_bool__type_support.c.o[0m
[9.103s] [ 40%] [32mBuilding C object CMakeFiles/niryo_robot_msgs__rosidl_typesupport_introspection_c.dir/rosidl_typesupport_introspection_c/niryo_robot_msgs/srv/detail/get_float_list__type_support.c.o[0m
[9.134s] [ 40%] [32mBuilding CXX object CMakeFiles/niryo_robot_msgs__rosidl_typesupport_fastrtps_c.dir/rosidl_typesupport_fastrtps_c/niryo_robot_msgs/msg/detail/bus_state__type_support_c.cpp.o[0m
[9.170s] [ 40%] [32mBuilding C object CMakeFiles/niryo_robot_msgs__rosidl_typesupport_introspection_c.dir/rosidl_typesupport_introspection_c/niryo_robot_msgs/srv/detail/set_float_list__type_support.c.o[0m
[9.201s] [ 41%] [32mBuilding CXX object CMakeFiles/niryo_robot_msgs__rosidl_typesupport_cpp.dir/rosidl_typesupport_cpp/niryo_robot_msgs/msg/robot_state__type_support.cpp.o[0m
[9.227s] [ 42%] [32mBuilding C object CMakeFiles/niryo_robot_msgs__rosidl_typesupport_introspection_c.dir/rosidl_typesupport_introspection_c/niryo_robot_msgs/srv/detail/set_float__type_support.c.o[0m
[9.284s] [ 42%] [32mBuilding C object CMakeFiles/niryo_robot_msgs__rosidl_typesupport_introspection_c.dir/rosidl_typesupport_introspection_c/niryo_robot_msgs/srv/detail/set_int__type_support.c.o[0m
[9.323s] [ 43%] [32mBuilding CXX object CMakeFiles/niryo_robot_msgs__rosidl_typesupport_fastrtps_cpp.dir/rosidl_typesupport_fastrtps_cpp/niryo_robot_msgs/msg/detail/dds_fastrtps/command_status__type_support.cpp.o[0m
[9.342s] [ 44%] [32mBuilding C object CMakeFiles/niryo_robot_msgs__rosidl_typesupport_introspection_c.dir/rosidl_typesupport_introspection_c/niryo_robot_msgs/srv/detail/set_string__type_support.c.o[0m
[9.399s] [ 44%] [32mBuilding C object CMakeFiles/niryo_robot_msgs__rosidl_typesupport_introspection_c.dir/rosidl_typesupport_introspection_c/niryo_robot_msgs/srv/detail/trigger__type_support.c.o[0m
[9.450s] [ 44%] [32mBuilding CXX object CMakeFiles/niryo_robot_msgs__rosidl_typesupport_cpp.dir/rosidl_typesupport_cpp/niryo_robot_msgs/msg/software_version__type_support.cpp.o[0m
[9.456s] [ 44%] [32m[1mLinking C shared library libniryo_robot_msgs__rosidl_typesupport_introspection_c.so[0m
[9.494s] [ 45%] [32mBuilding CXX object CMakeFiles/niryo_robot_msgs__rosidl_typesupport_fastrtps_c.dir/rosidl_typesupport_fastrtps_c/niryo_robot_msgs/msg/detail/command_status__type_support_c.cpp.o[0m
[9.514s] [ 45%] Built target niryo_robot_msgs__rosidl_typesupport_introspection_c
[9.530s] [ 45%] [32mBuilding CXX object CMakeFiles/niryo_robot_msgs__rosidl_typesupport_fastrtps_cpp.dir/rosidl_typesupport_fastrtps_cpp/niryo_robot_msgs/msg/detail/dds_fastrtps/hardware_status__type_support.cpp.o[0m
[9.653s] [ 46%] [32mBuilding CXX object CMakeFiles/niryo_robot_msgs__rosidl_typesupport_cpp.dir/rosidl_typesupport_cpp/niryo_robot_msgs/srv/advertise_shutdown__type_support.cpp.o[0m
[9.693s] [ 46%] [32mBuilding CXX object CMakeFiles/niryo_robot_msgs__rosidl_typesupport_fastrtps_c.dir/rosidl_typesupport_fastrtps_c/niryo_robot_msgs/msg/detail/hardware_status__type_support_c.cpp.o[0m
[9.834s] [ 47%] [34m[1mGenerating C type support dispatch for ROS interfaces[0m
[9.956s] [ 47%] [32mBuilding CXX object CMakeFiles/niryo_robot_msgs__rosidl_typesupport_cpp.dir/rosidl_typesupport_cpp/niryo_robot_msgs/srv/get_bool__type_support.cpp.o[0m
[9.968s] [ 47%] [32mBuilding CXX object CMakeFiles/niryo_robot_msgs__rosidl_typesupport_fastrtps_cpp.dir/rosidl_typesupport_fastrtps_cpp/niryo_robot_msgs/msg/detail/dds_fastrtps/motor_header__type_support.cpp.o[0m
[10.053s] [ 47%] [32mBuilding CXX object CMakeFiles/niryo_robot_msgs__rosidl_typesupport_fastrtps_c.dir/rosidl_typesupport_fastrtps_c/niryo_robot_msgs/msg/detail/motor_header__type_support_c.cpp.o[0m
[10.238s] [ 47%] [32mBuilding CXX object CMakeFiles/niryo_robot_msgs__rosidl_typesupport_cpp.dir/rosidl_typesupport_cpp/niryo_robot_msgs/srv/get_int__type_support.cpp.o[0m
[10.300s] [ 48%] [32mBuilding CXX object CMakeFiles/niryo_robot_msgs__rosidl_typesupport_fastrtps_cpp.dir/rosidl_typesupport_fastrtps_cpp/niryo_robot_msgs/msg/detail/dds_fastrtps/object_pose__type_support.cpp.o[0m
[10.379s] [ 49%] [32mBuilding CXX object CMakeFiles/niryo_robot_msgs__rosidl_typesupport_fastrtps_c.dir/rosidl_typesupport_fastrtps_c/niryo_robot_msgs/msg/detail/object_pose__type_support_c.cpp.o[0m
[10.551s] [ 50%] [32mBuilding CXX object CMakeFiles/niryo_robot_msgs__rosidl_typesupport_cpp.dir/rosidl_typesupport_cpp/niryo_robot_msgs/srv/get_name_description_list__type_support.cpp.o[0m
[10.631s] [ 50%] [32mBuilding CXX object CMakeFiles/niryo_robot_msgs__rosidl_typesupport_fastrtps_cpp.dir/rosidl_typesupport_fastrtps_cpp/niryo_robot_msgs/msg/detail/dds_fastrtps/rpy__type_support.cpp.o[0m
[10.708s] [ 50%] [32mBuilding CXX object CMakeFiles/niryo_robot_msgs__rosidl_typesupport_fastrtps_c.dir/rosidl_typesupport_fastrtps_c/niryo_robot_msgs/msg/detail/rpy__type_support_c.cpp.o[0m
[10.876s] [ 50%] [32mBuilding CXX object CMakeFiles/niryo_robot_msgs__rosidl_typesupport_cpp.dir/rosidl_typesupport_cpp/niryo_robot_msgs/srv/get_string__type_support.cpp.o[0m
[10.951s] [ 50%] [32mBuilding CXX object CMakeFiles/niryo_robot_msgs__rosidl_typesupport_fastrtps_cpp.dir/rosidl_typesupport_fastrtps_cpp/niryo_robot_msgs/msg/detail/dds_fastrtps/robot_state__type_support.cpp.o[0m
[11.035s] [ 51%] [32mBuilding CXX object CMakeFiles/niryo_robot_msgs__rosidl_typesupport_fastrtps_c.dir/rosidl_typesupport_fastrtps_c/niryo_robot_msgs/msg/detail/robot_state__type_support_c.cpp.o[0m
[11.128s] [ 51%] [32mBuilding CXX object CMakeFiles/niryo_robot_msgs__rosidl_typesupport_c.dir/rosidl_typesupport_c/niryo_robot_msgs/msg/basic_object__type_support.cpp.o[0m
[11.174s] [ 51%] [32mBuilding CXX object CMakeFiles/niryo_robot_msgs__rosidl_typesupport_cpp.dir/rosidl_typesupport_cpp/niryo_robot_msgs/srv/get_string_list__type_support.cpp.o[0m
[11.184s] [ 51%] [32mBuilding CXX object CMakeFiles/niryo_robot_msgs__rosidl_typesupport_c.dir/rosidl_typesupport_c/niryo_robot_msgs/msg/basic_object_array__type_support.cpp.o[0m
[11.236s] [ 52%] [32mBuilding CXX object CMakeFiles/niryo_robot_msgs__rosidl_typesupport_c.dir/rosidl_typesupport_c/niryo_robot_msgs/msg/bus_state__type_support.cpp.o[0m
[11.274s] [ 53%] [32mBuilding CXX object CMakeFiles/niryo_robot_msgs__rosidl_typesupport_fastrtps_cpp.dir/rosidl_typesupport_fastrtps_cpp/niryo_robot_msgs/msg/detail/dds_fastrtps/software_version__type_support.cpp.o[0m
[11.302s] [ 53%] [32mBuilding CXX object CMakeFiles/niryo_robot_msgs__rosidl_typesupport_c.dir/rosidl_typesupport_c/niryo_robot_msgs/msg/command_status__type_support.cpp.o[0m
[11.354s] [ 53%] [32mBuilding CXX object CMakeFiles/niryo_robot_msgs__rosidl_typesupport_c.dir/rosidl_typesupport_c/niryo_robot_msgs/msg/hardware_status__type_support.cpp.o[0m
[11.380s] [ 53%] [32mBuilding CXX object CMakeFiles/niryo_robot_msgs__rosidl_typesupport_fastrtps_c.dir/rosidl_typesupport_fastrtps_c/niryo_robot_msgs/msg/detail/software_version__type_support_c.cpp.o[0m
[11.412s] [ 54%] [32mBuilding CXX object CMakeFiles/niryo_robot_msgs__rosidl_typesupport_c.dir/rosidl_typesupport_c/niryo_robot_msgs/msg/motor_header__type_support.cpp.o[0m
[11.465s] [ 54%] [32mBuilding CXX object CMakeFiles/niryo_robot_msgs__rosidl_typesupport_c.dir/rosidl_typesupport_c/niryo_robot_msgs/msg/object_pose__type_support.cpp.o[0m
[11.473s] [ 55%] [32mBuilding CXX object CMakeFiles/niryo_robot_msgs__rosidl_typesupport_cpp.dir/rosidl_typesupport_cpp/niryo_robot_msgs/srv/ping__type_support.cpp.o[0m
[11.519s] [ 56%] [32mBuilding CXX object CMakeFiles/niryo_robot_msgs__rosidl_typesupport_c.dir/rosidl_typesupport_c/niryo_robot_msgs/msg/rpy__type_support.cpp.o[0m
[11.573s] [ 56%] [32mBuilding CXX object CMakeFiles/niryo_robot_msgs__rosidl_typesupport_c.dir/rosidl_typesupport_c/niryo_robot_msgs/msg/robot_state__type_support.cpp.o[0m
[11.629s] [ 56%] [32mBuilding CXX object CMakeFiles/niryo_robot_msgs__rosidl_typesupport_fastrtps_cpp.dir/rosidl_typesupport_fastrtps_cpp/niryo_robot_msgs/srv/detail/dds_fastrtps/advertise_shutdown__type_support.cpp.o[0m
[11.632s] [ 56%] [32mBuilding CXX object CMakeFiles/niryo_robot_msgs__rosidl_typesupport_c.dir/rosidl_typesupport_c/niryo_robot_msgs/msg/software_version__type_support.cpp.o[0m
[11.685s] [ 57%] [32mBuilding CXX object CMakeFiles/niryo_robot_msgs__rosidl_typesupport_c.dir/rosidl_typesupport_c/niryo_robot_msgs/srv/advertise_shutdown__type_support.cpp.o[0m
[11.751s] [ 57%] [32mBuilding CXX object CMakeFiles/niryo_robot_msgs__rosidl_typesupport_c.dir/rosidl_typesupport_c/niryo_robot_msgs/srv/get_bool__type_support.cpp.o[0m
[11.753s] [ 57%] [32mBuilding CXX object CMakeFiles/niryo_robot_msgs__rosidl_typesupport_fastrtps_c.dir/rosidl_typesupport_fastrtps_c/niryo_robot_msgs/srv/detail/advertise_shutdown__type_support_c.cpp.o[0m
[11.757s] [ 57%] [32mBuilding CXX object CMakeFiles/niryo_robot_msgs__rosidl_typesupport_cpp.dir/rosidl_typesupport_cpp/niryo_robot_msgs/srv/set_bool__type_support.cpp.o[0m
[11.807s] [ 57%] [32mBuilding CXX object CMakeFiles/niryo_robot_msgs__rosidl_typesupport_c.dir/rosidl_typesupport_c/niryo_robot_msgs/srv/get_int__type_support.cpp.o[0m
[11.868s] [ 58%] [32mBuilding CXX object CMakeFiles/niryo_robot_msgs__rosidl_typesupport_c.dir/rosidl_typesupport_c/niryo_robot_msgs/srv/get_name_description_list__type_support.cpp.o[0m
[11.924s] [ 58%] [32mBuilding CXX object CMakeFiles/niryo_robot_msgs__rosidl_typesupport_c.dir/rosidl_typesupport_c/niryo_robot_msgs/srv/get_string__type_support.cpp.o[0m
[11.991s] [ 59%] [32mBuilding CXX object CMakeFiles/niryo_robot_msgs__rosidl_typesupport_c.dir/rosidl_typesupport_c/niryo_robot_msgs/srv/get_string_list__type_support.cpp.o[0m
[12.042s] [ 60%] [32mBuilding CXX object CMakeFiles/niryo_robot_msgs__rosidl_typesupport_cpp.dir/rosidl_typesupport_cpp/niryo_robot_msgs/srv/get_float_list__type_support.cpp.o[0m
[12.064s] [ 60%] [32mBuilding CXX object CMakeFiles/niryo_robot_msgs__rosidl_typesupport_c.dir/rosidl_typesupport_c/niryo_robot_msgs/srv/ping__type_support.cpp.o[0m
[12.064s] [ 61%] [32mBuilding CXX object CMakeFiles/niryo_robot_msgs__rosidl_typesupport_fastrtps_cpp.dir/rosidl_typesupport_fastrtps_cpp/niryo_robot_msgs/srv/detail/dds_fastrtps/get_bool__type_support.cpp.o[0m
[12.120s] [ 62%] [32mBuilding CXX object CMakeFiles/niryo_robot_msgs__rosidl_typesupport_fastrtps_c.dir/rosidl_typesupport_fastrtps_c/niryo_robot_msgs/srv/detail/get_bool__type_support_c.cpp.o[0m
[12.124s] [ 62%] [32mBuilding CXX object CMakeFiles/niryo_robot_msgs__rosidl_typesupport_c.dir/rosidl_typesupport_c/niryo_robot_msgs/srv/set_bool__type_support.cpp.o[0m
[12.196s] [ 63%] [32mBuilding CXX object CMakeFiles/niryo_robot_msgs__rosidl_typesupport_c.dir/rosidl_typesupport_c/niryo_robot_msgs/srv/get_float_list__type_support.cpp.o[0m
[12.313s] [ 63%] [32mBuilding CXX object CMakeFiles/niryo_robot_msgs__rosidl_typesupport_c.dir/rosidl_typesupport_c/niryo_robot_msgs/srv/set_float_list__type_support.cpp.o[0m
[12.378s] [ 63%] [32mBuilding CXX object CMakeFiles/niryo_robot_msgs__rosidl_typesupport_c.dir/rosidl_typesupport_c/niryo_robot_msgs/srv/set_float__type_support.cpp.o[0m
[12.403s] [ 63%] [32mBuilding CXX object CMakeFiles/niryo_robot_msgs__rosidl_typesupport_cpp.dir/rosidl_typesupport_cpp/niryo_robot_msgs/srv/set_float_list__type_support.cpp.o[0m
[12.439s] [ 64%] [32mBuilding CXX object CMakeFiles/niryo_robot_msgs__rosidl_typesupport_c.dir/rosidl_typesupport_c/niryo_robot_msgs/srv/set_int__type_support.cpp.o[0m
[12.497s] [ 64%] [32mBuilding CXX object CMakeFiles/niryo_robot_msgs__rosidl_typesupport_fastrtps_c.dir/rosidl_typesupport_fastrtps_c/niryo_robot_msgs/srv/detail/get_int__type_support_c.cpp.o[0m
[12.497s] [ 64%] [32mBuilding CXX object CMakeFiles/niryo_robot_msgs__rosidl_typesupport_fastrtps_cpp.dir/rosidl_typesupport_fastrtps_cpp/niryo_robot_msgs/srv/detail/dds_fastrtps/get_int__type_support.cpp.o[0m
[12.511s] [ 64%] [32mBuilding CXX object CMakeFiles/niryo_robot_msgs__rosidl_typesupport_c.dir/rosidl_typesupport_c/niryo_robot_msgs/srv/set_string__type_support.cpp.o[0m
[12.747s] [ 64%] [32mBuilding CXX object CMakeFiles/niryo_robot_msgs__rosidl_typesupport_cpp.dir/rosidl_typesupport_cpp/niryo_robot_msgs/srv/set_float__type_support.cpp.o[0m
[12.754s] [ 65%] [32mBuilding CXX object CMakeFiles/niryo_robot_msgs__rosidl_typesupport_c.dir/rosidl_typesupport_c/niryo_robot_msgs/srv/trigger__type_support.cpp.o[0m
[12.838s] [ 65%] [32m[1mLinking CXX shared library libniryo_robot_msgs__rosidl_typesupport_c.so[0m
[12.889s] [ 66%] [32mBuilding CXX object CMakeFiles/niryo_robot_msgs__rosidl_typesupport_fastrtps_c.dir/rosidl_typesupport_fastrtps_c/niryo_robot_msgs/srv/detail/get_name_description_list__type_support_c.cpp.o[0m
[12.896s] [ 66%] Built target niryo_robot_msgs__rosidl_typesupport_c
[12.931s] [ 67%] [32mBuilding CXX object CMakeFiles/niryo_robot_msgs__rosidl_typesupport_cpp.dir/rosidl_typesupport_cpp/niryo_robot_msgs/srv/set_int__type_support.cpp.o[0m
[12.965s] [ 67%] [32mBuilding CXX object CMakeFiles/niryo_robot_msgs__rosidl_typesupport_fastrtps_cpp.dir/rosidl_typesupport_fastrtps_cpp/niryo_robot_msgs/srv/detail/dds_fastrtps/get_name_description_list__type_support.cpp.o[0m
[13.040s] [ 67%] [32mBuilding CXX object CMakeFiles/niryo_robot_msgs__rosidl_typesupport_fastrtps_c.dir/rosidl_typesupport_fastrtps_c/niryo_robot_msgs/srv/detail/get_string__type_support_c.cpp.o[0m
[13.229s] [ 67%] [32mBuilding CXX object CMakeFiles/niryo_robot_msgs__rosidl_typesupport_cpp.dir/rosidl_typesupport_cpp/niryo_robot_msgs/srv/set_string__type_support.cpp.o[0m
[13.284s] [ 68%] [32mBuilding CXX object CMakeFiles/niryo_robot_msgs__rosidl_typesupport_fastrtps_cpp.dir/rosidl_typesupport_fastrtps_cpp/niryo_robot_msgs/srv/detail/dds_fastrtps/get_string__type_support.cpp.o[0m
[13.396s] [ 68%] [32mBuilding CXX object CMakeFiles/niryo_robot_msgs__rosidl_typesupport_fastrtps_c.dir/rosidl_typesupport_fastrtps_c/niryo_robot_msgs/srv/detail/get_string_list__type_support_c.cpp.o[0m
[13.464s] [ 69%] [34m[1mGenerating C++ introspection for ROS interfaces[0m
[13.531s] [ 69%] [32mBuilding CXX object CMakeFiles/niryo_robot_msgs__rosidl_typesupport_cpp.dir/rosidl_typesupport_cpp/niryo_robot_msgs/srv/trigger__type_support.cpp.o[0m
[13.739s] [ 69%] [32mBuilding CXX object CMakeFiles/niryo_robot_msgs__rosidl_typesupport_fastrtps_cpp.dir/rosidl_typesupport_fastrtps_cpp/niryo_robot_msgs/srv/detail/dds_fastrtps/get_string_list__type_support.cpp.o[0m
[13.749s] [ 70%] [32mBuilding CXX object CMakeFiles/niryo_robot_msgs__rosidl_typesupport_fastrtps_c.dir/rosidl_typesupport_fastrtps_c/niryo_robot_msgs/srv/detail/ping__type_support_c.cpp.o[0m
[13.832s] [ 71%] [32m[1mLinking CXX shared library libniryo_robot_msgs__rosidl_typesupport_cpp.so[0m
[13.924s] [ 71%] Built target niryo_robot_msgs__rosidl_typesupport_cpp
[13.950s] [ 72%] [32mBuilding CXX object CMakeFiles/niryo_robot_msgs__rosidl_typesupport_fastrtps_cpp.dir/rosidl_typesupport_fastrtps_cpp/niryo_robot_msgs/srv/detail/dds_fastrtps/ping__type_support.cpp.o[0m
[14.142s] [ 72%] [32mBuilding CXX object CMakeFiles/niryo_robot_msgs__rosidl_typesupport_fastrtps_c.dir/rosidl_typesupport_fastrtps_c/niryo_robot_msgs/srv/detail/set_bool__type_support_c.cpp.o[0m
[14.222s] [ 72%] [32mBuilding CXX object CMakeFiles/niryo_robot_msgs__rosidl_typesupport_fastrtps_c.dir/rosidl_typesupport_fastrtps_c/niryo_robot_msgs/srv/detail/get_float_list__type_support_c.cpp.o[0m
[14.456s] [ 72%] [32mBuilding CXX object CMakeFiles/niryo_robot_msgs__rosidl_typesupport_fastrtps_cpp.dir/rosidl_typesupport_fastrtps_cpp/niryo_robot_msgs/srv/detail/dds_fastrtps/set_bool__type_support.cpp.o[0m
[14.594s] [ 72%] [32mBuilding CXX object CMakeFiles/niryo_robot_msgs__rosidl_typesupport_fastrtps_cpp.dir/rosidl_typesupport_fastrtps_cpp/niryo_robot_msgs/srv/detail/dds_fastrtps/get_float_list__type_support.cpp.o[0m
[14.661s] [ 73%] [32mBuilding CXX object CMakeFiles/niryo_robot_msgs__rosidl_typesupport_fastrtps_c.dir/rosidl_typesupport_fastrtps_c/niryo_robot_msgs/srv/detail/set_float_list__type_support_c.cpp.o[0m
[14.959s] [ 74%] [32mBuilding CXX object CMakeFiles/niryo_robot_msgs__rosidl_typesupport_fastrtps_cpp.dir/rosidl_typesupport_fastrtps_cpp/niryo_robot_msgs/srv/detail/dds_fastrtps/set_float_list__type_support.cpp.o[0m
[15.065s] [ 74%] [32mBuilding CXX object CMakeFiles/niryo_robot_msgs__rosidl_typesupport_fastrtps_c.dir/rosidl_typesupport_fastrtps_c/niryo_robot_msgs/srv/detail/set_float__type_support_c.cpp.o[0m
[15.110s] [ 74%] [32mBuilding CXX object CMakeFiles/niryo_robot_msgs__rosidl_typesupport_fastrtps_cpp.dir/rosidl_typesupport_fastrtps_cpp/niryo_robot_msgs/srv/detail/dds_fastrtps/set_float__type_support.cpp.o[0m
[15.355s] [ 74%] [32mBuilding CXX object CMakeFiles/niryo_robot_msgs__rosidl_typesupport_introspection_cpp.dir/rosidl_typesupport_introspection_cpp/niryo_robot_msgs/msg/detail/basic_object__type_support.cpp.o[0m
[15.448s] [ 75%] [32mBuilding CXX object CMakeFiles/niryo_robot_msgs__rosidl_typesupport_introspection_cpp.dir/rosidl_typesupport_introspection_cpp/niryo_robot_msgs/msg/detail/basic_object_array__type_support.cpp.o[0m
[15.467s] [ 76%] [32mBuilding CXX object CMakeFiles/niryo_robot_msgs__rosidl_typesupport_fastrtps_c.dir/rosidl_typesupport_fastrtps_c/niryo_robot_msgs/srv/detail/set_int__type_support_c.cpp.o[0m
[15.598s] [ 76%] [32mBuilding CXX object CMakeFiles/niryo_robot_msgs__rosidl_typesupport_fastrtps_cpp.dir/rosidl_typesupport_fastrtps_cpp/niryo_robot_msgs/srv/detail/dds_fastrtps/set_int__type_support.cpp.o[0m
[15.607s] [ 76%] [32mBuilding CXX object CMakeFiles/niryo_robot_msgs__rosidl_typesupport_fastrtps_c.dir/rosidl_typesupport_fastrtps_c/niryo_robot_msgs/srv/detail/set_string__type_support_c.cpp.o[0m
[15.708s] [ 76%] [32mBuilding CXX object CMakeFiles/niryo_robot_msgs__rosidl_typesupport_introspection_cpp.dir/rosidl_typesupport_introspection_cpp/niryo_robot_msgs/msg/detail/bus_state__type_support.cpp.o[0m
[15.843s] [ 76%] [32mBuilding CXX object CMakeFiles/niryo_robot_msgs__rosidl_typesupport_introspection_cpp.dir/rosidl_typesupport_introspection_cpp/niryo_robot_msgs/msg/detail/command_status__type_support.cpp.o[0m
[15.966s] [ 76%] [32mBuilding CXX object CMakeFiles/niryo_robot_msgs__rosidl_typesupport_fastrtps_c.dir/rosidl_typesupport_fastrtps_c/niryo_robot_msgs/srv/detail/trigger__type_support_c.cpp.o[0m
[16.059s] [ 77%] [32mBuilding CXX object CMakeFiles/niryo_robot_msgs__rosidl_typesupport_fastrtps_cpp.dir/rosidl_typesupport_fastrtps_cpp/niryo_robot_msgs/srv/detail/dds_fastrtps/set_string__type_support.cpp.o[0m
[16.091s] [ 78%] [32mBuilding CXX object CMakeFiles/niryo_robot_msgs__rosidl_typesupport_introspection_cpp.dir/rosidl_typesupport_introspection_cpp/niryo_robot_msgs/msg/detail/hardware_status__type_support.cpp.o[0m
[16.169s] [ 78%] [32mBuilding CXX object CMakeFiles/niryo_robot_msgs__rosidl_typesupport_introspection_cpp.dir/rosidl_typesupport_introspection_cpp/niryo_robot_msgs/msg/detail/motor_header__type_support.cpp.o[0m
[16.370s] [ 79%] [32m[1mLinking CXX shared library libniryo_robot_msgs__rosidl_typesupport_fastrtps_c.so[0m
[16.393s] [ 79%] [32mBuilding CXX object CMakeFiles/niryo_robot_msgs__rosidl_typesupport_fastrtps_cpp.dir/rosidl_typesupport_fastrtps_cpp/niryo_robot_msgs/srv/detail/dds_fastrtps/trigger__type_support.cpp.o[0m
[16.408s] [ 79%] [32mBuilding CXX object CMakeFiles/niryo_robot_msgs__rosidl_typesupport_introspection_cpp.dir/rosidl_typesupport_introspection_cpp/niryo_robot_msgs/msg/detail/object_pose__type_support.cpp.o[0m
[16.465s] [ 79%] Built target niryo_robot_msgs__rosidl_typesupport_fastrtps_c
[16.484s] [ 80%] [32mBuilding CXX object CMakeFiles/niryo_robot_msgs__rosidl_typesupport_introspection_cpp.dir/rosidl_typesupport_introspection_cpp/niryo_robot_msgs/msg/detail/rpy__type_support.cpp.o[0m
[16.523s] [ 80%] [32mBuilding CXX object CMakeFiles/niryo_robot_msgs__rosidl_typesupport_introspection_cpp.dir/rosidl_typesupport_introspection_cpp/niryo_robot_msgs/msg/detail/robot_state__type_support.cpp.o[0m
[16.690s] [ 81%] [32mBuilding CXX object CMakeFiles/niryo_robot_msgs__rosidl_typesupport_introspection_cpp.dir/rosidl_typesupport_introspection_cpp/niryo_robot_msgs/msg/detail/software_version__type_support.cpp.o[0m
[16.724s] [ 81%] [32mBuilding CXX object CMakeFiles/niryo_robot_msgs__rosidl_typesupport_introspection_cpp.dir/rosidl_typesupport_introspection_cpp/niryo_robot_msgs/srv/detail/advertise_shutdown__type_support.cpp.o[0m
[16.781s] [ 81%] [32mBuilding CXX object CMakeFiles/niryo_robot_msgs__rosidl_typesupport_introspection_cpp.dir/rosidl_typesupport_introspection_cpp/niryo_robot_msgs/srv/detail/get_bool__type_support.cpp.o[0m
[16.836s] [ 82%] [32m[1mLinking CXX shared library libniryo_robot_msgs__rosidl_typesupport_fastrtps_cpp.so[0m
[16.963s] [ 82%] Built target niryo_robot_msgs__rosidl_typesupport_fastrtps_cpp
[16.980s] [ 83%] [32mBuilding CXX object CMakeFiles/niryo_robot_msgs__rosidl_typesupport_introspection_cpp.dir/rosidl_typesupport_introspection_cpp/niryo_robot_msgs/srv/detail/get_int__type_support.cpp.o[0m
[16.980s] [ 83%] [32mBuilding CXX object CMakeFiles/niryo_robot_msgs__rosidl_typesupport_introspection_cpp.dir/rosidl_typesupport_introspection_cpp/niryo_robot_msgs/srv/detail/get_name_description_list__type_support.cpp.o[0m
[17.051s] [ 83%] [32mBuilding CXX object CMakeFiles/niryo_robot_msgs__rosidl_typesupport_introspection_cpp.dir/rosidl_typesupport_introspection_cpp/niryo_robot_msgs/srv/detail/get_string__type_support.cpp.o[0m
[17.090s] [ 84%] [32mBuilding CXX object CMakeFiles/niryo_robot_msgs__rosidl_typesupport_introspection_cpp.dir/rosidl_typesupport_introspection_cpp/niryo_robot_msgs/srv/detail/get_string_list__type_support.cpp.o[0m
[17.286s] [ 84%] [32mBuilding CXX object CMakeFiles/niryo_robot_msgs__rosidl_typesupport_introspection_cpp.dir/rosidl_typesupport_introspection_cpp/niryo_robot_msgs/srv/detail/ping__type_support.cpp.o[0m
[17.353s] [ 85%] [32mBuilding CXX object CMakeFiles/niryo_robot_msgs__rosidl_typesupport_introspection_cpp.dir/rosidl_typesupport_introspection_cpp/niryo_robot_msgs/srv/detail/set_bool__type_support.cpp.o[0m
[17.421s] [ 85%] [32mBuilding CXX object CMakeFiles/niryo_robot_msgs__rosidl_typesupport_introspection_cpp.dir/rosidl_typesupport_introspection_cpp/niryo_robot_msgs/srv/detail/get_float_list__type_support.cpp.o[0m
[17.455s] [ 85%] [32mBuilding CXX object CMakeFiles/niryo_robot_msgs__rosidl_typesupport_introspection_cpp.dir/rosidl_typesupport_introspection_cpp/niryo_robot_msgs/srv/detail/set_float_list__type_support.cpp.o[0m
[17.609s] [ 86%] [32mBuilding CXX object CMakeFiles/niryo_robot_msgs__rosidl_typesupport_introspection_cpp.dir/rosidl_typesupport_introspection_cpp/niryo_robot_msgs/srv/detail/set_float__type_support.cpp.o[0m
[17.658s] [ 86%] [32mBuilding CXX object CMakeFiles/niryo_robot_msgs__rosidl_typesupport_introspection_cpp.dir/rosidl_typesupport_introspection_cpp/niryo_robot_msgs/srv/detail/set_int__type_support.cpp.o[0m
[17.804s] [ 86%] [32mBuilding CXX object CMakeFiles/niryo_robot_msgs__rosidl_typesupport_introspection_cpp.dir/rosidl_typesupport_introspection_cpp/niryo_robot_msgs/srv/detail/set_string__type_support.cpp.o[0m
[17.846s] [ 87%] [32mBuilding CXX object CMakeFiles/niryo_robot_msgs__rosidl_typesupport_introspection_cpp.dir/rosidl_typesupport_introspection_cpp/niryo_robot_msgs/srv/detail/trigger__type_support.cpp.o[0m
[18.184s] [ 87%] [32m[1mLinking CXX shared library libniryo_robot_msgs__rosidl_typesupport_introspection_cpp.so[0m
[18.308s] [ 87%] Built target niryo_robot_msgs__rosidl_typesupport_introspection_cpp
[18.378s] [ 87%] Built target niryo_robot_msgs
[18.427s] [ 87%] [34m[1mGenerating Python code for ROS interfaces[0m
[21.029s] [ 87%] Built target niryo_robot_msgs__py
[21.074s] [ 88%] [32mBuilding C object CMakeFiles/niryo_robot_msgs__rosidl_generator_py.dir/rosidl_generator_py/niryo_robot_msgs/msg/_basic_object_s.c.o[0m
[21.074s] [ 88%] [32mBuilding C object CMakeFiles/niryo_robot_msgs__rosidl_generator_py.dir/rosidl_generator_py/niryo_robot_msgs/msg/_basic_object_array_s.c.o[0m
[21.075s] [ 89%] [32mBuilding C object CMakeFiles/niryo_robot_msgs__rosidl_generator_py.dir/rosidl_generator_py/niryo_robot_msgs/msg/_command_status_s.c.o[0m
[21.076s] [ 89%] [32mBuilding C object CMakeFiles/niryo_robot_msgs__rosidl_generator_py.dir/rosidl_generator_py/niryo_robot_msgs/msg/_bus_state_s.c.o[0m
[21.217s] [ 89%] [32mBuilding C object CMakeFiles/niryo_robot_msgs__rosidl_generator_py.dir/rosidl_generator_py/niryo_robot_msgs/msg/_object_pose_s.c.o[0m
[21.218s] [ 89%] [32mBuilding C object CMakeFiles/niryo_robot_msgs__rosidl_generator_py.dir/rosidl_generator_py/niryo_robot_msgs/msg/_rpy_s.c.o[0m
[21.221s] [ 90%] [32mBuilding C object CMakeFiles/niryo_robot_msgs__rosidl_generator_py.dir/rosidl_generator_py/niryo_robot_msgs/msg/_motor_header_s.c.o[0m
[21.222s] [ 90%] [32mBuilding C object CMakeFiles/niryo_robot_msgs__rosidl_generator_py.dir/rosidl_generator_py/niryo_robot_msgs/msg/_hardware_status_s.c.o[0m
[21.344s] [ 91%] [32mBuilding C object CMakeFiles/niryo_robot_msgs__rosidl_generator_py.dir/rosidl_generator_py/niryo_robot_msgs/msg/_robot_state_s.c.o[0m
[21.364s] [ 91%] [32mBuilding C object CMakeFiles/niryo_robot_msgs__rosidl_generator_py.dir/rosidl_generator_py/niryo_robot_msgs/msg/_software_version_s.c.o[0m
[21.372s] [ 91%] [32mBuilding C object CMakeFiles/niryo_robot_msgs__rosidl_generator_py.dir/rosidl_generator_py/niryo_robot_msgs/srv/_advertise_shutdown_s.c.o[0m
[21.384s] [ 92%] [32mBuilding C object CMakeFiles/niryo_robot_msgs__rosidl_generator_py.dir/rosidl_generator_py/niryo_robot_msgs/srv/_get_bool_s.c.o[0m
[21.503s] [ 93%] [32mBuilding C object CMakeFiles/niryo_robot_msgs__rosidl_generator_py.dir/rosidl_generator_py/niryo_robot_msgs/srv/_get_name_description_list_s.c.o[0m
[21.508s] [ 93%] [32mBuilding C object CMakeFiles/niryo_robot_msgs__rosidl_generator_py.dir/rosidl_generator_py/niryo_robot_msgs/srv/_get_int_s.c.o[0m
[21.519s] [ 93%] [32mBuilding C object CMakeFiles/niryo_robot_msgs__rosidl_generator_py.dir/rosidl_generator_py/niryo_robot_msgs/srv/_get_string_s.c.o[0m
[21.543s] [ 93%] [32mBuilding C object CMakeFiles/niryo_robot_msgs__rosidl_generator_py.dir/rosidl_generator_py/niryo_robot_msgs/srv/_get_string_list_s.c.o[0m
[21.649s] [ 94%] [32mBuilding C object CMakeFiles/niryo_robot_msgs__rosidl_generator_py.dir/rosidl_generator_py/niryo_robot_msgs/srv/_ping_s.c.o[0m
[21.661s] [ 94%] [32mBuilding C object CMakeFiles/niryo_robot_msgs__rosidl_generator_py.dir/rosidl_generator_py/niryo_robot_msgs/srv/_set_bool_s.c.o[0m
[21.661s] [ 94%] [32mBuilding C object CMakeFiles/niryo_robot_msgs__rosidl_generator_py.dir/rosidl_generator_py/niryo_robot_msgs/srv/_get_float_list_s.c.o[0m
[21.677s] [ 95%] [32mBuilding C object CMakeFiles/niryo_robot_msgs__rosidl_generator_py.dir/rosidl_generator_py/niryo_robot_msgs/srv/_set_float_list_s.c.o[0m
[21.782s] [ 95%] [32mBuilding C object CMakeFiles/niryo_robot_msgs__rosidl_generator_py.dir/rosidl_generator_py/niryo_robot_msgs/srv/_set_float_s.c.o[0m
[21.806s] [ 96%] [32mBuilding C object CMakeFiles/niryo_robot_msgs__rosidl_generator_py.dir/rosidl_generator_py/niryo_robot_msgs/srv/_set_int_s.c.o[0m
[21.808s] [ 96%] [32mBuilding C object CMakeFiles/niryo_robot_msgs__rosidl_generator_py.dir/rosidl_generator_py/niryo_robot_msgs/srv/_set_string_s.c.o[0m
[21.813s] [ 96%] [32mBuilding C object CMakeFiles/niryo_robot_msgs__rosidl_generator_py.dir/rosidl_generator_py/niryo_robot_msgs/srv/_trigger_s.c.o[0m
[21.963s] [ 97%] [32m[1mLinking C shared library libniryo_robot_msgs__rosidl_generator_py.so[0m
[22.049s] [ 97%] Built target niryo_robot_msgs__rosidl_generator_py
[22.090s] [ 97%] [32mBuilding C object CMakeFiles/niryo_robot_msgs_s__rosidl_typesupport_introspection_c.dir/rosidl_generator_py/niryo_robot_msgs/_niryo_robot_msgs_s.ep.rosidl_typesupport_introspection_c.c.o[0m
[22.091s] [ 97%] [32mBuilding C object CMakeFiles/niryo_robot_msgs_s__rosidl_typesupport_fastrtps_c.dir/rosidl_generator_py/niryo_robot_msgs/_niryo_robot_msgs_s.ep.rosidl_typesupport_fastrtps_c.c.o[0m
[22.092s] [ 98%] [32mBuilding C object CMakeFiles/niryo_robot_msgs_s__rosidl_typesupport_c.dir/rosidl_generator_py/niryo_robot_msgs/_niryo_robot_msgs_s.ep.rosidl_typesupport_c.c.o[0m
[22.311s] [ 98%] [32m[1mLinking C shared module rosidl_generator_py/niryo_robot_msgs/niryo_robot_msgs_s__rosidl_typesupport_c.so[0m
[22.311s] [ 99%] [32m[1mLinking C shared module rosidl_generator_py/niryo_robot_msgs/niryo_robot_msgs_s__rosidl_typesupport_introspection_c.so[0m
[22.313s] [100%] [32m[1mLinking C shared module rosidl_generator_py/niryo_robot_msgs/niryo_robot_msgs_s__rosidl_typesupport_fastrtps_c.so[0m
[22.364s] [100%] Built target niryo_robot_msgs_s__rosidl_typesupport_c
[22.364s] [100%] Built target niryo_robot_msgs_s__rosidl_typesupport_introspection_c
[22.366s] [100%] Built target niryo_robot_msgs_s__rosidl_typesupport_fastrtps_c
