[0.053s] Invoking command in '/home/leah/ros2_jazzy_ned2/build/mcp_can_rpi': DEBUGINFOD_URLS=https://debuginfod.ubuntu.com /usr/bin/cmake /home/leah/ros2_jazzy_ned2/src/ned_ros/niryo_robot_hardware_stack/mcp_can_rpi -DCATKIN_INSTALL_INTO_PREFIX_ROOT=0 -DCATKIN_SYMLINK_INSTALL=ON -DCMAKE_INSTALL_PREFIX=/home/leah/ros2_jazzy_ned2/install/mcp_can_rpi
[0.075s] -- 
[0.075s] ## Reading mcp_can_rpi/CMakeLists.txt...
[0.156s] -- Found ament_cmake: 2.5.2 (/home/leah/ros2_jazzy/install/ament_cmake/share/ament_cmake/cmake)
[0.599s] -- Found Python3: /usr/bin/python3 (found version "3.12.3") found components: Interpreter 
[1.043s] -- Found rclcpp: 28.1.5 (/home/leah/ros2_jazzy/install/rclcpp/share/rclcpp/cmake)
[1.199s] -- Found rosidl_generator_c: 4.6.4 (/home/leah/ros2_jazzy/install/rosidl_generator_c/share/rosidl_generator_c/cmake)
[1.245s] -- Found rosidl_generator_cpp: 4.6.4 (/home/leah/ros2_jazzy/install/rosidl_generator_cpp/share/rosidl_generator_cpp/cmake)
[1.314s] -- Using all available rosidl_typesupport_c: rosidl_typesupport_introspection_c;rosidl_typesupport_fastrtps_c
[1.388s] -- Using all available rosidl_typesupport_cpp: rosidl_typesupport_introspection_cpp;rosidl_typesupport_fastrtps_cpp
[1.583s] -- Found rmw_implementation_cmake: 7.3.1 (/home/leah/ros2_jazzy/install/rmw_implementation_cmake/share/rmw_implementation_cmake/cmake)
[1.614s] -- Found rmw_fastrtps_cpp: 8.4.1 (/home/leah/ros2_jazzy/install/rmw_fastrtps_cpp/share/rmw_fastrtps_cpp/cmake)
[1.831s] -- Found OpenSSL: /usr/lib/x86_64-linux-gnu/libcrypto.so (found version "3.0.13")  
[1.858s] -- Found FastRTPS: /home/leah/ros2_jazzy/install/fastrtps/include (Required is at least version "2.13") 
[1.901s] -- Using RMW implementation 'rmw_fastrtps_cpp' as default
[2.027s] -- wiringPi library not required
[2.046s] -- Found ament_lint_auto: 0.17.1 (/home/leah/ros2_jazzy/install/ament_lint_auto/share/ament_lint_auto/cmake)
[2.281s] -- Configuring done (2.2s)
[2.290s] -- Generating done (0.0s)
[2.291s] -- Build files have been written to: /home/leah/ros2_jazzy_ned2/build/mcp_can_rpi
