[0.034s] Invoking command in '/home/leah/ros2_jazzy_ned2/build/dynamixel_sdk': CMAKE_PREFIX_PATH=/home/leah/ros2_jazzy_ned2/install/serial:${CMAKE_PREFIX_PATH} DEBUGINFOD_URLS=https://debuginfod.ubuntu.com PKG_CONFIG_PATH=/home/leah/ros2_jazzy_ned2/install/serial/lib/x86_64-linux-gnu/pkgconfig:/home/leah/ros2_jazzy_ned2/install/serial/lib/pkgconfig:${PKG_CONFIG_PATH} ROS_PACKAGE_PATH=/home/leah/ros2_jazzy_ned2/install/serial/share /usr/bin/cmake --build /home/leah/ros2_jazzy_ned2/build/dynamixel_sdk -- -j4 -l4
[0.141s] [100%] Built target dynamixel_sdk
[0.162s] Invoked command in '/home/leah/ros2_jazzy_ned2/build/dynamixel_sdk' returned '0': CMAKE_PREFIX_PATH=/home/leah/ros2_jazzy_ned2/install/serial:${CMAKE_PREFIX_PATH} DEBUGINFOD_URLS=https://debuginfod.ubuntu.com PKG_CONFIG_PATH=/home/leah/ros2_jazzy_ned2/install/serial/lib/x86_64-linux-gnu/pkgconfig:/home/leah/ros2_jazzy_ned2/install/serial/lib/pkgconfig:${PKG_CONFIG_PATH} ROS_PACKAGE_PATH=/home/leah/ros2_jazzy_ned2/install/serial/share /usr/bin/cmake --build /home/leah/ros2_jazzy_ned2/build/dynamixel_sdk -- -j4 -l4
[0.428s] Invoking command in '/home/leah/ros2_jazzy_ned2/build/dynamixel_sdk': CMAKE_PREFIX_PATH=/home/leah/ros2_jazzy_ned2/install/serial:${CMAKE_PREFIX_PATH} DEBUGINFOD_URLS=https://debuginfod.ubuntu.com PKG_CONFIG_PATH=/home/leah/ros2_jazzy_ned2/install/serial/lib/x86_64-linux-gnu/pkgconfig:/home/leah/ros2_jazzy_ned2/install/serial/lib/pkgconfig:${PKG_CONFIG_PATH} ROS_PACKAGE_PATH=/home/leah/ros2_jazzy_ned2/install/serial/share /usr/bin/cmake --install /home/leah/ros2_jazzy_ned2/build/dynamixel_sdk
[0.455s] -- Install configuration: ""
[0.456s] -- Installing: /home/leah/ros2_jazzy_ned2/install/dynamixel_sdk/lib/libdynamixel_sdk.a
[0.457s] -- Installing: /home/leah/ros2_jazzy_ned2/install/dynamixel_sdk/include/dynamixel_sdk
[0.457s] -- Installing: /home/leah/ros2_jazzy_ned2/install/dynamixel_sdk/include/dynamixel_sdk/port_handler_linux.h
[0.458s] -- Installing: /home/leah/ros2_jazzy_ned2/install/dynamixel_sdk/include/dynamixel_sdk/protocol2_packet_handler.h
[0.458s] -- Installing: /home/leah/ros2_jazzy_ned2/install/dynamixel_sdk/include/dynamixel_sdk/port_handler.h
[0.458s] -- Installing: /home/leah/ros2_jazzy_ned2/install/dynamixel_sdk/include/dynamixel_sdk/group_bulk_read.h
[0.458s] -- Installing: /home/leah/ros2_jazzy_ned2/install/dynamixel_sdk/include/dynamixel_sdk/group_bulk_write.h
[0.458s] -- Installing: /home/leah/ros2_jazzy_ned2/install/dynamixel_sdk/include/dynamixel_sdk/packet_handler.h
[0.458s] -- Installing: /home/leah/ros2_jazzy_ned2/install/dynamixel_sdk/include/dynamixel_sdk/group_sync_write.h
[0.459s] -- Installing: /home/leah/ros2_jazzy_ned2/install/dynamixel_sdk/include/dynamixel_sdk/port_handler_windows.h
[0.459s] -- Installing: /home/leah/ros2_jazzy_ned2/install/dynamixel_sdk/include/dynamixel_sdk/port_handler_mac.h
[0.459s] -- Installing: /home/leah/ros2_jazzy_ned2/install/dynamixel_sdk/include/dynamixel_sdk/protocol1_packet_handler.h
[0.459s] -- Installing: /home/leah/ros2_jazzy_ned2/install/dynamixel_sdk/include/dynamixel_sdk/group_sync_read.h
[0.459s] -- Installing: /home/leah/ros2_jazzy_ned2/install/dynamixel_sdk/include/dynamixel_sdk/port_handler_arduino.h
[0.459s] -- Installing: /home/leah/ros2_jazzy_ned2/install/dynamixel_sdk/include/dynamixel_sdk/dynamixel_sdk.h
[0.460s] -- Installing: /home/leah/ros2_jazzy_ned2/install/dynamixel_sdk/share/ament_index/resource_index/package_run_dependencies/dynamixel_sdk
[0.463s] -- Installing: /home/leah/ros2_jazzy_ned2/install/dynamixel_sdk/share/ament_index/resource_index/parent_prefix_path/dynamixel_sdk
[0.463s] -- Installing: /home/leah/ros2_jazzy_ned2/install/dynamixel_sdk/share/dynamixel_sdk/environment/ament_prefix_path.sh
[0.463s] -- Installing: /home/leah/ros2_jazzy_ned2/install/dynamixel_sdk/share/dynamixel_sdk/environment/ament_prefix_path.dsv
[0.463s] -- Installing: /home/leah/ros2_jazzy_ned2/install/dynamixel_sdk/share/dynamixel_sdk/environment/path.sh
[0.463s] -- Installing: /home/leah/ros2_jazzy_ned2/install/dynamixel_sdk/share/dynamixel_sdk/environment/path.dsv
[0.463s] -- Installing: /home/leah/ros2_jazzy_ned2/install/dynamixel_sdk/share/dynamixel_sdk/local_setup.bash
[0.463s] -- Installing: /home/leah/ros2_jazzy_ned2/install/dynamixel_sdk/share/dynamixel_sdk/local_setup.sh
[0.463s] -- Installing: /home/leah/ros2_jazzy_ned2/install/dynamixel_sdk/share/dynamixel_sdk/local_setup.zsh
[0.463s] -- Installing: /home/leah/ros2_jazzy_ned2/install/dynamixel_sdk/share/dynamixel_sdk/local_setup.dsv
[0.463s] -- Installing: /home/leah/ros2_jazzy_ned2/install/dynamixel_sdk/share/dynamixel_sdk/package.dsv
[0.463s] -- Installing: /home/leah/ros2_jazzy_ned2/install/dynamixel_sdk/share/ament_index/resource_index/packages/dynamixel_sdk
[0.463s] -- Installing: /home/leah/ros2_jazzy_ned2/install/dynamixel_sdk/share/dynamixel_sdk/cmake/export_dynamixel_sdkExport.cmake
[0.463s] -- Installing: /home/leah/ros2_jazzy_ned2/install/dynamixel_sdk/share/dynamixel_sdk/cmake/export_dynamixel_sdkExport-noconfig.cmake
[0.463s] -- Installing: /home/leah/ros2_jazzy_ned2/install/dynamixel_sdk/share/dynamixel_sdk/cmake/ament_cmake_export_targets-extras.cmake
[0.463s] -- Installing: /home/leah/ros2_jazzy_ned2/install/dynamixel_sdk/share/dynamixel_sdk/cmake/ament_cmake_export_dependencies-extras.cmake
[0.463s] -- Installing: /home/leah/ros2_jazzy_ned2/install/dynamixel_sdk/share/dynamixel_sdk/cmake/dynamixel_sdkConfig.cmake
[0.465s] -- Installing: /home/leah/ros2_jazzy_ned2/install/dynamixel_sdk/share/dynamixel_sdk/cmake/dynamixel_sdkConfig-version.cmake
[0.466s] -- Installing: /home/leah/ros2_jazzy_ned2/install/dynamixel_sdk/share/dynamixel_sdk/package.xml
[0.467s] Invoked command in '/home/leah/ros2_jazzy_ned2/build/dynamixel_sdk' returned '0': CMAKE_PREFIX_PATH=/home/leah/ros2_jazzy_ned2/install/serial:${CMAKE_PREFIX_PATH} DEBUGINFOD_URLS=https://debuginfod.ubuntu.com PKG_CONFIG_PATH=/home/leah/ros2_jazzy_ned2/install/serial/lib/x86_64-linux-gnu/pkgconfig:/home/leah/ros2_jazzy_ned2/install/serial/lib/pkgconfig:${PKG_CONFIG_PATH} ROS_PACKAGE_PATH=/home/leah/ros2_jazzy_ned2/install/serial/share /usr/bin/cmake --install /home/leah/ros2_jazzy_ned2/build/dynamixel_sdk
