[0.084s] Invoking command in '/home/leah/ros2_jazzy_ned2/build/niryo_robot_msgs': DEBUGINFOD_URLS=https://debuginfod.ubuntu.com /usr/bin/cmake --build /home/leah/ros2_jazzy_ned2/build/niryo_robot_msgs -- -j4 -l4
[0.246s] [  0%] Built target niryo_robot_msgs__rosidl_generator_type_description
[0.294s] [  0%] Built target ament_cmake_python_copy_niryo_robot_msgs
[0.322s] [  0%] Built target niryo_robot_msgs__cpp
[0.335s] [ 28%] Built target niryo_robot_msgs__rosidl_generator_c
[0.423s] [ 38%] Built target niryo_robot_msgs__rosidl_typesupport_cpp
[0.432s] [ 48%] Built target niryo_robot_msgs__rosidl_typesupport_fastrtps_c
[0.454s] [ 58%] Built target niryo_robot_msgs__rosidl_typesupport_fastrtps_cpp
[0.495s] [ 67%] Built target niryo_robot_msgs__rosidl_typesupport_introspection_c
[0.523s] [ 77%] Built target niryo_robot_msgs__rosidl_typesupport_introspection_cpp
[0.537s] [ 87%] Built target niryo_robot_msgs__rosidl_typesupport_c
[0.620s] [ 87%] Built target niryo_robot_msgs
[0.648s] running egg_info
[0.669s] writing niryo_robot_msgs.egg-info/PKG-INFO
[0.669s] writing dependency_links to niryo_robot_msgs.egg-info/dependency_links.txt
[0.669s] writing top-level names to niryo_robot_msgs.egg-info/top_level.txt
[0.675s] [ 87%] Built target niryo_robot_msgs__py
[0.738s] reading manifest file 'niryo_robot_msgs.egg-info/SOURCES.txt'
[0.739s] [ 97%] Built target niryo_robot_msgs__rosidl_generator_py
[0.742s] writing manifest file 'niryo_robot_msgs.egg-info/SOURCES.txt'
[0.788s] [ 97%] Built target ament_cmake_python_build_niryo_robot_msgs_egg
[0.809s] [ 98%] Built target niryo_robot_msgs_s__rosidl_typesupport_fastrtps_c
[0.815s] [ 99%] Built target niryo_robot_msgs_s__rosidl_typesupport_c
[0.816s] [100%] Built target niryo_robot_msgs_s__rosidl_typesupport_introspection_c
[0.835s] Invoked command in '/home/leah/ros2_jazzy_ned2/build/niryo_robot_msgs' returned '0': DEBUGINFOD_URLS=https://debuginfod.ubuntu.com /usr/bin/cmake --build /home/leah/ros2_jazzy_ned2/build/niryo_robot_msgs -- -j4 -l4
