-- 
## Reading dynamixel_sdk/CMakeLists.txt...
-- Serial include directory: 
-- Found ament_cmake: 2.5.2 (/home/leah/ros2_jazzy/install/ament_cmake/share/ament_cmake/cmake)
-- Found serial: 1.2.1 (/home/leah/ros2_jazzy_ned2/install/serial/share/serial/cmake)
-- Serial package found
-- Found ament_lint_auto: 0.17.1 (/home/leah/ros2_jazzy/install/ament_lint_auto/share/ament_lint_auto/cmake)
-- Configuring done (0.7s)
-- Generating done (0.0s)
-- Build files have been written to: /home/leah/ros2_jazzy_ned2/build/dynamixel_sdk
[ 10%] [32mBuilding CXX object CMakeFiles/dynamixel_sdk.dir/src/group_bulk_write.cpp.o[0m
[ 20%] [32mBuilding CXX object CMakeFiles/dynamixel_sdk.dir/src/group_sync_read.cpp.o[0m
[ 30%] [32mBuilding CXX object CMakeFiles/dynamixel_sdk.dir/src/group_bulk_read.cpp.o[0m
[ 40%] [32mBuilding CXX object CMakeFiles/dynamixel_sdk.dir/src/group_sync_write.cpp.o[0m
[ 50%] [32mBuilding CXX object CMakeFiles/dynamixel_sdk.dir/src/packet_handler.cpp.o[0m
[ 60%] [32mBuilding CXX object CMakeFiles/dynamixel_sdk.dir/src/port_handler.cpp.o[0m
[ 70%] [32mBuilding CXX object CMakeFiles/dynamixel_sdk.dir/src/port_handler_linux.cpp.o[0m
[ 80%] [32mBuilding CXX object CMakeFiles/dynamixel_sdk.dir/src/protocol1_packet_handler.cpp.o[0m
[ 90%] [32mBuilding CXX object CMakeFiles/dynamixel_sdk.dir/src/protocol2_packet_handler.cpp.o[0m
[100%] [32m[1mLinking CXX static library libdynamixel_sdk.a[0m
[100%] Built target dynamixel_sdk
