[0.035s] Invoking command in '/home/leah/ros2_jazzy_ned2/build/dynamixel_sdk': CMAKE_PREFIX_PATH=/home/leah/ros2_jazzy_ned2/install/serial:${CMAKE_PREFIX_PATH} DEBUGINFOD_URLS=https://debuginfod.ubuntu.com PKG_CONFIG_PATH=/home/leah/ros2_jazzy_ned2/install/serial/lib/x86_64-linux-gnu/pkgconfig:/home/leah/ros2_jazzy_ned2/install/serial/lib/pkgconfig:${PKG_CONFIG_PATH} ROS_PACKAGE_PATH=/home/leah/ros2_jazzy_ned2/install/serial/share /usr/bin/cmake --build /home/leah/ros2_jazzy_ned2/build/dynamixel_sdk -- -j4 -l4
[0.080s] -- 
[0.080s] ## Reading dynamixel_sdk/CMakeLists.txt...
[0.080s] -- Serial include directory: 
[0.086s] -- Found ament_cmake: 2.5.2 (/home/leah/ros2_jazzy/install/ament_cmake/share/ament_cmake/cmake)
[0.555s] -- Found serial: 1.2.1 (/home/leah/ros2_jazzy_ned2/install/serial/share/serial/cmake)
[0.555s] -- Serial package found
[0.572s] -- Found ament_lint_auto: 0.17.1 (/home/leah/ros2_jazzy/install/ament_lint_auto/share/ament_lint_auto/cmake)
[0.796s] -- Configuring done (0.7s)
[0.805s] -- Generating done (0.0s)
[0.808s] -- Build files have been written to: /home/leah/ros2_jazzy_ned2/build/dynamixel_sdk
[0.892s] [ 10%] [32mBuilding CXX object CMakeFiles/dynamixel_sdk.dir/src/group_bulk_write.cpp.o[0m
[0.897s] [ 20%] [32mBuilding CXX object CMakeFiles/dynamixel_sdk.dir/src/group_sync_read.cpp.o[0m
[0.897s] [ 30%] [32mBuilding CXX object CMakeFiles/dynamixel_sdk.dir/src/group_bulk_read.cpp.o[0m
[0.913s] [ 40%] [32mBuilding CXX object CMakeFiles/dynamixel_sdk.dir/src/group_sync_write.cpp.o[0m
[1.312s] [ 50%] [32mBuilding CXX object CMakeFiles/dynamixel_sdk.dir/src/packet_handler.cpp.o[0m
[1.321s] [ 60%] [32mBuilding CXX object CMakeFiles/dynamixel_sdk.dir/src/port_handler.cpp.o[0m
[1.359s] [ 70%] [32mBuilding CXX object CMakeFiles/dynamixel_sdk.dir/src/port_handler_linux.cpp.o[0m
[1.390s] [ 80%] [32mBuilding CXX object CMakeFiles/dynamixel_sdk.dir/src/protocol1_packet_handler.cpp.o[0m
[1.480s] [ 90%] [32mBuilding CXX object CMakeFiles/dynamixel_sdk.dir/src/protocol2_packet_handler.cpp.o[0m
[1.534s] [01m[K/home/leah/ros2_jazzy_ned2/src/ned_ros/niryo_robot_hardware_stack/dynamixel_sdk/src/port_handler_linux.cpp:78:17:[m[K [01;36m[Knote: [m[K‘[01m[K#pragma message: Ned 2 compilation[m[K’
[1.534s]    78 | #pragma message [01;36m[K"Ned 2 compilation"[m[K
[1.534s]       |                 [01;36m[K^~~~~~~~~~~~~~~~~~~[m[K
[1.698s] [100%] [32m[1mLinking CXX static library libdynamixel_sdk.a[0m
[1.803s] [100%] Built target dynamixel_sdk
